<?xml version="1.0" encoding="utf-8"?><testsuites name="pytest tests"><testsuite name="pytest" errors="0" failures="1" skipped="0" tests="11" time="2.441" timestamp="2026-07-16T02:35:52.543829+00:00" hostname="agent-env-d1dfed1a-214d-43b3-ad1c-27a56ad52812"><testcase classname="tests.backend_test.TestPublicBooking" name="test_public_salon_no_auth" time="0.354" /><testcase classname="tests.backend_test.TestAuth" name="test_login_success" time="0.352" /><testcase classname="tests.backend_test.TestPublicBooking" name="test_public_services_no_auth" time="0.104" /><testcase classname="tests.backend_test.TestAuth" name="test_login_wrong_password" time="0.340" /><testcase classname="tests.backend_test.TestPublicBooking" name="test_public_staff_no_auth" time="0.238" /><testcase classname="tests.backend_test.TestPublicBooking" name="test_public_book_creates_appointment_and_customer" time="0.383"><failure message="AssertionError: {&quot;detail&quot;:[{&quot;type&quot;:&quot;value_error&quot;,&quot;loc&quot;:[&quot;body&quot;,&quot;customer_name&quot;],&quot;msg&quot;:&quot;Value error, Name should contain only letters&quot;,&quot;input&quot;:&quot;TEST_PublicBook&quot;,&quot;ctx&quot;:{&quot;error&quot;:{}},&quot;url&quot;:&quot;https://errors.pydantic.dev/2.13/v/value_error&quot;}]}&#10;assert 422 == 200&#10; +  where 422 = &lt;Response [422]&gt;.status_code">E   AssertionError: {"detail":[{"type":"value_error","loc":["body","customer_name"],"msg":"Value error, Name should contain only letters","input":"TEST_PublicBook","ctx":{"error":{}},"url":"https://errors.pydantic.dev/2.13/v/value_error"}]}
    assert 422 == 200
     +  where 422 = &lt;Response [422]&gt;.status_code</failure></testcase><testcase classname="tests.backend_test.TestAuth" name="test_me_with_bearer" time="0.313" /><testcase classname="tests.backend_test.TestAuth" name="test_me_unauthed" time="0.142" /><testcase classname="tests.backend_test.TestIter3Validation" name="test_past_scheduled_at_rejected" time="0.218" /><testcase classname="tests.backend_test.TestIter3Validation" name="test_business_hours_22_ist_rejected" time="0.210" /><testcase classname="tests.backend_test.TestIter3Validation" name="test_invalid_phone_rejected" time="0.215" /></testsuite></testsuites>