<?xml version="1.0" encoding="utf-8"?><testsuites name="pytest tests"><testsuite name="pytest" errors="0" failures="0" skipped="0" tests="14" time="2.342" timestamp="2026-07-03T09:11:48.284652+00:00" hostname="agent-env-d1dfed1a-214d-43b3-ad1c-27a56ad52812"><testcase classname="tests.test_branches_branding.TestBranchesCRUD" name="test_list_branches" time="0.581" /><testcase classname="tests.test_branches_branding.TestRBAC" name="test_manager_cannot_list_branches" time="0.626" /><testcase classname="tests.test_branches_branding.TestBranchesCRUD" name="test_create_branch_and_verify_persistence" time="0.092" /><testcase classname="tests.test_branches_branding.TestRBAC" name="test_manager_cannot_add_branch" time="0.098" /><testcase classname="tests.test_branches_branding.TestBranchesCRUD" name="test_update_branch" time="0.093" /><testcase classname="tests.test_branches_branding.TestRBAC" name="test_manager_cannot_generate_logo" time="0.047" /><testcase classname="tests.test_branches_branding.TestBranchesCRUD" name="test_validation_short_name" time="0.086" /><testcase classname="tests.test_branches_branding.TestRBAC" name="test_manager_cannot_apply_logo" time="0.045" /><testcase classname="tests.test_branches_branding.TestBranchesCRUD" name="test_validation_short_address" time="0.046" /><testcase classname="tests.test_branches_branding.TestBranchesCRUD" name="test_update_nonexistent_branch" time="0.264" /><testcase classname="tests.test_branches_branding.TestBranchesCRUD" name="test_delete_branch" time="0.489" /><testcase classname="tests.test_branches_branding.TestBrandingApply" name="test_invalid_logo_url_rejected" time="0.429" /><testcase classname="tests.test_branches_branding.TestBrandingApply" name="test_remove_then_reapply_logo" time="0.540" /><testcase classname="tests.test_branches_branding.TestPublicBranchesSync" name="test_public_salon_branches_in_sync" time="0.221" /></testsuite></testsuites>