<?xml version="1.0" encoding="utf-8"?><testsuites name="pytest tests"><testsuite name="pytest" errors="0" failures="0" skipped="1" tests="9" time="2.196" timestamp="2026-08-26T10:30:50.719822+00:00" hostname="agent-env-d1dfed1a-214d-43b3-ad1c-27a56ad52812"><testcase classname="tests.test_csrf" name="test_login_sets_all_three_cookies" time="0.496" /><testcase classname="tests.test_csrf" name="test_state_change_without_csrf_header_returns_403" time="0.059" /><testcase classname="tests.test_csrf" name="test_state_change_with_csrf_header_succeeds" time="0.061" /><testcase classname="tests.test_csrf" name="test_forged_matching_pair_rejected" time="0.116" /><testcase classname="tests.test_csrf" name="test_bearer_bypasses_csrf" time="0.353"><skipped type="pytest.skip" message="Login response does not expose bearer token; bearer path only via other clients">/app/backend/tests/test_csrf.py:93: Login response does not expose bearer token; bearer path only via other clients</skipped></testcase><testcase classname="tests.test_csrf" name="test_public_endpoint_no_csrf_needed" time="0.114" /><testcase classname="tests.test_csrf" name="test_public_post_no_csrf_needed" time="0.120" /><testcase classname="tests.test_csrf" name="test_refresh_no_csrf_header_ok_and_rotates" time="0.062" /><testcase classname="tests.test_csrf" name="test_logout_clears_cookies" time="0.458" /></testsuite></testsuites>