<?xml version="1.0" encoding="utf-8"?><testsuites name="pytest tests"><testsuite name="pytest" errors="0" failures="0" skipped="2" tests="15" time="2.197" timestamp="2026-07-05T04:47:31.811518+00:00" hostname="agent-env-d1dfed1a-214d-43b3-ad1c-27a56ad52812"><testcase classname="tests.test_hr_module.TestAdvance" name="test_advance_before_16th_rejected" time="0.667" /><testcase classname="tests.test_hr_module.TestGeoFenceCheckin" name="test_set_geo_fence" time="0.759" /><testcase classname="tests.test_hr_module.TestAdvance" name="test_advance_amount_exceeds_max" time="0.046" /><testcase classname="tests.test_hr_module.TestAdvance" name="test_advance_list_history" time="0.049" /><testcase classname="tests.test_hr_module.TestRegression" name="test_attendance_today_columns" time="0.048" /><testcase classname="tests.test_hr_module.TestRegression" name="test_staff_performance_ranges" time="0.047" /><testcase classname="tests.test_hr_module.TestRegression" name="test_create_staff_basic" time="0.290" /><testcase classname="tests.test_hr_module.TestGeoFenceCheckin" name="test_check_in_no_coords_returns_400" time="0.422"><skipped type="pytest.skip" message="Priya already checked in today (idempotent). Response: {'id': '04d2c21a-a3b6-4b77-905a-5bfd3478bdef', 'staff_id': '3cdf66d1-ea58-4605-a4d7-333330a96e8a', 'staff_name': 'Priya Sharma', 'date': '2026-07-05', 'check_in_at': '2026-07-05T04:42:45.264763+00:00', 'late_minutes': 12, 'late_penalty': 50.0, 'check_in_lat': 12.95694, 'check_in_lng': 77.70153, 'check_in_distance_m': 46.8, 'check_out_at': '2026-07-05T04:42:45.464711+00:00', 'created_at': '2026-07-05T04:42:45.264763+00:00', 'tenant_id': '83ab97b6-b481-4172-afd7-53a46c93317d', 'check_out_lat': 12.9569, 'check_out_lng': 77.7011, 'hours_worked': 0.0, 'overtime_hours': 0.0, 'overtime_pay': 0.0}">/app/backend/tests/test_hr_module.py:108: Priya already checked in today (idempotent). Response: {'id': '04d2c21a-a3b6-4b77-905a-5bfd3478bdef', 'staff_id': '3cdf66d1-ea58-4605-a4d7-333330a96e8a', 'staff_name': 'Priya Sharma', 'date': '2026-07-05', 'check_in_at': '2026-07-05T04:42:45.264763+00:00', 'late_minutes': 12, 'late_penalty': 50.0, 'check_in_lat': 12.95694, 'check_in_lng': 77.70153, 'check_in_distance_m': 46.8, 'check_out_at': '2026-07-05T04:42:45.464711+00:00', 'created_at': '2026-07-05T04:42:45.264763+00:00', 'tenant_id': '83ab97b6-b481-4172-afd7-53a46c93317d', 'check_out_lat': 12.9569, 'check_out_lng': 77.7011, 'hours_worked': 0.0, 'overtime_hours': 0.0, 'overtime_pay': 0.0}</skipped></testcase><testcase classname="tests.test_hr_module.TestStaffProfile" name="test_put_staff_aadhaar_and_shift" time="0.094" /><testcase classname="tests.test_hr_module.TestGeoFenceCheckin" name="test_check_in_far_coords_returns_403" time="0.057"><skipped type="pytest.skip" message="Priya already checked in today (idempotent).">/app/backend/tests/test_hr_module.py:116: Priya already checked in today (idempotent).</skipped></testcase><testcase classname="tests.test_hr_module.TestGeoFenceCheckin" name="test_check_in_near_coords_success" time="0.049" /><testcase classname="tests.test_hr_module.TestStaffProfile" name="test_list_staff_no_aadhaar_hash" time="0.046" /><testcase classname="tests.test_hr_module.TestRegistrySearch" name="test_registry_search_by_aadhaar" time="0.052" /><testcase classname="tests.test_hr_module.TestSalarySlip" name="test_salary_slip_json" time="0.390" /><testcase classname="tests.test_hr_module.TestSalarySlip" name="test_salary_slip_pdf" time="0.133" /></testsuite></testsuites>