<?xml version="1.0" encoding="utf-8"?><testsuites name="pytest tests"><testsuite name="pytest" errors="0" failures="1" skipped="0" tests="15" time="5.443" timestamp="2026-08-11T18:03:50.299925+00:00" hostname="agent-env-d1dfed1a-214d-43b3-ad1c-27a56ad52812"><testcase classname="tests.test_iter103_refactor_regression.TestSmoke" name="test_admin_login" time="0.740" /><testcase classname="tests.test_iter103_refactor_regression.TestMembershipPublic" name="test_public_member_bundle" time="1.212"><failure message="AssertionError: assert 'platinum' == 'gold'&#10;  &#10;  - gold&#10;  + platinum">backend/tests/test_iter103_refactor_regression.py:288: in test_public_member_bundle
    assert data.get("tier") == "gold"
E   AssertionError: assert 'platinum' == 'gold'
E     
E     - gold
E     + platinum</failure></testcase><testcase classname="tests.test_iter103_refactor_regression.TestSmoke" name="test_super_login" time="0.515" /><testcase classname="tests.test_iter103_refactor_regression.TestMembershipPublic" name="test_public_member_card_pdf" time="0.273" /><testcase classname="tests.test_iter103_refactor_regression.TestSmoke" name="test_super_mira_home" time="0.097" /><testcase classname="tests.test_iter103_refactor_regression.TestMembershipPublic" name="test_google_wallet_endpoint" time="0.292" /><testcase classname="tests.test_iter103_refactor_regression.TestInvoiceCreation" name="test_create_completed_invoice_cash" time="2.106" /><testcase classname="tests.test_iter103_refactor_regression.TestResendInbound" name="test_inbound_403_no_secret" time="0.154" /><testcase classname="tests.test_iter103_refactor_regression.TestResendInbound" name="test_inbound_routed_to_hq_support" time="0.221" /><testcase classname="tests.test_iter103_refactor_regression.TestPosGiftCard" name="test_gift_card_line_item" time="1.980" /><testcase classname="tests.test_iter103_refactor_regression.TestInvoiceCreation" name="test_create_open_then_complete" time="0.179" /><testcase classname="tests.test_iter103_refactor_regression.TestPaymentsModules" name="test_intl_settings_loads" time="0.076" /><testcase classname="tests.test_iter103_refactor_regression.TestPaymentsModules" name="test_pay_links_module_loads" time="0.077" /><testcase classname="tests.test_iter103_refactor_regression.TestAppointmentStatus" name="test_appt_status_route_exists_and_flow" time="0.350" /><testcase classname="tests.test_iter103_refactor_regression" name="test_zzz_cleanup" time="0.005" /></testsuite></testsuites>