<?xml version="1.0" encoding="utf-8"?><testsuites name="pytest tests"><testsuite name="pytest" errors="0" failures="0" skipped="1" tests="9" time="2.614" timestamp="2026-07-26T15:22:28.455545+00:00" hostname="agent-env-d1dfed1a-214d-43b3-ad1c-27a56ad52812"><testcase classname="tests.test_iter88_feedback_and_features.TestRegression" name="test_services_list" time="0.605" /><testcase classname="tests.test_iter88_feedback_and_features.TestRegression" name="test_branches_limit" time="0.050" /><testcase classname="tests.test_iter88_feedback_and_features.TestRegression" name="test_manager_section_access_pin_required" time="0.090" /><testcase classname="tests.test_iter88_feedback_and_features.TestFeedbackFlow" name="test_create_and_submit_5star_publishes" time="1.549" /><testcase classname="tests.test_iter88_feedback_and_features.TestRegression" name="test_service_categories_order_roundtrip" time="0.050"><skipped type="pytest.skip" message="no categories to reorder">/app/backend/tests/test_iter88_feedback_and_features.py:176: no categories to reorder</skipped></testcase><testcase classname="tests.test_iter88_feedback_and_features.TestNotifications" name="test_unread_first_and_picker_sent_field" time="0.402" /><testcase classname="tests.test_iter88_feedback_and_features.TestSalonMiraCatalog" name="test_mira_ask_knows_services" time="1.078" /><testcase classname="tests.test_iter88_feedback_and_features.TestFeedbackFlow" name="test_invalid_token_404" time="0.208" /><testcase classname="tests.test_iter88_feedback_and_features.TestFeedbackFlow" name="test_low_rating_not_published" time="0.410" /></testsuite></testsuites>