<?xml version="1.0" encoding="utf-8"?><testsuites name="pytest tests"><testsuite name="pytest" errors="0" failures="1" skipped="0" tests="6" time="1.469" timestamp="2026-09-16T06:21:11.606048+00:00" hostname="agent-env-d1dfed1a-214d-43b3-ad1c-27a56ad52812"><testcase classname="tests.test_iter163_booking_branch_notices.TestPublicBookingBranch" name="test_book_with_valid_branch_id" time="0.274" /><testcase classname="tests.test_iter163_booking_branch_notices.TestPublicBookingBranch" name="test_book_with_main_sentinel" time="0.122" /><testcase classname="tests.test_iter163_booking_branch_notices.TestPublicBookingBranch" name="test_book_without_branch" time="0.118" /><testcase classname="tests.test_iter163_booking_branch_notices.TestNewBookingsBranchFilter" name="test_branch_filters" time="0.598" /><testcase classname="tests.test_iter163_booking_branch_notices.TestNoticesFiltering" name="test_color_pick_hidden_and_tenant_scoped" time="0.079" /><testcase classname="tests.test_iter163_booking_branch_notices.TestWhatsNew" name="test_build_and_highlight" time="0.072"><failure message="AttributeError: 'str' object has no attribute 'get'">backend/tests/test_iter163_booking_branch_notices.py:153: in test_build_and_highlight
    joined = " ".join((h.get("title", "") + " " + h.get("body", "")) for h in d.get("highlights", [])).lower()
             ^^^^^^^^^^^^^^^^^^^^^^^^^^^^^^^^^^^^^^^^^^^^^^^^^^^^^^^^^^^^^^^^^^^^^^^^^^^^^^^^^^^^^^^^^
backend/tests/test_iter163_booking_branch_notices.py:153: in &lt;genexpr&gt;
    joined = " ".join((h.get("title", "") + " " + h.get("body", "")) for h in d.get("highlights", [])).lower()
                       ^^^^^
E   AttributeError: 'str' object has no attribute 'get'</failure></testcase></testsuite></testsuites>