<?xml version="1.0" encoding="utf-8"?><testsuites name="pytest tests"><testsuite name="pytest" errors="0" failures="0" skipped="0" tests="4" time="2.982" timestamp="2026-09-23T03:36:06.152254+00:00" hostname="agent-env-d1dfed1a-214d-43b3-ad1c-27a56ad52812"><testcase classname="tests.test_iter188_intl_pricing" name="test_public_plans_intl_new_pricing" time="0.879" /><testcase classname="tests.test_iter188_intl_pricing" name="test_python_imports_smoke" time="0.535" /><testcase classname="tests.test_iter188_intl_pricing" name="test_checkout_rejects_intl_pro_half" time="0.590" /><testcase classname="tests.test_iter188_intl_pricing" name="test_checkout_accepts_intl_pro_annual_validation" time="0.528" /></testsuite></testsuites>