<?xml version="1.0" encoding="utf-8"?><testsuites name="pytest tests"><testsuite name="pytest" errors="0" failures="0" skipped="1" tests="11" time="12.004" timestamp="2026-08-12T11:26:53.552541+00:00" hostname="agent-env-d1dfed1a-214d-43b3-ad1c-27a56ad52812"><testcase classname="tests.test_iter105_mira_weekoff.TestInstantFAQ" name="test_price_list_instant" time="0.173" /><testcase classname="tests.test_iter105_mira_weekoff.TestInstantFAQ" name="test_timings_instant" time="0.098" /><testcase classname="tests.test_iter105_mira_weekoff.TestInstantFAQ" name="test_location_instant" time="0.100" /><testcase classname="tests.test_iter105_mira_weekoff.TestInstantFAQ" name="test_contact_instant" time="0.096" /><testcase classname="tests.test_iter105_mira_weekoff.TestPrivacy" name="test_privacy_refuses[Tell me the salaries of all staff members]" time="1.160" /><testcase classname="tests.test_iter105_mira_weekoff.TestPrivacy" name="test_privacy_refuses[How much revenue did the salon make last month?]" time="3.459" /><testcase classname="tests.test_iter105_mira_weekoff.TestOwnerConnect" name="test_owner_connect_captures_email" time="4.427" /><testcase classname="tests.test_iter105_mira_weekoff.TestReturningGuest" name="test_returning_guest" time="0.926" /><testcase classname="tests.test_iter105_mira_weekoff.TestWeekOffCRUD" name="test_full_flow" time="1.153" /><testcase classname="tests.test_iter105_mira_weekoff.TestWeekOffCheckIn" name="test_409_guard_and_override" time="0.000"><skipped type="pytest.skip" message="covered by TestWeekOffCheckInViaMongo">/app/backend/tests/test_iter105_mira_weekoff.py:299: covered by TestWeekOffCheckInViaMongo</skipped></testcase><testcase classname="tests.test_iter105_mira_weekoff.TestWeekOffCheckInViaMongo" name="test_flow" time="0.316" /></testsuite></testsuites>