<?xml version="1.0" encoding="utf-8"?><testsuites name="pytest tests"><testsuite name="pytest" errors="0" failures="0" skipped="0" tests="6" time="6.108" timestamp="2026-07-23T15:37:39.183150+00:00" hostname="agent-env-d1dfed1a-214d-43b3-ad1c-27a56ad52812"><testcase classname="tests.test_mira_recording_retry.TestRetryFailed" name="test_retry_failed_queues" time="0.649" /><testcase classname="tests.test_mira_recording_retry.TestRetryFailed" name="test_retry_failed_idempotent" time="5.059" /><testcase classname="tests.test_mira_recording_retry.TestRecording" name="test_recording_404_for_fake_id" time="0.730" /><testcase classname="tests.test_mira_recording_retry.TestRecording" name="test_recording_webhook_updates_log" time="0.246" /><testcase classname="tests.test_mira_recording_retry.TestListCalls" name="test_list_calls_stats_and_error_friendly" time="0.057" /><testcase classname="tests.test_mira_recording_retry.TestMapBriefing" name="test_briefing_shape_and_text" time="0.055" /></testsuite></testsuites>