<?xml version="1.0" encoding="utf-8"?><testsuites name="pytest tests"><testsuite name="pytest" errors="0" failures="0" skipped="0" tests="6" time="4.615" timestamp="2026-09-18T08:52:23.919407+00:00" hostname="agent-env-d1dfed1a-214d-43b3-ad1c-27a56ad52812"><testcase classname="tests.test_iter175_google_auth_login.TestGoogleSession" name="test_bogus_session_id_returns_401" time="0.281" /><testcase classname="tests.test_iter175_google_auth_login.TestGoogleSession" name="test_missing_body_returns_422" time="0.153" /><testcase classname="tests.test_iter175_google_auth_login.TestGoogleSession" name="test_rate_limit_eventually_429" time="2.898" /><testcase classname="tests.test_iter175_google_auth_login.TestPasswordLoginRegression" name="test_salon_admin_login" time="0.359" /><testcase classname="tests.test_iter175_google_auth_login.TestPasswordLoginRegression" name="test_super_admin_login" time="0.380" /><testcase classname="tests.test_iter175_google_auth_login.TestPasswordLoginRegression" name="test_logout_clears_cookie" time="0.458" /></testsuite></testsuites>