<?xml version="1.0" encoding="utf-8"?><testsuites name="pytest tests"><testsuite name="pytest" errors="0" failures="0" skipped="0" tests="11" time="2.122" timestamp="2026-07-07T10:15:25.741153+00:00" hostname="agent-env-d1dfed1a-214d-43b3-ad1c-27a56ad52812"><testcase classname="tests.test_iter55_playlists_partners.TestPartners" name="test_public_partners" time="0.471" /><testcase classname="tests.test_iter55_playlists_partners.TestPlaylists" name="test_list_baseline" time="0.552" /><testcase classname="tests.test_iter55_playlists_partners.TestPlaylists" name="test_add_youtube_video" time="0.085" /><testcase classname="tests.test_iter55_playlists_partners.TestPlaylists" name="test_add_youtube_playlist" time="0.185" /><testcase classname="tests.test_iter55_playlists_partners.TestPartners" name="test_super_admin_partners" time="0.398" /><testcase classname="tests.test_iter55_playlists_partners.TestPlaylists" name="test_add_spotify" time="0.081" /><testcase classname="tests.test_iter55_playlists_partners.TestPartners" name="test_hide_and_restore_tenant" time="0.350" /><testcase classname="tests.test_iter55_playlists_partners.TestPlaylists" name="test_add_bad_url" time="0.080" /><testcase classname="tests.test_iter55_playlists_partners.TestPlaylists" name="test_delete_created" time="0.237" /><testcase classname="tests.test_iter55_playlists_partners.TestPartners" name="test_feature_and_blurb" time="0.224" /><testcase classname="tests.test_iter55_playlists_partners.TestPartners" name="test_manual_partner_crud" time="0.349" /></testsuite></testsuites>