<?xml version="1.0" encoding="utf-8"?><testsuites name="pytest tests"><testsuite name="pytest" errors="0" failures="1" skipped="0" tests="7" time="2.496" timestamp="2026-09-07T14:02:02.612876+00:00" hostname="agent-env-d1dfed1a-214d-43b3-ad1c-27a56ad52812"><testcase classname="tests.test_iter136_salary_slip_rules" name="test_staff_list" time="0.517" /><testcase classname="tests.test_iter136_salary_slip_rules" name="test_priya_slip_pdf_and_rules" time="0.804" /><testcase classname="tests.test_iter136_salary_slip_rules" name="test_unknown_staff_404" time="0.079" /><testcase classname="tests.test_iter136_salary_slip_rules" name="test_invalid_month_400_or_fallback" time="0.155" /><testcase classname="tests.test_iter136_salary_slip_rules" name="test_staff_portal_salary_slip_json" time="0.551" /><testcase classname="tests.test_iter136_salary_slip_rules" name="test_attendance_month_list" time="0.119" /><testcase classname="tests.test_iter136_salary_slip_rules" name="test_staff_get_and_put_no_change" time="0.166"><failure message="AssertionError: {&quot;detail&quot;:&quot;CSRF token required&quot;}&#10;assert 403 == 200&#10; +  where 403 = &lt;Response [403]&gt;.status_code">backend/tests/test_iter136_salary_slip_rules.py:150: in test_staff_get_and_put_no_change
    assert r2.status_code == 200, r2.text
E   AssertionError: {"detail":"CSRF token required"}
E   assert 403 == 200
E    +  where 403 = &lt;Response [403]&gt;.status_code</failure></testcase></testsuite></testsuites>