<?xml version="1.0" encoding="utf-8"?><testsuites name="pytest tests"><testsuite name="pytest" errors="0" failures="4" skipped="0" tests="6" time="6.434" timestamp="2026-09-23T06:14:03.250520+00:00" hostname="agent-env-d1dfed1a-214d-43b3-ad1c-27a56ad52812"><testcase classname="tests.test_iter192_weekoff_onboarding.TestOnboardingLocks" name="test_create_tenant_with_locks" time="5.606"><failure message="AssertionError: &lt;!DOCTYPE html&gt;&#10;  &lt;!--[if lt IE 7]&gt; &lt;html class=&quot;no-js ie6 oldie&quot; lang=&quot;en-US&quot;&gt; &lt;![endif]--&gt;&#10;  &lt;!--[if IE 7]&gt;    &lt;html class=&quot;no-js ie7 oldie&quot; lang=&quot;en-US&quot;&gt; &lt;![endif]--&gt;&#10;  &lt;!--[if IE 8]&gt;    &lt;html class=&quot;no-js ie8 oldie&quot; lang=&quot;en-US&quot;&gt; &lt;![endif]--&gt;&#10;  &lt;!--[if gt IE 8]&gt;&lt;!--&gt; &lt;html class=&quot;no-js&quot; lang=&quot;en-US&quot;&gt; &lt;!--&lt;![endif]--&gt;&#10;  &lt;head&gt;&#10;  &#10;  &lt;title&gt;preview.emergentagent.com | 502: Bad gateway&lt;/title&gt;&#10;  &lt;meta charset=&quot;UTF-8&quot; /&gt;&#10;  &lt;meta http-equiv=&quot;Content-Type&quot; content=&quot;text/html; charset=UTF-8&quot; /&gt;&#10;  &lt;meta http-equiv=&quot;X-UA-Compatible&quot; content=&quot;IE=Edge&quot; /&gt;&#10;  &lt;meta name=&quot;robots&quot; content=&quot;noindex, nofollow&quot; /&gt;&#10;  &lt;meta name=&quot;viewport&quot; content=&quot;width=device-width,initial-scale=1&quot; /&gt;&#10;  &lt;link rel=&quot;stylesheet&quot; id=&quot;cf_styles-css&quot; href=&quot;/cdn-cgi/styles/main.css&quot; /&gt;&#10;  &lt;/head&gt;&#10;  &lt;body&gt;&#10;  &lt;div id=&quot;cf-wrapper&quot;&gt;&#10;      &lt;div id=&quot;cf-error-details&quot; class=&quot;p-0&quot;&gt;&#10;          &lt;header class=&quot;mx-auto pt-10 lg:pt-6 lg:px-8 w-240 lg:w-full mb-8&quot;&gt;&#10;              &lt;h1 class=&quot;inline-block sm:block sm:mb-2 font-light text-60 lg:text-4xl text-black-dark leading-tight mr-2&quot;&gt;&#10;                  &lt;span class=&quot;inline-block&quot;&gt;Bad gateway&lt;/span&gt;&#10;                  &lt;span class=&quot;code-label&quot;&gt;Error code 502&lt;/span&gt;&#10;              &lt;/h1&gt;&#10;              &lt;div&gt;&#10;                  Visit &lt;a href=&quot;https://www.cloudflare.com/5xx-error-landing?utm_source=errorcode_502&amp;utm_campaign=hair-hub-system.cluster-2.preview.emergentcf.cloud&quot; target=&quot;_blank&quot; rel=&quot;noopener noreferrer&quot;&gt;cloudflare.com&lt;/a&gt; for more information.&#10;              &lt;/div&gt;&#10;              &lt;div class=&quot;mt-3&quot;&gt;2026-09-23 06:14:09 UTC&lt;/div&gt;&#10;          &lt;/header&gt;&#10;          &lt;div class=&quot;my-8 bg-gradient-gray&quot;&gt;&#10;              &lt;div class=&quot;w-240 lg:w-full mx-auto&quot;&gt;&#10;                  &lt;div class=&quot;clearfix md:px-8&quot;&gt;&#10;                      &lt;div id=&quot;cf-browser-status&quot; class=&quot; relative w-1/3 md:w-full py-15 md:p-0 md:py-8 md:text-left md:border-solid md:border-0 md:border-b md:border-gray-400 overflow-hidden float-left md:float-none text-center&quot;&gt;&#10;    &lt;div class=&quot;relative mb-10 md:m-0&quot;&gt;&#10;      &#10;      &lt;span class=&quot;cf-icon-browser block md:hidden h-20 bg-center bg-no-repeat&quot;&gt;&lt;/span&gt;&#10;      &lt;span class=&quot;cf-icon-ok w-12 h-12 absolute left-1/2 md:left-auto md:right-0 md:top-0 -ml-6 -bottom-4&quot;&gt;&lt;/span&gt;&#10;      &#10;    &lt;/div&gt;&#10;    &lt;span class=&quot;md:block w-full truncate&quot;&gt;You&lt;/span&gt;&#10;    &lt;h3 class=&quot;md:inline-block mt-3 md:mt-0 text-2xl text-gray-600 font-light leading-1.3&quot;&gt;&#10;    &#10;      Browser&#10;    &#10;    &lt;/h3&gt;&#10;    &#10;    &lt;span class=&quot;leading-1.3 text-2xl text-green-success&quot;&gt;Working&lt;/span&gt;&#10;    &#10;  &lt;/div&gt;&#10;                      &lt;div id=&quot;cf-cloudflare-status&quot; class=&quot; relative w-1/3 md:w-full py-15 md:p-0 md:py-8 md:text-left md:border-solid md:border-0 md:border-b md:border-gray-400 overflow-hidden float-left md:float-none text-center&quot;&gt;&#10;    &lt;div class=&quot;relative mb-10 md:m-0&quot;&gt;&#10;      &lt;a href=&quot;https://www.cloudflare.com/5xx-error-landing?utm_source=errorcode_502&amp;#38;utm_campaign=hair-hub-system.cluster-2.preview.emergentcf.cloud&quot; target=&quot;_blank&quot; rel=&quot;noopener noreferrer&quot;&gt;&#10;      &lt;span class=&quot;cf-icon-cloud block md:hidden h-20 bg-center bg-no-repeat&quot;&gt;&lt;/span&gt;&#10;      &lt;span class=&quot;cf-icon-ok w-12 h-12 absolute left-1/2 md:left-auto md:right-0 md:top-0 -ml-6 -bottom-4&quot;&gt;&lt;/span&gt;&#10;      &lt;/a&gt;&#10;    &lt;/div&gt;&#10;    &lt;span class=&quot;md:block w-full truncate&quot;&gt;Chicago&lt;/span&gt;&#10;    &lt;h3 class=&quot;md:inline-block mt-3 md:mt-0 text-2xl text-gray-600 font-light leading-1.3&quot;&gt;&#10;    &lt;a href=&quot;https://www.cloudflare.com/5xx-error-landing?utm_source=errorcode_502&amp;utm_campaign=hair-hub-system.cluster-2.preview.emergentcf.cloud&quot; target=&quot;_blank&quot; rel=&quot;noopener noreferrer&quot;&gt;&#10;      Cloudflare&#10;    &lt;/a&gt;&#10;    &lt;/h3&gt;&#10;    &#10;    &lt;span class=&quot;leading-1.3 text-2xl text-green-success&quot;&gt;Working&lt;/span&gt;&#10;    &#10;  &lt;/div&gt;&#10;                      &lt;div id=&quot;cf-host-status&quot; class=&quot;cf-error-source relative w-1/3 md:w-full py-15 md:p-0 md:py-8 md:text-left md:border-solid md:border-0 md:border-b md:border-gray-400 overflow-hidden float-left md:float-none text-center&quot;&gt;&#10;    &lt;div class=&quot;relative mb-10 md:m-0&quot;&gt;&#10;      &#10;      &lt;span class=&quot;cf-icon-server block md:hidden h-20 bg-center bg-no-repeat&quot;&gt;&lt;/span&gt;&#10;      &lt;span class=&quot;cf-icon-error w-12 h-12 absolute left-1/2 md:left-auto md:right-0 md:top-0 -ml-6 -bottom-4&quot;&gt;&lt;/span&gt;&#10;      &#10;    &lt;/div&gt;&#10;    &lt;span class=&quot;md:block w-full truncate&quot;&gt;hair-hub-system.cluster-2.preview.emergentcf.cloud&lt;/span&gt;&#10;    &lt;h3 class=&quot;md:inline-block mt-3 md:mt-0 text-2xl text-gray-600 font-light leading-1.3&quot;&gt;&#10;    &#10;      Host&#10;    &#10;    &lt;/h3&gt;&#10;    &#10;    &lt;span class=&quot;leading-1.3 text-2xl text-red-error&quot;&gt;Error&lt;/span&gt;&#10;    &#10;  &lt;/div&gt;&#10;                  &lt;/div&gt;&#10;              &lt;/div&gt;&#10;          &lt;/div&gt;&#10;  &#10;          &lt;div class=&quot;w-240 lg:w-full mx-auto mb-8 lg:px-8&quot;&gt;&#10;              &lt;div class=&quot;clearfix&quot;&gt;&#10;                  &lt;div class=&quot;w-1/2 md:w-full float-left pr-6 md:pb-10 md:pr-0 leading-relaxed&quot;&gt;&#10;                      &lt;h2 class=&quot;text-3xl font-normal leading-1.3 mb-4&quot;&gt;What happened?&lt;/h2&gt;&#10;                      &lt;p&gt;The web server reported a bad gateway error.&lt;/p&gt;&#10;                  &lt;/div&gt;&#10;                  &lt;div class=&quot;w-1/2 md:w-full float-left leading-relaxed&quot;&gt;&#10;                      &lt;h2 class=&quot;text-3xl font-normal leading-1.3 mb-4&quot;&gt;What can I do?&lt;/h2&gt;&#10;                      &lt;p class=&quot;mb-6&quot;&gt;Please try again in a few minutes.&lt;/p&gt;&#10;                  &lt;/div&gt;&#10;              &lt;/div&gt;&#10;          &lt;/div&gt;&#10;  &#10;          &lt;div class=&quot;cf-error-footer cf-wrapper w-240 lg:w-full py-10 sm:py-4 sm:px-8 mx-auto text-center sm:text-left border-solid border-0 border-t border-gray-300&quot;&gt;&#10;      &lt;p class=&quot;text-13&quot;&gt;&#10;        &lt;span class=&quot;cf-footer-item sm:block sm:mb-1&quot;&gt;Cloudflare Ray ID: &lt;strong class=&quot;font-semibold&quot;&gt;a3f76833292d1497&lt;/strong&gt;&lt;/span&gt;&#10;        &lt;span class=&quot;cf-footer-separator sm:hidden&quot;&gt;&amp;bull;&lt;/span&gt;&#10;        &lt;span id=&quot;cf-footer-item-ip&quot; class=&quot;cf-footer-item hidden sm:block sm:mb-1&quot;&gt;&#10;          Your IP:&#10;          &lt;button type=&quot;button&quot; id=&quot;cf-footer-ip-reveal&quot; class=&quot;cf-footer-ip-reveal-btn&quot;&gt;Click to reveal&lt;/button&gt;&#10;          &lt;span class=&quot;hidden&quot; id=&quot;cf-footer-ip&quot;&gt;34.16.56.64&lt;/span&gt;&#10;          &lt;span class=&quot;cf-footer-separator sm:hidden&quot;&gt;&amp;bull;&lt;/span&gt;&#10;        &lt;/span&gt;&#10;        &lt;span class=&quot;cf-footer-item sm:block sm:mb-1&quot;&gt;&lt;span&gt;Performance &amp;amp; security by&lt;/span&gt; &lt;a rel=&quot;noopener noreferrer&quot; href=&quot;https://www.cloudflare.com/5xx-error-landing?utm_source=errorcode_502&amp;#38;utm_campaign=hair-hub-system.cluster-2.preview.emergentcf.cloud&quot; id=&quot;brand_link&quot; target=&quot;_blank&quot;&gt;Cloudflare&lt;/a&gt;&lt;/span&gt;&#10;        &#10;      &lt;/p&gt;&#10;      &lt;script&gt;(function(){function d(){var b=a.getElementById(&quot;cf-footer-item-ip&quot;),c=a.getElementById(&quot;cf-footer-ip-reveal&quot;);b&amp;&amp;&quot;classList&quot;in b&amp;&amp;(b.classList.remove(&quot;hidden&quot;),c.addEventListener(&quot;click&quot;,function(){c.classList.add(&quot;hidden&quot;);a.getElementById(&quot;cf-footer-ip&quot;).classList.remove(&quot;hidden&quot;)}))}var a=document;document.addEventListener&amp;&amp;a.addEventListener(&quot;DOMContentLoaded&quot;,d)})();&lt;/script&gt;&#10;    &lt;/div&gt;&lt;!-- /.error-footer --&gt;&#10;  &#10;      &lt;/div&gt;&#10;  &lt;/div&gt;&#10;  &lt;script&gt;(function(){function c(){var b=a.contentDocument||(a.contentWindow&amp;&amp;a.contentWindow.document);if(b){var d=b.createElement('script');d.innerHTML=&quot;window.__CF$cv$params={r:'a3f768331f5d1497',t:'MTc5MDE0NDA0NA=='};var a=document.createElement('script');a.src='/cdn-cgi/challenge-platform/scripts/jsd/main.js';document.getElementsByTagName('head')[0].appendChild(a);&quot;;b.getElementsByTagName('head')[0].appendChild(d)}}if(document.body){var a=document.createElement('iframe');a.height=1;a.width=1;a.style.position='absolute';a.style.top=0;a.style.left=0;a.style.border='none';a.style.visibility='hidden';document.body.appendChild(a);if('loading'!==document.readyState)c();else if(window.addEventListener)document.addEventListener('DOMContentLoaded',c);else{var e=document.onreadystatechange||function(){};document.onreadystatechange=function(b){e(b);'loading'!==document.readyState&amp;&amp;(document.onreadystatechange=e,c())}}}})();&lt;/script&gt;&lt;/body&gt;&#10;  &lt;/html&gt;&#10;assert 502 in (200, 201)&#10; +  where 502 = &lt;Response [502]&gt;.status_code">self = &lt;test_iter192_weekoff_onboarding.TestOnboardingLocks object at 0xfcbe31ca4190&gt;
sa = &lt;requests.sessions.Session object at 0xfcbe31ca6a90&gt;

    def test_create_tenant_with_locks(self, sa):
        # Clean up first if exists
        existing = DB.tenants.find_one({"slug": QA_SLUG}, {"_id": 0, "id": 1})
        if existing:
            DB.tenants.delete_one({"id": existing["id"]})
            DB.users.delete_many({"tenant_id": existing["id"]})
        DB.users.delete_many({"email": "qa.onboard.locks2@gmail.com"})
    
        body = {
            "slug": QA_SLUG, "name": "QA Onboard Locks",
            "owner_email": "qa.onboard.locks2@gmail.com", "owner_name": "QA Owner",
            "plan": "starter", "business_type": "salon",
            "module_locks": ["cctv", "reports", "not-a-module"],
        }
        r = sa.post(f"{API}/super-admin/tenants", json=body)
&gt;       assert r.status_code in (200, 201), r.text
E       AssertionError: &lt;!DOCTYPE html&gt;
E         &lt;!--[if lt IE 7]&gt; &lt;html class="no-js ie6 oldie" lang="en-US"&gt; &lt;![endif]--&gt;
E         &lt;!--[if IE 7]&gt;    &lt;html class="no-js ie7 oldie" lang="en-US"&gt; &lt;![endif]--&gt;
E         &lt;!--[if IE 8]&gt;    &lt;html class="no-js ie8 oldie" lang="en-US"&gt; &lt;![endif]--&gt;
E         &lt;!--[if gt IE 8]&gt;&lt;!--&gt; &lt;html class="no-js" lang="en-US"&gt; &lt;!--&lt;![endif]--&gt;
E         &lt;head&gt;
E         
E         &lt;title&gt;preview.emergentagent.com | 502: Bad gateway&lt;/title&gt;
E         &lt;meta charset="UTF-8" /&gt;
E         &lt;meta http-equiv="Content-Type" content="text/html; charset=UTF-8" /&gt;
E         &lt;meta http-equiv="X-UA-Compatible" content="IE=Edge" /&gt;
E         &lt;meta name="robots" content="noindex, nofollow" /&gt;
E         &lt;meta name="viewport" content="width=device-width,initial-scale=1" /&gt;
E         &lt;link rel="stylesheet" id="cf_styles-css" href="/cdn-cgi/styles/main.css" /&gt;
E         &lt;/head&gt;
E         &lt;body&gt;
E         &lt;div id="cf-wrapper"&gt;
E             &lt;div id="cf-error-details" class="p-0"&gt;
E                 &lt;header class="mx-auto pt-10 lg:pt-6 lg:px-8 w-240 lg:w-full mb-8"&gt;
E                     &lt;h1 class="inline-block sm:block sm:mb-2 font-light text-60 lg:text-4xl text-black-dark leading-tight mr-2"&gt;
E                         &lt;span class="inline-block"&gt;Bad gateway&lt;/span&gt;
E                         &lt;span class="code-label"&gt;Error code 502&lt;/span&gt;
E                     &lt;/h1&gt;
E                     &lt;div&gt;
E                         Visit &lt;a href="https://www.cloudflare.com/5xx-error-landing?utm_source=errorcode_502&amp;utm_campaign=hair-hub-system.cluster-2.preview.emergentcf.cloud" target="_blank" rel="noopener noreferrer"&gt;cloudflare.com&lt;/a&gt; for more information.
E                     &lt;/div&gt;
E                     &lt;div class="mt-3"&gt;2026-09-23 06:14:09 UTC&lt;/div&gt;
E                 &lt;/header&gt;
E                 &lt;div class="my-8 bg-gradient-gray"&gt;
E                     &lt;div class="w-240 lg:w-full mx-auto"&gt;
E                         &lt;div class="clearfix md:px-8"&gt;
E                             &lt;div id="cf-browser-status" class=" relative w-1/3 md:w-full py-15 md:p-0 md:py-8 md:text-left md:border-solid md:border-0 md:border-b md:border-gray-400 overflow-hidden float-left md:float-none text-center"&gt;
E           &lt;div class="relative mb-10 md:m-0"&gt;
E             
E             &lt;span class="cf-icon-browser block md:hidden h-20 bg-center bg-no-repeat"&gt;&lt;/span&gt;
E             &lt;span class="cf-icon-ok w-12 h-12 absolute left-1/2 md:left-auto md:right-0 md:top-0 -ml-6 -bottom-4"&gt;&lt;/span&gt;
E             
E           &lt;/div&gt;
E           &lt;span class="md:block w-full truncate"&gt;You&lt;/span&gt;
E           &lt;h3 class="md:inline-block mt-3 md:mt-0 text-2xl text-gray-600 font-light leading-1.3"&gt;
E           
E             Browser
E           
E           &lt;/h3&gt;
E           
E           &lt;span class="leading-1.3 text-2xl text-green-success"&gt;Working&lt;/span&gt;
E           
E         &lt;/div&gt;
E                             &lt;div id="cf-cloudflare-status" class=" relative w-1/3 md:w-full py-15 md:p-0 md:py-8 md:text-left md:border-solid md:border-0 md:border-b md:border-gray-400 overflow-hidden float-left md:float-none text-center"&gt;
E           &lt;div class="relative mb-10 md:m-0"&gt;
E             &lt;a href="https://www.cloudflare.com/5xx-error-landing?utm_source=errorcode_502&amp;#38;utm_campaign=hair-hub-system.cluster-2.preview.emergentcf.cloud" target="_blank" rel="noopener noreferrer"&gt;
E             &lt;span class="cf-icon-cloud block md:hidden h-20 bg-center bg-no-repeat"&gt;&lt;/span&gt;
E             &lt;span class="cf-icon-ok w-12 h-12 absolute left-1/2 md:left-auto md:right-0 md:top-0 -ml-6 -bottom-4"&gt;&lt;/span&gt;
E             &lt;/a&gt;
E           &lt;/div&gt;
E           &lt;span class="md:block w-full truncate"&gt;Chicago&lt;/span&gt;
E           &lt;h3 class="md:inline-block mt-3 md:mt-0 text-2xl text-gray-600 font-light leading-1.3"&gt;
E           &lt;a href="https://www.cloudflare.com/5xx-error-landing?utm_source=errorcode_502&amp;utm_campaign=hair-hub-system.cluster-2.preview.emergentcf.cloud" target="_blank" rel="noopener noreferrer"&gt;
E             Cloudflare
E           &lt;/a&gt;
E           &lt;/h3&gt;
E           
E           &lt;span class="leading-1.3 text-2xl text-green-success"&gt;Working&lt;/span&gt;
E           
E         &lt;/div&gt;
E                             &lt;div id="cf-host-status" class="cf-error-source relative w-1/3 md:w-full py-15 md:p-0 md:py-8 md:text-left md:border-solid md:border-0 md:border-b md:border-gray-400 overflow-hidden float-left md:float-none text-center"&gt;
E           &lt;div class="relative mb-10 md:m-0"&gt;
E             
E             &lt;span class="cf-icon-server block md:hidden h-20 bg-center bg-no-repeat"&gt;&lt;/span&gt;
E             &lt;span class="cf-icon-error w-12 h-12 absolute left-1/2 md:left-auto md:right-0 md:top-0 -ml-6 -bottom-4"&gt;&lt;/span&gt;
E             
E           &lt;/div&gt;
E           &lt;span class="md:block w-full truncate"&gt;hair-hub-system.cluster-2.preview.emergentcf.cloud&lt;/span&gt;
E           &lt;h3 class="md:inline-block mt-3 md:mt-0 text-2xl text-gray-600 font-light leading-1.3"&gt;
E           
E             Host
E           
E           &lt;/h3&gt;
E           
E           &lt;span class="leading-1.3 text-2xl text-red-error"&gt;Error&lt;/span&gt;
E           
E         &lt;/div&gt;
E                         &lt;/div&gt;
E                     &lt;/div&gt;
E                 &lt;/div&gt;
E         
E                 &lt;div class="w-240 lg:w-full mx-auto mb-8 lg:px-8"&gt;
E                     &lt;div class="clearfix"&gt;
E                         &lt;div class="w-1/2 md:w-full float-left pr-6 md:pb-10 md:pr-0 leading-relaxed"&gt;
E                             &lt;h2 class="text-3xl font-normal leading-1.3 mb-4"&gt;What happened?&lt;/h2&gt;
E                             &lt;p&gt;The web server reported a bad gateway error.&lt;/p&gt;
E                         &lt;/div&gt;
E                         &lt;div class="w-1/2 md:w-full float-left leading-relaxed"&gt;
E                             &lt;h2 class="text-3xl font-normal leading-1.3 mb-4"&gt;What can I do?&lt;/h2&gt;
E                             &lt;p class="mb-6"&gt;Please try again in a few minutes.&lt;/p&gt;
E                         &lt;/div&gt;
E                     &lt;/div&gt;
E                 &lt;/div&gt;
E         
E                 &lt;div class="cf-error-footer cf-wrapper w-240 lg:w-full py-10 sm:py-4 sm:px-8 mx-auto text-center sm:text-left border-solid border-0 border-t border-gray-300"&gt;
E             &lt;p class="text-13"&gt;
E               &lt;span class="cf-footer-item sm:block sm:mb-1"&gt;Cloudflare Ray ID: &lt;strong class="font-semibold"&gt;a3f76833292d1497&lt;/strong&gt;&lt;/span&gt;
E               &lt;span class="cf-footer-separator sm:hidden"&gt;&amp;bull;&lt;/span&gt;
E               &lt;span id="cf-footer-item-ip" class="cf-footer-item hidden sm:block sm:mb-1"&gt;
E                 Your IP:
E                 &lt;button type="button" id="cf-footer-ip-reveal" class="cf-footer-ip-reveal-btn"&gt;Click to reveal&lt;/button&gt;
E                 &lt;span class="hidden" id="cf-footer-ip"&gt;34.16.56.64&lt;/span&gt;
E                 &lt;span class="cf-footer-separator sm:hidden"&gt;&amp;bull;&lt;/span&gt;
E               &lt;/span&gt;
E               &lt;span class="cf-footer-item sm:block sm:mb-1"&gt;&lt;span&gt;Performance &amp;amp; security by&lt;/span&gt; &lt;a rel="noopener noreferrer" href="https://www.cloudflare.com/5xx-error-landing?utm_source=errorcode_502&amp;#38;utm_campaign=hair-hub-system.cluster-2.preview.emergentcf.cloud" id="brand_link" target="_blank"&gt;Cloudflare&lt;/a&gt;&lt;/span&gt;
E               
E             &lt;/p&gt;
E             &lt;script&gt;(function(){function d(){var b=a.getElementById("cf-footer-item-ip"),c=a.getElementById("cf-footer-ip-reveal");b&amp;&amp;"classList"in b&amp;&amp;(b.classList.remove("hidden"),c.addEventListener("click",function(){c.classList.add("hidden");a.getElementById("cf-footer-ip").classList.remove("hidden")}))}var a=document;document.addEventListener&amp;&amp;a.addEventListener("DOMContentLoaded",d)})();&lt;/script&gt;
E           &lt;/div&gt;&lt;!-- /.error-footer --&gt;
E         
E             &lt;/div&gt;
E         &lt;/div&gt;
E         &lt;script&gt;(function(){function c(){var b=a.contentDocument||(a.contentWindow&amp;&amp;a.contentWindow.document);if(b){var d=b.createElement('script');d.innerHTML="window.__CF$cv$params={r:'a3f768331f5d1497',t:'MTc5MDE0NDA0NA=='};var a=document.createElement('script');a.src='/cdn-cgi/challenge-platform/scripts/jsd/main.js';document.getElementsByTagName('head')[0].appendChild(a);";b.getElementsByTagName('head')[0].appendChild(d)}}if(document.body){var a=document.createElement('iframe');a.height=1;a.width=1;a.style.position='absolute';a.style.top=0;a.style.left=0;a.style.border='none';a.style.visibility='hidden';document.body.appendChild(a);if('loading'!==document.readyState)c();else if(window.addEventListener)document.addEventListener('DOMContentLoaded',c);else{var e=document.onreadystatechange||function(){};document.onreadystatechange=function(b){e(b);'loading'!==document.readyState&amp;&amp;(document.onreadystatechange=e,c())}}}})();&lt;/script&gt;&lt;/body&gt;
E         &lt;/html&gt;
E       assert 502 in (200, 201)
E        +  where 502 = &lt;Response [502]&gt;.status_code

backend/tests/test_iter192_weekoff_onboarding.py:131: AssertionError</failure></testcase><testcase classname="tests.test_iter192_weekoff_onboarding.TestWeekOffDelete" name="test_seed_and_delete_decided" time="0.995" /><testcase classname="tests.test_iter192_weekoff_onboarding.TestWeekOffDelete" name="test_delete_pending_400" time="0.074" /><testcase classname="tests.test_iter192_weekoff_onboarding.TestOnboardingLocks" name="test_features_endpoint_drops_bogus" time="0.000"><failure message="assert None&#10; +  where None = TestOnboardingLocks.tid">self = &lt;test_iter192_weekoff_onboarding.TestOnboardingLocks object at 0xfcbe31ca4890&gt;
sa = &lt;requests.sessions.Session object at 0xfcbe31ca6a90&gt;

    def test_features_endpoint_drops_bogus(self, sa):
&gt;       assert TestOnboardingLocks.tid
E       assert None
E        +  where None = TestOnboardingLocks.tid

backend/tests/test_iter192_weekoff_onboarding.py:138: AssertionError</failure></testcase><testcase classname="tests.test_iter192_weekoff_onboarding.TestOnboardingLocks" name="test_owner_login_and_module_gate" time="0.000"><failure message="assert None&#10; +  where None = TestOnboardingLocks.temp_pw">self = &lt;test_iter192_weekoff_onboarding.TestOnboardingLocks object at 0xfcbe31ca4f50&gt;

    def test_owner_login_and_module_gate(self):
&gt;       assert TestOnboardingLocks.temp_pw
E       assert None
E        +  where None = TestOnboardingLocks.temp_pw

backend/tests/test_iter192_weekoff_onboarding.py:149: AssertionError</failure></testcase><testcase classname="tests.test_iter192_weekoff_onboarding.TestOnboardingLocks" name="test_cleanup_qa_tenant" time="0.002"><failure message="AssertionError: assert {'_id': ObjectId('6ab36e2cae7e2de7abbd13f6'), 'id': '443483c0-6bb0-4660-b0b6-8117de6c8d8f', 'slug': 'qa-onboard-locks-2', 'name': 'QA Onboard Locks', ...} is None&#10; +  where {'_id': ObjectId('6ab36e2cae7e2de7abbd13f6'), 'id': '443483c0-6bb0-4660-b0b6-8117de6c8d8f', 'slug': 'qa-onboard-locks-2', 'name': 'QA Onboard Locks', ...} = find_one({'slug': 'qa-onboard-locks-2'})&#10; +    where find_one = Collection(Database(MongoClient(host=['localhost:27017'], document_class=dict, tz_aware=False, connect=True), 'miracurl_db'), 'tenants').find_one&#10; +      where Collection(Database(MongoClient(host=['localhost:27017'], document_class=dict, tz_aware=False, connect=True), 'miracurl_db'), 'tenants') = Database(MongoClient(host=['localhost:27017'], document_class=dict, tz_aware=False, connect=True), 'miracurl_db').tenants">self = &lt;test_iter192_weekoff_onboarding.TestOnboardingLocks object at 0xfcbe31ca5690&gt;
sa = &lt;requests.sessions.Session object at 0xfcbe31ca6a90&gt;

    def test_cleanup_qa_tenant(self, sa):
        # Try soft first, then hard-delete both QA slug + leftover slug
        for tid, slug in [(TestOnboardingLocks.tid, QA_SLUG), (LEFT_OVER_ID, LEFT_OVER_SLUG)]:
            if not tid:
                continue
            # verify existence via mongo (leftover may not exist)
            exists = DB.tenants.find_one({"id": tid}, {"_id": 0, "id": 1, "slug": 1})
            if not exists:
                continue
            r = sa.delete(f"{API}/super-admin/tenants/{tid}/permanent", params={"confirm": slug})
            assert r.status_code == 200, f"hard-delete {slug} failed: {r.status_code} {r.text}"
        # sanity — QA tenant gone
&gt;       assert DB.tenants.find_one({"slug": QA_SLUG}) is None
E       AssertionError: assert {'_id': ObjectId('6ab36e2cae7e2de7abbd13f6'), 'id': '443483c0-6bb0-4660-b0b6-8117de6c8d8f', 'slug': 'qa-onboard-locks-2', 'name': 'QA Onboard Locks', ...} is None
E        +  where {'_id': ObjectId('6ab36e2cae7e2de7abbd13f6'), 'id': '443483c0-6bb0-4660-b0b6-8117de6c8d8f', 'slug': 'qa-onboard-locks-2', 'name': 'QA Onboard Locks', ...} = find_one({'slug': 'qa-onboard-locks-2'})
E        +    where find_one = Collection(Database(MongoClient(host=['localhost:27017'], document_class=dict, tz_aware=False, connect=True), 'miracurl_db'), 'tenants').find_one
E        +      where Collection(Database(MongoClient(host=['localhost:27017'], document_class=dict, tz_aware=False, connect=True), 'miracurl_db'), 'tenants') = Database(MongoClient(host=['localhost:27017'], document_class=dict, tz_aware=False, connect=True), 'miracurl_db').tenants

backend/tests/test_iter192_weekoff_onboarding.py:187: AssertionError</failure></testcase></testsuite></testsuites>