<?xml version="1.0" encoding="utf-8"?><testsuites name="pytest tests"><testsuite name="pytest" errors="0" failures="0" skipped="0" tests="15" time="6.938" timestamp="2026-08-02T06:38:42.833914+00:00" hostname="agent-env-d1dfed1a-214d-43b3-ad1c-27a56ad52812"><testcase classname="tests.test_iter96_branch_rename_cascade" name="test_attendance_today_case_and_whitespace" time="0.611" /><testcase classname="tests.test_iter96_branch_rename_cascade" name="test_attendance_today_main_only" time="0.048" /><testcase classname="tests.test_iter96_branch_rename_cascade" name="test_attendance_today_all" time="0.051" /><testcase classname="tests.test_iter96_branch_rename_cascade" name="test_branch_rename_cascade_and_restore" time="0.298" /><testcase classname="tests.test_iter96_branch_rename_cascade" name="test_dashboard_main" time="0.059" /><testcase classname="tests.test_iter96_branch_rename_cascade" name="test_dashboard_aecs" time="0.058" /><testcase classname="tests.test_iter96_branch_rename_cascade" name="test_sales_report_branch" time="0.049" /><testcase classname="tests.test_iter96_branch_rename_cascade" name="test_manager_invoice_tagged_with_aecs" time="3.712" /><testcase classname="tests.test_iter96_branch_rename_cascade" name="test_geo_from_link_full_url" time="0.050" /><testcase classname="tests.test_iter96_branch_rename_cascade" name="test_geo_from_link_q_param" time="0.049" /><testcase classname="tests.test_iter96_branch_rename_cascade" name="test_geo_from_link_non_google_rejected" time="0.049" /><testcase classname="tests.test_iter96_branch_rename_cascade" name="test_geo_from_link_plain_text_and_restore" time="0.518" /><testcase classname="tests.test_iter96_branch_rename_cascade" name="test_branding_returns_maps_url" time="0.050" /><testcase classname="tests.test_iter96_branch_rename_cascade" name="test_branding_put_maps_url_updates_geo" time="0.530" /><testcase classname="tests.test_iter96_branch_rename_cascade" name="test_staff_fence" time="0.427" /></testsuite></testsuites>