<?xml version="1.0" encoding="utf-8"?><testsuites name="pytest tests"><testsuite name="pytest" errors="0" failures="1" skipped="0" tests="9" time="1.352" timestamp="2026-07-03T08:49:56.329309+00:00" hostname="agent-env-d1dfed1a-214d-43b3-ad1c-27a56ad52812"><testcase classname="tests.test_book_public_flow" name="test_public_salon" time="0.126" /><testcase classname="tests.test_book_public_flow" name="test_public_services" time="0.049" /><testcase classname="tests.test_book_public_flow" name="test_public_staff" time="0.042" /><testcase classname="tests.test_book_public_flow" name="test_public_gallery" time="0.259" /><testcase classname="tests.test_book_public_flow" name="test_public_gallery_no_auth_needed" time="0.127" /><testcase classname="tests.test_book_public_flow" name="test_public_availability" time="0.043" /><testcase classname="tests.test_book_public_flow" name="test_full_booking_flow" time="0.177" /><testcase classname="tests.test_book_public_flow" name="test_registry_public_profile_has_current_address" time="0.273"><failure message="AssertionError: {&quot;detail&quot;:&quot;Not Found&quot;}&#10;assert 404 == 200&#10; +  where 404 = &lt;Response [404]&gt;.status_code">backend/tests/test_book_public_flow.py:114: in test_registry_public_profile_has_current_address
    assert r.status_code == 200, r.text[:300]
E   AssertionError: {"detail":"Not Found"}
E   assert 404 == 200
E    +  where 404 = &lt;Response [404]&gt;.status_code</failure></testcase><testcase classname="tests.test_book_public_flow" name="test_registry_pdf_once" time="0.175" /></testsuite></testsuites>