<?xml version="1.0" encoding="utf-8"?><testsuites name="pytest tests"><testsuite name="pytest" errors="0" failures="1" skipped="1" tests="9" time="3.451" timestamp="2026-07-10T07:14:24.632205+00:00" hostname="agent-env-d1dfed1a-214d-43b3-ad1c-27a56ad52812"><testcase classname="tests.test_iter61_new_features" name="test_staff_id_card_pdf" time="1.489" /><testcase classname="tests.test_iter61_new_features" name="test_staff_id_card_inactive_400" time="0.046"><skipped type="pytest.skip" message="No inactive staff available">/app/backend/tests/test_iter61_new_features.py:48: No inactive staff available</skipped></testcase><testcase classname="tests.test_iter61_new_features" name="test_blood_group_persist" time="0.314"><failure message="AssertionError: {&quot;detail&quot;:[{&quot;type&quot;:&quot;missing&quot;,&quot;loc&quot;:[&quot;body&quot;,&quot;name&quot;],&quot;msg&quot;:&quot;Field required&quot;,&quot;input&quot;:{&quot;blood_group&quot;:&quot;B+&quot;},&quot;url&quot;:&quot;https://errors.pydantic.dev/2.13/v/missing&quot;},{&quot;type&quot;:&quot;missing&quot;,&quot;loc&quot;:[&quot;body&quot;,&quot;role&quot;],&quot;msg&quot;:&quot;Field required&quot;,&quot;input&quot;:{&quot;blood_group&quot;:&quot;B+&quot;},&quot;url&quot;:&quot;https://errors.pydantic.dev/2.13/v/missing&quot;},{&quot;type&quot;:&quot;missing&quot;,&quot;loc&quot;:[&quot;body&quot;,&quot;phone&quot;],&quot;msg&quot;:&quot;Field required&quot;,&quot;input&quot;:{&quot;blood_group&quot;:&quot;B+&quot;},&quot;url&quot;:&quot;https://errors.pydantic.dev/2.13/v/missing&quot;}]}&#10;assert 422 in (200, 204)&#10; +  where 422 = &lt;Response [422]&gt;.status_code">backend/tests/test_iter61_new_features.py:67: in test_blood_group_persist
    assert put.status_code in (200, 204), put.text
E   AssertionError: {"detail":[{"type":"missing","loc":["body","name"],"msg":"Field required","input":{"blood_group":"B+"},"url":"https://errors.pydantic.dev/2.13/v/missing"},{"type":"missing","loc":["body","role"],"msg":"Field required","input":{"blood_group":"B+"},"url":"https://errors.pydantic.dev/2.13/v/missing"},{"type":"missing","loc":["body","phone"],"msg":"Field required","input":{"blood_group":"B+"},"url":"https://errors.pydantic.dev/2.13/v/missing"}]}
E   assert 422 in (200, 204)
E    +  where 422 = &lt;Response [422]&gt;.status_code</failure></testcase><testcase classname="tests.test_iter61_new_features" name="test_team_list_has_mc0001" time="0.362" /><testcase classname="tests.test_iter61_new_features" name="test_team_forbidden_for_salon" time="0.045" /><testcase classname="tests.test_iter61_new_features" name="test_team_crud_lifecycle" time="0.419" /><testcase classname="tests.test_iter61_new_features" name="test_releases_seeded_and_soft_delete_persist" time="0.134" /><testcase classname="tests.test_iter61_new_features" name="test_releases_forbidden_for_salon" time="0.048" /><testcase classname="tests.test_iter61_new_features" name="test_plan_catalog_update_and_restore" time="0.232" /></testsuite></testsuites>