<?xml version="1.0" encoding="utf-8"?><testsuites name="pytest tests"><testsuite name="pytest" errors="0" failures="0" skipped="0" tests="5" time="1.207" timestamp="2026-07-11T12:25:47.722718+00:00" hostname="agent-env-d1dfed1a-214d-43b3-ad1c-27a56ad52812"><testcase classname="tests.test_iter64_notifications_public.TestPublicSalonPage" name="test_valid_slug_no_auth" time="0.227" /><testcase classname="tests.test_iter64_notifications_public.TestNotifications" name="test_requires_auth" time="0.226" /><testcase classname="tests.test_iter64_notifications_public.TestPublicSalonPage" name="test_unknown_slug_404" time="0.122" /><testcase classname="tests.test_iter64_notifications_public.TestNotifications" name="test_feed_shape" time="0.404" /><testcase classname="tests.test_iter64_notifications_public.TestSitemap" name="test_sitemap_xml" time="0.164" /></testsuite></testsuites>