<?xml version="1.0" encoding="utf-8"?><testsuites name="pytest tests"><testsuite name="pytest" errors="0" failures="0" skipped="0" tests="8" time="4.189" timestamp="2026-08-28T17:16:20.970028+00:00" hostname="agent-env-d1dfed1a-214d-43b3-ad1c-27a56ad52812"><testcase classname="tests.test_iter120_bill_edit_wa_bulk.TestDashboard" name="test_dashboard_perf_and_shape" time="0.595" /><testcase classname="tests.test_iter120_bill_edit_wa_bulk.TestInvoicesAndCollection" name="test_today_collection_math" time="1.290" /><testcase classname="tests.test_iter120_bill_edit_wa_bulk.TestInvoicesAndCollection" name="test_invoice_search_by_no_name_phone_date" time="0.444" /><testcase classname="tests.test_iter120_bill_edit_wa_bulk.TestInvoicesAndCollection" name="test_edit_invoice_with_customer_sync" time="0.531" /><testcase classname="tests.test_iter120_bill_edit_wa_bulk.TestWhatsAppBulk" name="test_approve_all" time="0.415" /><testcase classname="tests.test_iter120_bill_edit_wa_bulk.TestWhatsAppBulk" name="test_reject_all" time="0.326" /><testcase classname="tests.test_iter120_bill_edit_wa_bulk.TestWhatsAppBulk" name="test_single_approve_reject_still_work" time="0.315" /><testcase classname="tests.test_iter120_bill_edit_wa_bulk" name="test_zz_cleanup" time="0.199" /></testsuite></testsuites>