<?xml version="1.0" encoding="utf-8"?><testsuites name="pytest tests"><testsuite name="pytest" errors="0" failures="0" skipped="0" tests="31" time="6.693" timestamp="2026-07-07T04:07:47.209747+00:00" hostname="agent-env-d1dfed1a-214d-43b3-ad1c-27a56ad52812"><testcase classname="tests.test_iter50_router_split.TestServerRemnants" name="test_super_admin_overview" time="0.622" /><testcase classname="tests.test_iter50_router_split.TestReports" name="test_dashboard" time="0.631" /><testcase classname="tests.test_iter50_router_split.TestServerRemnants" name="test_super_admin_tenants" time="0.047" /><testcase classname="tests.test_iter50_router_split.TestReports" name="test_sales_with_avg_rating" time="0.050" /><testcase classname="tests.test_iter50_router_split.TestReports" name="test_daily" time="0.050" /><testcase classname="tests.test_iter50_router_split.TestReports" name="test_staff_performance" time="0.264" /><testcase classname="tests.test_iter50_router_split.TestReports" name="test_staff_commission" time="0.047" /><testcase classname="tests.test_iter50_router_split.TestServerRemnants" name="test_customers" time="0.414" /><testcase classname="tests.test_iter50_router_split.TestReports" name="test_blast_targets" time="0.088" /><testcase classname="tests.test_iter50_router_split.TestServerRemnants" name="test_services" time="0.052" /><testcase classname="tests.test_iter50_router_split.TestReports" name="test_morning_briefing" time="0.052" /><testcase classname="tests.test_iter50_router_split.TestServerRemnants" name="test_staff" time="0.046" /><testcase classname="tests.test_iter50_router_split.TestServerRemnants" name="test_products" time="0.049" /><testcase classname="tests.test_iter50_router_split.TestAuth" name="test_login_sets_cookies_and_no_token_in_body" time="0.351" /><testcase classname="tests.test_iter50_router_split.TestServerRemnants" name="test_appointments" time="0.052" /><testcase classname="tests.test_iter50_router_split.TestSuperAdmin" name="test_system_health" time="0.253" /><testcase classname="tests.test_iter50_router_split.TestAuth" name="test_me_and_logout_and_revoke" time="0.691" /><testcase classname="tests.test_iter50_router_split.TestSuperAdmin" name="test_dev_tickets_list" time="0.053" /><testcase classname="tests.test_iter50_router_split.TestSuperAdmin" name="test_dev_ticket_create_and_delete" time="2.920" /><testcase classname="tests.test_iter50_router_split.TestAuth" name="test_refresh" time="0.424" /><testcase classname="tests.test_iter50_router_split.TestAuth" name="test_forgot_password_generic_message" time="0.097" /><testcase classname="tests.test_iter50_router_split.TestAuth" name="test_brute_force_lockout_returns_423" time="2.311" /><testcase classname="tests.test_iter50_router_split.TestSuperAdmin" name="test_profile_update" time="0.046" /><testcase classname="tests.test_iter50_router_split.TestSuperAdmin" name="test_ai_chat" time="0.923" /><testcase classname="tests.test_iter50_router_split.TestRegistry" name="test_employees_roster" time="0.046" /><testcase classname="tests.test_iter50_router_split.TestRegistry" name="test_employees_search" time="0.043" /><testcase classname="tests.test_iter50_router_split.TestRegistry" name="test_public_registry_search_no_500" time="0.133" /><testcase classname="tests.test_iter50_router_split.TestRegistry" name="test_public_registry_pdf" time="0.313" /><testcase classname="tests.test_iter50_router_split.TestSales" name="test_sales_chat_start" time="0.110" /><testcase classname="tests.test_iter50_router_split.TestSales" name="test_super_admin_inquiries_list_and_cleanup" time="0.088" /><testcase classname="tests.test_iter50_router_split.TestPublicSignup" name="test_signup_salon_creates_tenant" time="0.699" /></testsuite></testsuites>