<?xml version="1.0" encoding="utf-8"?><testsuites name="pytest tests"><testsuite name="pytest" errors="0" failures="0" skipped="0" tests="30" time="5.334" timestamp="2026-06-30T09:42:26.411152+00:00" hostname="agent-env-d1dfed1a-214d-43b3-ad1c-27a56ad52812"><testcase classname="tests.test_iter11_dashboard_contract.TestDashboardContract" name="test_dashboard_shape_unchanged" time="0.604" /><testcase classname="tests.test_iter7_regression.TestBulkCustomerImport" name="test_text_import_succeeds" time="0.702" /><testcase classname="tests.test_iter11_dashboard_contract.TestDashboardContract" name="test_dashboard_review_stats_consistency" time="0.058" /><testcase classname="tests.test_iter11_dashboard_contract.TestDashboardContract" name="test_dashboard_requires_auth" time="0.093" /><testcase classname="tests.test_iter7_regression.TestBulkCustomerImport" name="test_duplicate_re_import_skipped" time="0.237" /><testcase classname="tests.test_iter11_dashboard_contract.TestPublicBookingValidation" name="test_malformed_iso_returns_422" time="0.132" /><testcase classname="tests.test_iter11_dashboard_contract.TestPublicBookingValidation" name="test_past_datetime_returns_422" time="0.092" /><testcase classname="tests.test_iter7_regression.TestBulkCustomerImport" name="test_vcard_import_succeeds" time="0.096" /><testcase classname="tests.test_iter11_dashboard_contract.TestPublicBookingValidation" name="test_future_business_hours_succeeds" time="0.220" /><testcase classname="tests.test_iter7_regression.TestBulkCustomerImport" name="test_explicit_format_vcard" time="0.134" /><testcase classname="tests.test_iter7_regression.TestAuthRegression" name="test_admin_login" time="0.537" /><testcase classname="tests.test_iter7_regression.TestBulkCustomerImport" name="test_tenant_admin_forbidden" time="0.570" /><testcase classname="tests.test_iter7_regression.TestAuthRegression" name="test_super_admin_login" time="0.328" /><testcase classname="tests.test_iter7_regression.TestBulkCustomerImport" name="test_unauthenticated_401" time="0.325" /><testcase classname="tests.test_iter7_regression.TestBulkCustomerImport" name="test_invalid_tenant_404" time="0.322" /><testcase classname="tests.test_iter7_regression.TestAuthRegression" name="test_wrong_password_401" time="0.318" /><testcase classname="tests.test_iter7_regression.TestPublicBookingRefactor" name="test_get_salon_info" time="0.090" /><testcase classname="tests.test_iter7_regression.TestBulkCustomerImport" name="test_empty_text_400" time="0.137" /><testcase classname="tests.test_iter7_regression.TestPublicBookingRefactor" name="test_get_services_and_staff" time="0.196" /><testcase classname="tests.test_iter7_regression.TestBulkCustomerImport" name="test_phone_country_code_normalization" time="0.107" /><testcase classname="tests.test_iter11_dashboard_contract.TestAuthTokenErrors" name="test_invalid_token_message" time="0.086" /><testcase classname="tests.test_iter11_dashboard_contract.TestAuthTokenErrors" name="test_missing_token_message" time="0.313" /><testcase classname="tests.test_iter7_regression.TestPublicBookingRefactor" name="test_full_booking_flow_contract" time="0.875" /><testcase classname="tests.test_iter7_regression.TestInvoiceRefactor" name="test_create_invoice_with_service" time="0.840" /><testcase classname="tests.test_iter11_dashboard_contract.TestSalesReportContract" name="test_sales_report_keys_and_totals" time="0.363" /><testcase classname="tests.test_iter7_regression.TestInvoiceRefactor" name="test_sales_report_unchanged" time="0.092" /><testcase classname="tests.test_iter11_dashboard_contract.TestSalesReportContract" name="test_sales_report_no_args" time="0.043" /><testcase classname="tests.test_iter10_review_blast.TestBlastTargetsAuth" name="test_unauth_401" time="0.305" /><testcase classname="tests.test_iter10_review_blast.TestBlastTargetsShape" name="test_authenticated_returns_contract" time="0.363" /><testcase classname="tests.test_iter10_review_blast.TestBlastTargetsPopulation" name="test_completed_appt_appears" time="0.543" /></testsuite></testsuites>