<?xml version="1.0" encoding="utf-8"?><testsuites name="pytest tests"><testsuite name="pytest" errors="0" failures="0" skipped="2" tests="18" time="4.782" timestamp="2026-07-07T08:20:14.733903+00:00" hostname="agent-env-d1dfed1a-214d-43b3-ad1c-27a56ad52812"><testcase classname="tests.test_iter54_sec_regression.TestPublicRegistrySec" name="test_search_stf_without_name_400" time="0.340" /><testcase classname="tests.test_iter54_sec_regression.TestAuthRegression" name="test_admin_login_and_me" time="0.382" /><testcase classname="tests.test_iter54_sec_regression.TestPublicRegistrySec" name="test_search_stf_with_name_ok_masked" time="0.105" /><testcase classname="tests.test_iter54_sec_regression.TestPublicRegistrySec" name="test_pdf_without_name_400" time="0.256" /><testcase classname="tests.test_iter54_sec_regression.TestPublicRegistrySec" name="test_pdf_with_name_200" time="0.250" /><testcase classname="tests.test_iter54_sec_regression.TestAuthRegression" name="test_staff_login_and_me" time="0.404" /><testcase classname="tests.test_iter54_sec_regression.TestAuthRegression" name="test_staff_can_access_business_endpoint" time="0.043" /><testcase classname="tests.test_iter54_sec_regression.TestAuthRegression" name="test_refresh_with_cookie" time="0.083" /><testcase classname="tests.test_iter54_sec_regression.TestAuthRegression" name="test_logout" time="0.597" /><testcase classname="tests.test_iter54_sec_regression.TestMiscRegression" name="test_late_fines_settings" time="0.559" /><testcase classname="tests.test_iter54_sec_regression.TestMiscRegression" name="test_sms_packs" time="0.045" /><testcase classname="tests.test_iter54_sec_regression.TestOwnerPinStaff" name="test_staff_create_no_header_403_no_lockout" time="0.048" /><testcase classname="tests.test_iter54_sec_regression.TestMiscRegression" name="test_entertainment" time="0.311"><skipped type="pytest.skip" message="no entertainment endpoint found">/app/backend/tests/test_iter54_sec_regression.py:333: no entertainment endpoint found</skipped></testcase><testcase classname="tests.test_iter54_sec_regression.TestOwnerPinStaff" name="test_staff_create_with_pin_ok_then_delete" time="0.537" /><testcase classname="tests.test_iter54_sec_regression.TestPinLockout" name="test_owner_pin_lockout_after_5_wrong" time="2.067" /><testcase classname="tests.test_iter54_sec_regression.TestReferralDeferral" name="test_booking_defers_referrer_credit_invoice_releases_once" time="1.390" /><testcase classname="tests.test_iter54_sec_regression.TestPosCheckout" name="test_normal_invoice_receipts" time="0.185" /><testcase classname="tests.test_iter54_sec_regression.TestAuthenticatedRegistry" name="test_registry_search_admin_shows_aadhaar_last4" time="0.099"><skipped type="pytest.skip" message="no authenticated registry search endpoint found">/app/backend/tests/test_iter54_sec_regression.py:309: no authenticated registry search endpoint found</skipped></testcase></testsuite></testsuites>