<?xml version="1.0" encoding="utf-8"?><testsuites name="pytest tests"><testsuite name="pytest" errors="0" failures="0" skipped="0" tests="17" time="3.836" timestamp="2026-06-30T08:59:57.147496+00:00" hostname="agent-env-d1dfed1a-214d-43b3-ad1c-27a56ad52812"><testcase classname="tests.test_iter7_regression.TestAuthRegression" name="test_admin_login" time="0.422" /><testcase classname="tests.test_iter7_regression.TestAuthRegression" name="test_super_admin_login" time="0.323" /><testcase classname="tests.test_iter7_regression.TestAuthRegression" name="test_wrong_password_401" time="0.353" /><testcase classname="tests.test_iter7_regression.TestPublicBookingRefactor" name="test_get_salon_info" time="0.089" /><testcase classname="tests.test_iter7_regression.TestPublicBookingRefactor" name="test_get_services_and_staff" time="0.220" /><testcase classname="tests.test_iter7_regression.TestPublicBookingRefactor" name="test_full_booking_flow_contract" time="0.627" /><testcase classname="tests.test_iter7_regression.TestInvoiceRefactor" name="test_create_invoice_with_service" time="0.296" /><testcase classname="tests.test_iter7_regression.TestInvoiceRefactor" name="test_sales_report_unchanged" time="0.134" /><testcase classname="tests.test_iter7_regression.TestBulkCustomerImport" name="test_text_import_succeeds" time="0.415" /><testcase classname="tests.test_iter7_regression.TestBulkCustomerImport" name="test_duplicate_re_import_skipped" time="0.197" /><testcase classname="tests.test_iter7_regression.TestBulkCustomerImport" name="test_vcard_import_succeeds" time="0.112" /><testcase classname="tests.test_iter7_regression.TestBulkCustomerImport" name="test_explicit_format_vcard" time="0.104" /><testcase classname="tests.test_iter7_regression.TestBulkCustomerImport" name="test_tenant_admin_forbidden" time="0.092" /><testcase classname="tests.test_iter7_regression.TestBulkCustomerImport" name="test_unauthenticated_401" time="0.094" /><testcase classname="tests.test_iter7_regression.TestBulkCustomerImport" name="test_invalid_tenant_404" time="0.101" /><testcase classname="tests.test_iter7_regression.TestBulkCustomerImport" name="test_empty_text_400" time="0.096" /><testcase classname="tests.test_iter7_regression.TestBulkCustomerImport" name="test_phone_country_code_normalization" time="0.096" /></testsuite></testsuites>