<?xml version="1.0" encoding="utf-8"?><testsuites name="pytest tests"><testsuite name="pytest" errors="0" failures="0" skipped="0" tests="8" time="6.552" timestamp="2026-08-23T06:57:08.885058+00:00" hostname="agent-env-d1dfed1a-214d-43b3-ad1c-27a56ad52812"><testcase classname="tests.test_iter112_pos_membership.TestServiceOnlyInvoice" name="test_service_only_no_memberships_issued" time="2.141" /><testcase classname="tests.test_iter112_pos_membership.TestMembershipSale" name="test_pos_membership_sale_returns_memberships_issued" time="1.823" /><testcase classname="tests.test_iter112_pos_membership.TestMembershipSale" name="test_customer_memberships_doc_created_with_source_pos" time="0.056" /><testcase classname="tests.test_iter112_pos_membership.TestMembershipSale" name="test_pos_member_lookup" time="0.046" /><testcase classname="tests.test_iter112_pos_membership.TestSendCard" name="test_invalid_email_422" time="0.046" /><testcase classname="tests.test_iter112_pos_membership.TestSendCard" name="test_unknown_cmid_404" time="0.044" /><testcase classname="tests.test_iter112_pos_membership.TestSendCard" name="test_send_card_success_or_bounce" time="0.263" /><testcase classname="tests.test_iter112_pos_membership.TestGiftCardStillWorks" name="test_gift_card_purchase_still_returns_issued" time="2.049" /></testsuite></testsuites>