<?xml version="1.0" encoding="utf-8"?><testsuites name="pytest tests"><testsuite name="pytest" errors="0" failures="0" skipped="0" tests="4" time="2.577" timestamp="2026-09-15T17:31:00.733875+00:00" hostname="agent-env-d1dfed1a-214d-43b3-ad1c-27a56ad52812"><testcase classname="tests.test_iter154_reports_new_fields" name="test_sales_report_has_unique_customers_and_prev" time="1.361" /><testcase classname="tests.test_iter154_reports_new_fields" name="test_prev_window_same_length" time="0.090" /><testcase classname="tests.test_iter154_reports_new_fields" name="test_invoices_include_customer_phone" time="0.088" /><testcase classname="tests.test_iter154_reports_new_fields" name="test_login_sets_httponly_cookie" time="0.490" /></testsuite></testsuites>