<?xml version="1.0" encoding="utf-8"?><testsuites name="pytest tests"><testsuite name="pytest" errors="0" failures="1" skipped="0" tests="15" time="6.219" timestamp="2026-07-07T07:50:37.923630+00:00" hostname="agent-env-d1dfed1a-214d-43b3-ad1c-27a56ad52812"><testcase classname="tests.test_iter53_pin_sms_branch" name="test_security_pin_status_set" time="0.460" /><testcase classname="tests.test_iter53_pin_sms_branch" name="test_security_pin_change_without_current_forbidden" time="0.044" /><testcase classname="tests.test_iter53_pin_sms_branch" name="test_security_pin_change_with_current_ok_keep_same" time="0.529" /><testcase classname="tests.test_iter53_pin_sms_branch" name="test_staff_create_without_pin_403" time="0.043" /><testcase classname="tests.test_iter53_pin_sms_branch" name="test_staff_create_wrong_pin_403" time="0.265" /><testcase classname="tests.test_iter53_pin_sms_branch" name="test_staff_put_pin_guard" time="0.617" /><testcase classname="tests.test_iter53_pin_sms_branch" name="test_staff_advance_pin_guard" time="0.314"><failure message="AssertionError: 400 {&quot;detail&quot;:&quot;No advance limit set for this staff. Edit the staff profile and set 'Max advance' first.&quot;}&#10;assert 400 == 200&#10; +  where 400 = &lt;Response [400]&gt;.status_code">backend/tests/test_iter53_pin_sms_branch.py:103: in test_staff_advance_pin_guard
    assert r2.status_code == 200, f"{r2.status_code} {r2.text}"
E   AssertionError: 400 {"detail":"No advance limit set for this staff. Edit the staff profile and set 'Max advance' first."}
E   assert 400 == 200
E    +  where 400 = &lt;Response [400]&gt;.status_code</failure></testcase><testcase classname="tests.test_iter53_pin_sms_branch" name="test_waive_fine_pin_guard" time="0.046" /><testcase classname="tests.test_iter53_pin_sms_branch" name="test_sms_packs_catalog" time="0.041" /><testcase classname="tests.test_iter53_pin_sms_branch" name="test_sms_pack_order_creates_razorpay_order" time="0.895" /><testcase classname="tests.test_iter53_pin_sms_branch" name="test_sms_pack_verify_fake_signature_400" time="0.907" /><testcase classname="tests.test_iter53_pin_sms_branch" name="test_branch_switch_pending_lists_otp" time="0.290" /><testcase classname="tests.test_iter53_pin_sms_branch" name="test_branch_switch_wrong_otp_then_right_then_replay" time="0.254" /><testcase classname="tests.test_iter53_pin_sms_branch" name="test_branch_switch_owner_pin_right_wrong" time="0.572" /><testcase classname="tests.test_iter53_pin_sms_branch" name="test_branch_switch_deny" time="0.575" /></testsuite></testsuites>