<?xml version="1.0" encoding="utf-8"?><testsuites name="pytest tests"><testsuite name="pytest" errors="0" failures="0" skipped="0" tests="9" time="2.575" timestamp="2026-06-30T16:11:41.685218+00:00" hostname="agent-env-d1dfed1a-214d-43b3-ad1c-27a56ad52812"><testcase classname="tests.test_iter19_tax_settings.TestTaxSettings" name="test_initial_get_tax_settings" time="0.846" /><testcase classname="tests.test_iter19_tax_settings.TestInvoiceTax" name="test_invoice_when_tax_disabled" time="1.093" /><testcase classname="tests.test_iter19_tax_settings.TestTaxSettings" name="test_put_tax_enabled_no_gstin_400" time="0.105" /><testcase classname="tests.test_iter19_tax_settings.TestTaxSettings" name="test_put_invalid_gstin_format_422" time="0.177" /><testcase classname="tests.test_iter19_tax_settings.TestInvoiceTax" name="test_invoice_when_tax_enabled" time="0.440" /><testcase classname="tests.test_iter19_tax_settings.TestTaxSettings" name="test_put_valid_tax_settings" time="0.315" /><testcase classname="tests.test_iter19_tax_settings.TestCleanup" name="test_reset_tax_disabled" time="0.416" /><testcase classname="tests.test_iter19_tax_settings.TestRegression" name="test_super_admin_login" time="0.429" /><testcase classname="tests.test_iter19_tax_settings.TestRegression" name="test_public_booking_tenant" time="0.105" /></testsuite></testsuites>