<?xml version="1.0" encoding="utf-8"?><testsuites name="pytest tests"><testsuite name="pytest" errors="0" failures="0" skipped="0" tests="5" time="7.071" timestamp="2026-09-18T13:43:55.406403+00:00" hostname="agent-env-d1dfed1a-214d-43b3-ad1c-27a56ad52812"><testcase classname="tests.test_iter178" name="test_demo_calendar_has_purpose" time="0.562" /><testcase classname="tests.test_iter178" name="test_wa_webhook_health" time="0.208" /><testcase classname="tests.test_iter178" name="test_receptionist_endpoint" time="0.530" /><testcase classname="tests.test_iter178" name="test_compose_rejects_other_tenant_image" time="0.090" /><testcase classname="tests.test_iter178" name="test_signed_webhook_asks_salon" time="5.347" /></testsuite></testsuites>