<?xml version="1.0" encoding="utf-8"?><testsuites name="pytest tests"><testsuite name="pytest" errors="0" failures="0" skipped="0" tests="8" time="1.119" timestamp="2026-09-06T08:25:10.230350+00:00" hostname="agent-env-d1dfed1a-214d-43b3-ad1c-27a56ad52812"><testcase classname="tests.test_iter128_voting" name="test_applicants_list_shape" time="0.238" /><testcase classname="tests.test_iter128_voting" name="test_applicants_with_voter_shows_voted" time="0.062" /><testcase classname="tests.test_iter128_voting" name="test_vote_self_forbidden" time="0.121" /><testcase classname="tests.test_iter128_voting" name="test_vote_unknown_participant" time="0.060" /><testcase classname="tests.test_iter128_voting" name="test_vote_invalid_phone" time="0.121" /><testcase classname="tests.test_iter128_voting" name="test_vote_toggle_new_phone" time="0.190" /><testcase classname="tests.test_iter128_voting" name="test_me_includes_vote_count_and_id" time="0.179" /><testcase classname="tests.test_iter128_voting" name="test_public_campaign_events_and_winners" time="0.062" /></testsuite></testsuites>