<?xml version="1.0" encoding="utf-8"?><testsuites name="pytest tests"><testsuite name="pytest" errors="0" failures="0" skipped="0" tests="9" time="4.736" timestamp="2026-07-08T18:00:00.498702+00:00" hostname="agent-env-d1dfed1a-214d-43b3-ad1c-27a56ad52812"><testcase classname="tests.test_iter58_autopilot" name="test_autopilot_requires_auth" time="0.225" /><testcase classname="tests.test_iter58_autopilot" name="test_get_settings" time="0.401" /><testcase classname="tests.test_iter58_autopilot" name="test_put_empty_returns_400" time="0.058" /><testcase classname="tests.test_iter58_autopilot" name="test_put_cap_clamps_to_50" time="0.105" /><testcase classname="tests.test_iter58_autopilot" name="test_activity_returns_runs_and_outreach" time="0.059" /><testcase classname="tests.test_iter58_autopilot" name="test_run_now_reuses_today_calendar" time="2.771" /><testcase classname="tests.test_iter58_autopilot" name="test_wa_sent_removes_lead" time="0.177" /><testcase classname="tests.test_iter58_autopilot" name="test_tenant_isolation_elegance" time="0.453" /><testcase classname="tests.test_iter58_autopilot" name="test_zzz_leave_enabled" time="0.101" /></testsuite></testsuites>