<?xml version="1.0" encoding="utf-8"?><testsuites name="pytest tests"><testsuite name="pytest" errors="0" failures="0" skipped="0" tests="12" time="4.266" timestamp="2026-07-02T09:07:37.701437+00:00" hostname="agent-env-d1dfed1a-214d-43b3-ad1c-27a56ad52812"><testcase classname="tests.test_iter36_chat_gallery.TestGallery" name="test_gallery_requires_auth" time="0.151" /><testcase classname="tests.test_iter36_chat_gallery.TestOwnerChat" name="test_public_chat_send" time="0.479" /><testcase classname="tests.test_iter36_chat_gallery.TestGallery" name="test_gallery_list_ok" time="0.426" /><testcase classname="tests.test_iter36_chat_gallery.TestOwnerChat" name="test_public_chat_poll" time="0.100" /><testcase classname="tests.test_iter36_chat_gallery.TestPublicAIChat" name="test_ai_chat_reply" time="2.818" /><testcase classname="tests.test_iter36_chat_gallery.TestOwnerChat" name="test_owner_sees_thread" time="0.600" /><testcase classname="tests.test_iter36_chat_gallery.TestOwnerChat" name="test_owner_unread_count" time="0.141" /><testcase classname="tests.test_iter36_chat_gallery.TestOwnerChat" name="test_owner_read_messages" time="0.103" /><testcase classname="tests.test_iter36_chat_gallery.TestOwnerChat" name="test_owner_reply_and_customer_polls" time="0.207" /><testcase classname="tests.test_iter36_chat_gallery.TestPublicAIChat" name="test_ai_chat_invalid_slug" time="0.104" /><testcase classname="tests.test_iter36_chat_gallery.TestTenantIsolation" name="test_no_leak_of_other_tenants" time="0.199" /><testcase classname="tests.test_iter36_chat_gallery.TestTenantIsolation" name="test_unauth_owner_chats_blocked" time="0.104" /></testsuite></testsuites>