<?xml version="1.0" encoding="utf-8"?><testsuites name="pytest tests"><testsuite name="pytest" errors="0" failures="1" skipped="0" tests="6" time="38.331" timestamp="2026-07-24T10:24:49.289580+00:00" hostname="agent-env-d1dfed1a-214d-43b3-ad1c-27a56ad52812"><testcase classname="tests.test_billing_and_mira_services" name="test_invoices_list" time="0.482" /><testcase classname="tests.test_billing_and_mira_services" name="test_create_invoice_math_and_persistence" time="2.235"><failure message="assert 405 == 200&#10; +  where 405 = &lt;Response [405]&gt;.status_code">backend/tests/test_billing_and_mira_services.py:85: in test_create_invoice_math_and_persistence
    assert got.status_code == 200
E   assert 405 == 200
E    +  where 405 = &lt;Response [405]&gt;.status_code</failure></testcase><testcase classname="tests.test_billing_and_mira_services" name="test_services_list" time="0.047" /><testcase classname="tests.test_billing_and_mira_services" name="test_generate_missing_images_shape" time="15.992" /><testcase classname="tests.test_billing_and_mira_services" name="test_generate_single_service_image" time="18.937" /><testcase classname="tests.test_billing_and_mira_services" name="test_upload_image_service" time="0.541" /></testsuite></testsuites>