<?xml version="1.0" encoding="utf-8"?><testsuites name="pytest tests"><testsuite name="pytest" errors="0" failures="0" skipped="2" tests="11" time="4.878" timestamp="2026-09-17T07:38:11.605920+00:00" hostname="agent-env-d1dfed1a-214d-43b3-ad1c-27a56ad52812"><testcase classname="tests.test_iter165_whatsapp_link" name="test_status_admin_linked" time="0.450" /><testcase classname="tests.test_iter165_whatsapp_link" name="test_status_manager_forbidden" time="0.400" /><testcase classname="tests.test_iter165_whatsapp_link" name="test_status_unauth" time="0.112" /><testcase classname="tests.test_iter165_whatsapp_link" name="test_preferences_toggle_roundtrip" time="0.656" /><testcase classname="tests.test_iter165_whatsapp_link" name="test_pairing_code_invalid_phone" time="0.433" /><testcase classname="tests.test_iter165_whatsapp_link" name="test_test_send_invalid_phone" time="0.426" /><testcase classname="tests.test_iter165_whatsapp_link" name="test_elegance_status_not_linked" time="0.348"><skipped type="pytest.skip" message="Elegance tenant login unavailable: login owner@elegance.com → 403 {&quot;detail&quot;:{&quot;code&quot;:&quot;trial_expired&quot;,&quot;end_date&quot;:&quot;2026-07-14&quot;,&quot;message&quot;:&quot;Your free trial ended on 14 Jul 2026. Please contact the Miracurl team to activate your subscription.&quot;}}&#10;assert 403 == 200&#10; +  where 403 = &lt;Response [403]&gt;.status_code">/app/backend/tests/test_iter165_whatsapp_link.py:95: Elegance tenant login unavailable: login owner@elegance.com → 403 {"detail":{"code":"trial_expired","end_date":"2026-07-14","message":"Your free trial ended on 14 Jul 2026. Please contact the Miracurl team to activate your subscription."}}
assert 403 == 200
 +  where 403 = &lt;Response [403]&gt;.status_code</skipped></testcase><testcase classname="tests.test_iter165_whatsapp_link" name="test_elegance_test_send_not_linked" time="0.363"><skipped type="pytest.skip" message="Elegance tenant login unavailable: login owner@elegance.com → 403 {&quot;detail&quot;:{&quot;code&quot;:&quot;trial_expired&quot;,&quot;end_date&quot;:&quot;2026-07-14&quot;,&quot;message&quot;:&quot;Your free trial ended on 14 Jul 2026. Please contact the Miracurl team to activate your subscription.&quot;}}&#10;assert 403 == 200&#10; +  where 403 = &lt;Response [403]&gt;.status_code">/app/backend/tests/test_iter165_whatsapp_link.py:109: Elegance tenant login unavailable: login owner@elegance.com → 403 {"detail":{"code":"trial_expired","end_date":"2026-07-14","message":"Your free trial ended on 14 Jul 2026. Please contact the Miracurl team to activate your subscription."}}
assert 403 == 200
 +  where 403 = &lt;Response [403]&gt;.status_code</skipped></testcase><testcase classname="tests.test_iter165_whatsapp_link" name="test_winback_preview_and_dry_run" time="0.534" /><testcase classname="tests.test_iter165_whatsapp_link" name="test_review_blast_send_nonexistent_whatsapp" time="0.399" /><testcase classname="tests.test_iter165_whatsapp_link" name="test_review_blast_send_bad_channel" time="0.415" /></testsuite></testsuites>