<?xml version="1.0" encoding="utf-8"?><testsuites name="pytest tests"><testsuite name="pytest" errors="0" failures="0" skipped="0" tests="13" time="7.661" timestamp="2026-09-07T13:15:12.317829+00:00" hostname="agent-env-d1dfed1a-214d-43b3-ad1c-27a56ad52812"><testcase classname="tests.test_iter134_campaign_agreement.TestTenantAgreement" name="test_get_agreement_shape" time="0.525" /><testcase classname="tests.test_iter134_campaign_agreement.TestTenantAgreement" name="test_docs_pdfs" time="1.395" /><testcase classname="tests.test_iter134_campaign_agreement.TestTenantAgreement" name="test_agreement_text_contains" time="0.637" /><testcase classname="tests.test_iter134_campaign_agreement.TestTenantAgreement" name="test_guide_text_contains" time="0.281" /><testcase classname="tests.test_iter134_campaign_agreement.TestTenantAgreement" name="test_accept_validation_and_state" time="0.455" /><testcase classname="tests.test_iter134_campaign_agreement.TestTenantAgreement" name="test_signed_pdf_filename_and_text" time="0.663" /><testcase classname="tests.test_iter134_campaign_agreement.TestTenantAgreement" name="test_rewards_campaign_agreement_flag" time="0.084" /><testcase classname="tests.test_iter134_campaign_agreement.TestHqCampaignDocs" name="test_hq_templates" time="1.425" /><testcase classname="tests.test_iter134_campaign_agreement.TestHqCampaignDocs" name="test_hq_signed_copy_marathahalli" time="0.728" /><testcase classname="tests.test_iter134_campaign_agreement.TestHqCampaignDocs" name="test_hq_agreements_list" time="0.082" /><testcase classname="tests.test_iter134_campaign_agreement.TestHqCampaignDocs" name="test_hq_settlements_has_agreement_status" time="0.899" /><testcase classname="tests.test_iter134_campaign_agreement.TestHqCampaignDocs" name="test_hq_send_pack_no_email" time="0.244" /><testcase classname="tests.test_iter134_campaign_agreement.TestHqCampaignDocs" name="test_hq_send_all" time="0.087" /></testsuite></testsuites>