<?xml version="1.0" encoding="utf-8"?><testsuites name="pytest tests"><testsuite name="pytest" errors="0" failures="1" skipped="0" tests="10" time="12.717" timestamp="2026-09-17T17:17:44.853834+00:00" hostname="agent-env-d1dfed1a-214d-43b3-ad1c-27a56ad52812"><testcase classname="tests.test_iter173_wa_receptionist" name="test_receptionist_status" time="0.640"><failure message="AssertionError: assert '#miracurl-marathahalli' in 'https://wa.me/919180261256?text=Hi%20Miracurl%20Unisex%20Family%20Salon%21%20%23miracurl-marathahalli'&#10; +  where 'https://wa.me/919180261256?text=Hi%20Miracurl%20Unisex%20Family%20Salon%21%20%23miracurl-marathahalli' = &lt;built-in method get of dict object at 0xfc16d2290800&gt;('invite_link', '')&#10; +    where &lt;built-in method get of dict object at 0xfc16d2290800&gt; = {'enabled': True, 'feature_on': True, 'channel_ready': True, 'platform_number': '919180261256', ...}.get">tests/test_iter173_wa_receptionist.py:53: in test_receptionist_status
    assert f"#{SALON_SLUG}" in d.get("invite_link", "")
E   AssertionError: assert '#miracurl-marathahalli' in 'https://wa.me/919180261256?text=Hi%20Miracurl%20Unisex%20Family%20Salon%21%20%23miracurl-marathahalli'
E    +  where 'https://wa.me/919180261256?text=Hi%20Miracurl%20Unisex%20Family%20Salon%21%20%23miracurl-marathahalli' = &lt;built-in method get of dict object at 0xfc16d2290800&gt;('invite_link', '')
E    +    where &lt;built-in method get of dict object at 0xfc16d2290800&gt; = {'enabled': True, 'feature_on': True, 'channel_ready': True, 'platform_number': '919180261256', ...}.get</failure></testcase><testcase classname="tests.test_iter173_wa_receptionist" name="test_receptionist_qr_png" time="0.137" /><testcase classname="tests.test_iter173_wa_receptionist" name="test_sim_salon_booking_flow" time="4.651" /><testcase classname="tests.test_iter173_wa_receptionist" name="test_sim_restaurant_reservation_flow" time="2.634" /><testcase classname="tests.test_iter173_wa_receptionist" name="test_simulate_reset_clears_history" time="2.296" /><testcase classname="tests.test_iter173_wa_receptionist" name="test_thread_bad_wa_id_400" time="0.086" /><testcase classname="tests.test_iter173_wa_receptionist" name="test_thread_human_toggle_and_cleanup" time="0.244" /><testcase classname="tests.test_iter173_wa_receptionist" name="test_reply_meta_failure_not_500" time="0.607" /><testcase classname="tests.test_iter173_wa_receptionist" name="test_resolve_inbound_tenant_and_sticky_session" time="0.008" /><testcase classname="tests.test_iter173_wa_receptionist" name="test_public_web_chat_regression" time="0.868" /></testsuite></testsuites>