<?xml version="1.0" encoding="utf-8"?><testsuites name="pytest tests"><testsuite name="pytest" errors="0" failures="0" skipped="0" tests="3" time="1.407" timestamp="2026-06-30T09:27:27.204376+00:00" hostname="agent-env-d1dfed1a-214d-43b3-ad1c-27a56ad52812"><testcase classname="tests.test_iter10_review_blast.TestBlastTargetsAuth" name="test_unauth_401" time="0.349" /><testcase classname="tests.test_iter10_review_blast.TestBlastTargetsShape" name="test_authenticated_returns_contract" time="0.396" /><testcase classname="tests.test_iter10_review_blast.TestBlastTargetsPopulation" name="test_completed_appt_appears" time="0.557" /></testsuite></testsuites>