<?xml version="1.0" encoding="utf-8"?><testsuites name="pytest tests"><testsuite name="pytest" errors="0" failures="0" skipped="1" tests="26" time="8.391" timestamp="2026-07-12T12:31:14.396573+00:00" hostname="agent-env-d1dfed1a-214d-43b3-ad1c-27a56ad52812"><testcase classname="tests.test_iter66_regression.TestDocsAndEarnings" name="test_list_documents" time="0.487" /><testcase classname="tests.test_iter66_regression.TestDocsAndEarnings" name="test_pdf_download[onboarding_policy]" time="0.071" /><testcase classname="tests.test_iter66_regression.TestDocsAndEarnings" name="test_pdf_download[hiring_policy]" time="0.048" /><testcase classname="tests.test_iter66_regression.TestDocsAndEarnings" name="test_pdf_download[suite_overview]" time="0.048" /><testcase classname="tests.test_iter66_regression.TestDocsAndEarnings" name="test_pdf_download[terms_and_conditions]" time="0.046"><skipped type="pytest.skip" message="doc key terms_and_conditions not present">/app/backend/tests/test_iter66_regression.py:77: doc key terms_and_conditions not present</skipped></testcase><testcase classname="tests.test_iter66_regression.TestDocsAndEarnings" name="test_earnings" time="0.050" /><testcase classname="tests.test_iter66_regression.TestLeadGen" name="test_recipients_no_tenants_key" time="0.048" /><testcase classname="tests.test_iter66_regression.TestLeadGen" name="test_send_to_lead_and_block_partner" time="1.547" /><testcase classname="tests.test_iter66_regression.TestLeadGen" name="test_send_to_tenant_owner_blocked" time="0.059" /><testcase classname="tests.test_iter66_regression.TestDemoTrackingAndSlot" name="test_open_pixel" time="0.104" /><testcase classname="tests.test_iter66_regression.TestDemoTrackingAndSlot" name="test_click_redirect" time="0.123" /><testcase classname="tests.test_iter66_regression.TestDemoTrackingAndSlot" name="test_demo_slot_info" time="0.116" /><testcase classname="tests.test_iter66_regression.TestDemoTrackingAndSlot" name="test_demo_slot_book" time="0.549" /><testcase classname="tests.test_iter66_regression.TestDemoTrackingAndSlot" name="test_invites_list" time="0.047" /><testcase classname="tests.test_iter66_regression.TestDemoTrackingAndSlot" name="test_resend_invite" time="2.645" /><testcase classname="tests.test_iter66_regression.TestDemoTrackingAndSlot" name="test_followups_idempotent" time="0.292" /><testcase classname="tests.test_iter66_regression.TestDemoTrackingAndSlot" name="test_delete_invite_cleanup" time="0.049" /><testcase classname="tests.test_iter66_regression.TestPublicSalonPage" name="test_public_salon_page" time="0.120" /><testcase classname="tests.test_iter66_regression.TestGallery" name="test_gallery_list" time="0.387" /><testcase classname="tests.test_iter66_regression.TestGallery" name="test_gallery_upload_and_delete" time="0.607" /><testcase classname="tests.test_iter66_regression.TestReviewRequests" name="test_setting_default_true" time="0.053" /><testcase classname="tests.test_iter66_regression.TestReviewRequests" name="test_toggle" time="0.102" /><testcase classname="tests.test_iter66_regression.TestReviewRequests" name="test_pending_and_send" time="0.337" /><testcase classname="tests.test_iter66_regression.TestWhatsNew" name="test_whats_new_build" time="0.051" /><testcase classname="tests.test_iter66_regression.TestRegression" name="test_super_notifications" time="0.055" /><testcase classname="tests.test_iter66_regression.TestRegression" name="test_admin_dashboard_stats" time="0.165" /></testsuite></testsuites>