<?xml version="1.0" encoding="utf-8"?><testsuites name="pytest tests"><testsuite name="pytest" errors="0" failures="0" skipped="0" tests="19" time="3.887" timestamp="2026-09-07T14:30:52.993044+00:00" hostname="agent-env-d1dfed1a-214d-43b3-ad1c-27a56ad52812"><testcase classname="tests.test_iter137_restaurant_campaign.TestSettlementsDocs" name="test_settlements_default_salons" time="0.808" /><testcase classname="tests.test_iter137_restaurant_campaign.TestHQTenants" name="test_default_only_salons" time="0.803" /><testcase classname="tests.test_iter137_restaurant_campaign.TestHQTenants" name="test_restaurant_scope" time="0.077" /><testcase classname="tests.test_iter137_restaurant_campaign.TestSettlementsDocs" name="test_settlements_restaurant" time="0.120" /><testcase classname="tests.test_iter137_restaurant_campaign.TestHQTenants" name="test_flag_restaurant_tenant" time="0.204" /><testcase classname="tests.test_iter137_restaurant_campaign.TestSettlementsDocs" name="test_anomalies_restaurant" time="0.118" /><testcase classname="tests.test_iter137_restaurant_campaign.TestSettlementsDocs" name="test_agreement_pdf_restaurant" time="0.834" /><testcase classname="tests.test_iter137_restaurant_campaign.TestHQTenants" name="test_flag_salon_tenant" time="0.282" /><testcase classname="tests.test_iter137_restaurant_campaign.TestHQCampaignResolution" name="test_get_main_default" time="0.082" /><testcase classname="tests.test_iter137_restaurant_campaign.TestHQCampaignResolution" name="test_get_restaurant" time="0.101" /><testcase classname="tests.test_iter137_restaurant_campaign.TestHQCampaignResolution" name="test_get_bogus_falls_back" time="0.083" /><testcase classname="tests.test_iter137_restaurant_campaign.TestPublic" name="test_public_restaurant" time="0.135" /><testcase classname="tests.test_iter137_restaurant_campaign.TestPublic" name="test_public_salon_unchanged" time="0.148" /><testcase classname="tests.test_iter137_restaurant_campaign.TestSettlementsDocs" name="test_guide_pdf_restaurant" time="0.412" /><testcase classname="tests.test_iter137_restaurant_campaign.TestPublic" name="test_public_participants_regression" time="0.192" /><testcase classname="tests.test_iter137_restaurant_campaign.TestSettlementsDocs" name="test_agreement_pdf_main_still_salon" time="0.760" /><testcase classname="tests.test_iter137_restaurant_campaign.TestTenantRegression" name="test_settings_rewards_campaign" time="0.582" /><testcase classname="tests.test_iter137_restaurant_campaign.TestTenantRegression" name="test_agreement_endpoint" time="0.094" /><testcase classname="tests.test_iter137_restaurant_campaign.TestPUTRestaurant" name="test_put_restaurant_tagline_no_leak_to_main" time="0.409" /></testsuite></testsuites>