<?xml version="1.0" encoding="utf-8"?><testsuites name="pytest tests"><testsuite name="pytest" errors="0" failures="0" skipped="0" tests="12" time="3.312" timestamp="2026-09-17T08:09:49.533801+00:00" hostname="agent-env-d1dfed1a-214d-43b3-ad1c-27a56ad52812"><testcase classname="tests.test_iter166_wa_campaigns.TestUsageAndCap" name="test_get_usage" time="0.735" /><testcase classname="tests.test_iter166_wa_campaigns.TestCampaignsList" name="test_list_has_festive_glow" time="0.737" /><testcase classname="tests.test_iter166_wa_campaigns.TestUsageAndCap" name="test_daily_cap_roundtrip" time="0.339" /><testcase classname="tests.test_iter166_wa_campaigns.TestCampaignsList" name="test_detail_returns_recipients" time="0.108" /><testcase classname="tests.test_iter166_wa_campaigns.TestCampaignsList" name="test_detail_unknown_404" time="0.068" /><testcase classname="tests.test_iter166_wa_campaigns.TestCampaignsList" name="test_pause_on_done_returns_409" time="0.073" /><testcase classname="tests.test_iter166_wa_campaigns.TestCampaignsList" name="test_bogus_action_400" time="0.070" /><testcase classname="tests.test_iter166_wa_campaigns.TestBrandingPhonesPersistence" name="test_put_and_get_reception_manager_phone" time="0.267" /><testcase classname="tests.test_iter166_wa_campaigns.TestUsageAndCap" name="test_daily_cap_too_low" time="0.062" /><testcase classname="tests.test_iter166_wa_campaigns.TestCampaignCreateValidation" name="test_empty_customer_ids_422" time="0.063" /><testcase classname="tests.test_iter166_wa_campaigns.TestCampaignCreateValidation" name="test_text_too_short_422" time="0.064" /><testcase classname="tests.test_iter166_wa_campaigns.TestCompose" name="test_compose_returns_text_image_candidates" time="1.627" /></testsuite></testsuites>