<?xml version="1.0" encoding="utf-8"?><testsuites name="pytest tests"><testsuite name="pytest" errors="0" failures="0" skipped="0" tests="64" time="59.723" timestamp="2026-09-08T02:33:57.054663+00:00" hostname="agent-env-d1dfed1a-214d-43b3-ad1c-27a56ad52812"><testcase classname="tests.test_iter141_payments_regression" name="test_a1_razorpay_config" time="0.487" /><testcase classname="tests.test_iter141_payments_regression" name="test_a2_subscription_status" time="0.072" /><testcase classname="tests.test_iter141_payments_regression" name="test_a3_razorpay_order_and_bad_verify" time="1.160" /><testcase classname="tests.test_iter141_payments_regression" name="test_a4_billing_invoices_and_pdfs" time="1.760" /><testcase classname="tests.test_iter141_payments_regression" name="test_a5_razorpay_webhook_bad_sig" time="0.143" /><testcase classname="tests.test_iter141_payments_regression" name="test_a6_sms_packs" time="0.070" /><testcase classname="tests.test_iter141_payments_regression" name="test_a7_grace_request_no_500" time="0.068" /><testcase classname="tests.test_iter141_payments_regression" name="test_b1_public_plans" time="0.132" /><testcase classname="tests.test_iter141_payments_regression" name="test_b2_super_admin_plans" time="0.419" /><testcase classname="tests.test_iter141_payments_regression" name="test_b3_super_admin_paylinks_list" time="0.069" /><testcase classname="tests.test_iter141_payments_regression" name="test_b4_create_pay_link_for_miracurl" time="0.071" /><testcase classname="tests.test_iter141_payments_regression" name="test_b5_public_paylink_get" time="0.124" /><testcase classname="tests.test_iter141_payments_regression" name="test_b6_public_paylink_order_and_verify_fake" time="1.050" /><testcase classname="tests.test_iter141_payments_regression" name="test_b7_email_paylink_non_500" time="0.102" /><testcase classname="tests.test_iter141_payments_regression" name="test_b8_delete_paylink" time="0.066" /><testcase classname="tests.test_iter141_payments_regression" name="test_b9_bogus_paylink_404" time="0.125" /><testcase classname="tests.test_iter141_payments_regression" name="test_c1_signup_intl_tenant" time="0.349" /><testcase classname="tests.test_iter141_payments_regression" name="test_c2_super_admin_creates_usd_pay_link" time="0.270" /><testcase classname="tests.test_iter141_payments_regression" name="test_c3_stripe_checkout_created" time="1.054" /><testcase classname="tests.test_iter141_payments_regression" name="test_c4_run_trial_nudges_skips_usd" time="1.025" /><testcase classname="tests.test_iter141_payments_regression" name="test_d1_hq_list_subs" time="0.076" /><testcase classname="tests.test_iter141_payments_regression" name="test_d2_revenue" time="0.072" /><testcase classname="tests.test_iter141_payments_regression" name="test_d3_export_csv" time="0.071" /><testcase classname="tests.test_iter141_payments_regression" name="test_d4_create_throwaway_tenant" time="12.943" /><testcase classname="tests.test_iter141_payments_regression" name="test_d5_create_subscription_and_paid_invoice" time="5.288" /><testcase classname="tests.test_iter141_payments_regression" name="test_d6_extend_and_cancel" time="0.139" /><testcase classname="tests.test_iter141_payments_regression" name="test_d7_delete_subscription" time="0.067" /><testcase classname="tests.test_iter141_payments_regression" name="test_d8_tenant_billing_history" time="0.080" /><testcase classname="tests.test_iter141_payments_regression" name="test_d9_biller_identity_roundtrip" time="0.142" /><testcase classname="tests.test_iter141_payments_regression" name="test_d10_invoices_backfill" time="0.069" /><testcase classname="tests.test_iter141_payments_regression" name="test_d11_grace_requests_list" time="0.069" /><testcase classname="tests.test_iter141_payments_regression" name="test_d12_trial_days_set_and_restore" time="0.144" /><testcase classname="tests.test_iter141_payments_regression" name="test_e1_subscription_sweep" time="0.218" /><testcase classname="tests.test_iter141_payments_regression" name="test_e2_trial_sweep_with_paylink" time="0.452" /><testcase classname="tests.test_iter141_payments_regression" name="test_e3_sweep_skips_tenant_without_owner_email" time="0.072" /><testcase classname="tests.test_iter141_payments_regression" name="test_f1_trial_invoice_regression" time="7.171" /><testcase classname="tests.test_iter141_payments_regression" name="test_g1_backend_error_log" time="0.001" /><testcase classname="tests.test_iter141_payments_regression" name="test_z_cleanup" time="0.008" /><testcase classname="tests.test_iter142_webhook_reconcile" name="test_secret_configured" time="0.002" /><testcase classname="tests.test_iter142_webhook_reconcile" name="test_bad_signature_rejected" time="0.179" /><testcase classname="tests.test_iter142_webhook_reconcile" name="test_captured_activates_subscription" time="1.955" /><testcase classname="tests.test_iter142_webhook_reconcile" name="test_duplicate_event_id_is_noop" time="0.115" /><testcase classname="tests.test_iter142_webhook_reconcile" name="test_order_paid_after_capture_is_idempotent" time="0.123" /><testcase classname="tests.test_iter142_webhook_reconcile" name="test_refund_revokes_access" time="0.126" /><testcase classname="tests.test_iter142_webhook_reconcile" name="test_payment_failed_marks_pending" time="0.124" /><testcase classname="tests.test_iter142_webhook_reconcile" name="test_events_archived_and_status_endpoint" time="0.449" /><testcase classname="tests.test_iter143_webhook_offer.TestPayLinkWebhookSettle" name="test_create_pay_link_and_attach_order" time="14.181" /><testcase classname="tests.test_iter143_webhook_offer.TestPayLinkWebhookSettle" name="test_signed_order_paid_settles_link" time="2.322" /><testcase classname="tests.test_iter143_webhook_offer.TestPayLinkWebhookSettle" name="test_duplicate_order_paid_is_no_duplicate" time="0.133" /><testcase classname="tests.test_iter143_webhook_offer.TestPayLinkWebhookSettle" name="test_signed_refund_processed_revokes" time="0.123" /><testcase classname="tests.test_iter143_webhook_offer.TestWebhookErrors" name="test_missing_signature" time="0.130" /><testcase classname="tests.test_iter143_webhook_offer.TestWebhookErrors" name="test_bad_signature" time="0.132" /><testcase classname="tests.test_iter143_webhook_offer.TestWebhookErrors" name="test_malformed_json_with_valid_signature" time="0.170" /><testcase classname="tests.test_iter143_webhook_offer.TestWebhookErrors" name="test_unknown_order_captured_no_crash" time="0.124" /><testcase classname="tests.test_iter143_webhook_offer.TestVerifyUnchanged" name="test_verify_fake_signature_400" time="1.260" /><testcase classname="tests.test_iter143_webhook_offer.TestTrialOfferSettings" name="test_get_defaults" time="0.065" /><testcase classname="tests.test_iter143_webhook_offer.TestTrialOfferSettings" name="test_put_valid_flat" time="0.065" /><testcase classname="tests.test_iter143_webhook_offer.TestTrialOfferSettings" name="test_put_percent_out_of_range_rejected" time="0.062" /><testcase classname="tests.test_iter143_webhook_offer.TestTrialOfferSettings" name="test_put_bogus_kind_rejected" time="0.067" /><testcase classname="tests.test_iter143_webhook_offer.TestTrialOfferSettings" name="test_restore_defaults" time="0.066" /><testcase classname="tests.test_iter143_webhook_offer.TestTrialOfferNudge" name="test_nudge_days1_bakes_offer" time="0.715" /><testcase classname="tests.test_iter143_webhook_offer.TestTrialOfferNudge" name="test_nudge_days7_no_discount" time="0.244" /><testcase classname="tests.test_iter143_webhook_offer.TestTrialOfferNudge" name="test_disabled_offer_days1_no_discount" time="0.362" /><testcase classname="tests.test_iter143_webhook_offer" name="test_webhook_status_endpoint" time="0.541" /></testsuite></testsuites>