<?xml version="1.0" encoding="utf-8"?><testsuites name="pytest tests"><testsuite name="pytest" errors="0" failures="0" skipped="1" tests="14" time="5.879" timestamp="2026-08-08T13:03:19.228148+00:00" hostname="agent-env-d1dfed1a-214d-43b3-ad1c-27a56ad52812"><testcase classname="tests.test_iter102_refactor_regression.TestAuthSubscriptionGate" name="test_admin_login" time="0.571" /><testcase classname="tests.test_iter102_refactor_regression.TestAuthSubscriptionGate" name="test_manager_login" time="0.408" /><testcase classname="tests.test_iter102_refactor_regression.TestInvoiceCreation" name="test_create_completed_invoice_cash" time="2.057" /><testcase classname="tests.test_iter102_refactor_regression.TestInvoiceCreation" name="test_create_open_invoice" time="0.060" /><testcase classname="tests.test_iter102_refactor_regression.TestInvoiceCreation" name="test_invalid_customer_id_returns_400" time="0.061" /><testcase classname="tests.test_iter102_refactor_regression.TestInvoiceCreation" name="test_wallet_apply_exceeds_balance" time="0.135" /><testcase classname="tests.test_iter102_refactor_regression.TestPosGiftCard" name="test_issue_gift_card_via_pos_invoice" time="1.843" /><testcase classname="tests.test_iter102_refactor_regression.TestGiftCardPublic" name="test_config" time="0.148" /><testcase classname="tests.test_iter102_refactor_regression.TestGiftCardPublic" name="test_preview_email" time="0.133" /><testcase classname="tests.test_iter102_refactor_regression.TestMembershipPublicConfig" name="test_config" time="0.108" /><testcase classname="tests.test_iter102_refactor_regression.TestLateArrivalDigest" name="test_send_now_no_500" time="0.056" /><testcase classname="tests.test_iter102_refactor_regression.TestBirthdayEmails" name="test_send_birthday_wishes" time="0.053" /><testcase classname="tests.test_iter102_refactor_regression.TestWalletPass" name="test_unknown_member_wallet_pass" time="0.099" /><testcase classname="tests.test_iter102_refactor_regression" name="test_zzz_cleanup" time="0.077"><skipped type="pytest.skip" message="MONGO_URL/DB_NAME not available; skip cleanup">/app/backend/tests/test_iter102_refactor_regression.py:268: MONGO_URL/DB_NAME not available; skip cleanup</skipped></testcase></testsuite></testsuites>