<?xml version="1.0" encoding="utf-8"?><testsuites name="pytest tests"><testsuite name="pytest" errors="0" failures="1" skipped="0" tests="7" time="3.836" timestamp="2026-06-30T15:21:57.386960+00:00" hostname="agent-env-d1dfed1a-214d-43b3-ad1c-27a56ad52812"><testcase classname="tests.test_iter17_signup_salon" name="test_signup_happy_path" time="0.525" /><testcase classname="tests.test_iter17_signup_salon" name="test_signup_then_me_tenant_dashboard" time="0.658" /><testcase classname="tests.test_iter17_signup_salon" name="test_signup_duplicate_email_400" time="0.424" /><testcase classname="tests.test_iter17_signup_salon" name="test_signup_weak_password_422" time="0.101" /><testcase classname="tests.test_iter17_signup_salon" name="test_signup_invalid_slug_400" time="0.115" /><testcase classname="tests.test_iter17_signup_salon" name="test_signup_slug_auto_uniqueness" time="0.100"><failure message="AssertionError: {&quot;detail&quot;:[{&quot;type&quot;:&quot;string_too_short&quot;,&quot;loc&quot;:[&quot;body&quot;,&quot;owner_name&quot;],&quot;msg&quot;:&quot;String should have at least 2 characters&quot;,&quot;input&quot;:&quot;A&quot;,&quot;ctx&quot;:{&quot;min_length&quot;:2},&quot;url&quot;:&quot;https://errors.pydantic.dev/2.13/v/string_too_short&quot;}]}&#10;assert 422 == 200&#10; +  where 422 = &lt;Response [422]&gt;.status_code">backend/tests/test_iter17_signup_salon.py:128: in test_signup_slug_auto_uniqueness
    assert r1.status_code == 200, r1.text
E   AssertionError: {"detail":[{"type":"string_too_short","loc":["body","owner_name"],"msg":"String should have at least 2 characters","input":"A","ctx":{"min_length":2},"url":"https://errors.pydantic.dev/2.13/v/string_too_short"}]}
E   assert 422 == 200
E    +  where 422 = &lt;Response [422]&gt;.status_code</failure></testcase><testcase classname="tests.test_iter17_signup_salon" name="test_signup_rate_limit_429" time="1.399" /></testsuite></testsuites>