<?xml version="1.0" encoding="utf-8"?><testsuites name="pytest tests"><testsuite name="pytest" errors="0" failures="2" skipped="0" tests="19" time="4.856" timestamp="2026-09-07T14:20:57.645186+00:00" hostname="agent-env-d1dfed1a-214d-43b3-ad1c-27a56ad52812"><testcase classname="tests.test_iter137_restaurant_campaign.TestHQCampaignResolution" name="test_get_main_default" time="0.575" /><testcase classname="tests.test_iter137_restaurant_campaign.TestHQCampaignResolution" name="test_get_restaurant" time="0.080" /><testcase classname="tests.test_iter137_restaurant_campaign.TestHQCampaignResolution" name="test_get_bogus_falls_back" time="0.080" /><testcase classname="tests.test_iter137_restaurant_campaign.TestHQTenants" name="test_default_only_salons" time="0.083" /><testcase classname="tests.test_iter137_restaurant_campaign.TestHQTenants" name="test_restaurant_scope" time="0.077" /><testcase classname="tests.test_iter137_restaurant_campaign.TestHQTenants" name="test_flag_restaurant_tenant" time="0.168" /><testcase classname="tests.test_iter137_restaurant_campaign.TestHQTenants" name="test_flag_salon_tenant" time="0.240" /><testcase classname="tests.test_iter137_restaurant_campaign.TestPUTRestaurant" name="test_put_restaurant_tagline_no_leak_to_main" time="0.234"><failure message="AssertionError: assert 'Dine, share ...e Ambassador.' == 'Dine, share ...TEST_ITER137]'&#10;  &#10;  - Dine, share your plate, get cast as a Taste Ambassador. [TEST_ITER137]&#10;  ?                                                        ---------------&#10;  + Dine, share your plate, get cast as a Taste Ambassador.">backend/tests/test_iter137_restaurant_campaign.py:146: in test_put_restaurant_tagline_no_leak_to_main
    assert d["tagline"] == new_tagline
E   AssertionError: assert 'Dine, share ...e Ambassador.' == 'Dine, share ...TEST_ITER137]'
E     
E     - Dine, share your plate, get cast as a Taste Ambassador. [TEST_ITER137]
E     ?                                                        ---------------
E     + Dine, share your plate, get cast as a Taste Ambassador.</failure></testcase><testcase classname="tests.test_iter137_restaurant_campaign.TestSettlementsDocs" name="test_settlements_default_salons" time="0.311" /><testcase classname="tests.test_iter137_restaurant_campaign.TestSettlementsDocs" name="test_settlements_restaurant" time="0.084" /><testcase classname="tests.test_iter137_restaurant_campaign.TestSettlementsDocs" name="test_anomalies_restaurant" time="0.083" /><testcase classname="tests.test_iter137_restaurant_campaign.TestSettlementsDocs" name="test_agreement_pdf_restaurant" time="0.775"><failure message="AssertionError: assert 'Brand Model' not in 'Restaurant ...signature.\n'&#10;  &#10;  'Brand Model' is contained here:&#10;    Restaurant Participation Agreement&#10;    Taste Ambassador Campaign · Miracurl Taste Ambassador — Diner Rewards  ·  Version EE24E28551&#10;    Miracurl Suite · miracurl-suite.com · issued 07 Sep 2026&#10;    PARTIES&#10;    #x7F  (1) Miracurl AI Restaurant Suite, Marathahalli, Bengaluru, Karnataka 560037, India...&#10;  &#10;  ...Full output truncated (137 lines hidden), use '-vv' to show">backend/tests/test_iter137_restaurant_campaign.py:200: in test_agreement_pdf_restaurant
    assert "Brand Model" not in text
E   AssertionError: assert 'Brand Model' not in 'Restaurant ...signature.\n'
E     
E     'Brand Model' is contained here:
E       Restaurant Participation Agreement
E       Taste Ambassador Campaign · Miracurl Taste Ambassador — Diner Rewards  ·  Version EE24E28551
E       Miracurl Suite · miracurl-suite.com · issued 07 Sep 2026
E       PARTIES
E       #x7F  (1) Miracurl AI Restaurant Suite, Marathahalli, Bengaluru, Karnataka 560037, India...
E     
E     ...Full output truncated (137 lines hidden), use '-vv' to show</failure></testcase><testcase classname="tests.test_iter137_restaurant_campaign.TestSettlementsDocs" name="test_guide_pdf_restaurant" time="0.295" /><testcase classname="tests.test_iter137_restaurant_campaign.TestSettlementsDocs" name="test_agreement_pdf_main_still_salon" time="0.633" /><testcase classname="tests.test_iter137_restaurant_campaign.TestPublic" name="test_public_restaurant" time="0.151" /><testcase classname="tests.test_iter137_restaurant_campaign.TestPublic" name="test_public_salon_unchanged" time="0.138" /><testcase classname="tests.test_iter137_restaurant_campaign.TestPublic" name="test_public_participants_regression" time="0.150" /><testcase classname="tests.test_iter137_restaurant_campaign.TestTenantRegression" name="test_settings_rewards_campaign" time="0.470" /><testcase classname="tests.test_iter137_restaurant_campaign.TestTenantRegression" name="test_agreement_endpoint" time="0.085" /></testsuite></testsuites>