<?xml version="1.0" encoding="utf-8"?><testsuites name="pytest tests"><testsuite name="pytest" errors="0" failures="0" skipped="3" tests="17" time="3.260" timestamp="2026-07-02T19:01:17.816590+00:00" hostname="agent-env-d1dfed1a-214d-43b3-ad1c-27a56ad52812"><testcase classname="tests.test_iter39_manager_wa_approval.TestAuthRoles" name="test_manager_login_role" time="0.516" /><testcase classname="tests.test_iter39_manager_wa_approval.TestManagerRBAC" name="test_manager_customers_allowed" time="0.973" /><testcase classname="tests.test_iter39_manager_wa_approval.TestAuthRoles" name="test_admin_login_role" time="0.452" /><testcase classname="tests.test_iter39_manager_wa_approval.TestManagerRBAC" name="test_manager_reports_dashboard_allowed" time="0.085" /><testcase classname="tests.test_iter39_manager_wa_approval.TestManagerRBAC" name="test_manager_reports_sales_forbidden" time="0.270" /><testcase classname="tests.test_iter39_manager_wa_approval.TestManagerRBAC" name="test_manager_reports_daily_forbidden" time="0.069" /><testcase classname="tests.test_iter39_manager_wa_approval.TestAuthRoles" name="test_staff_login_role" time="0.397"><skipped type="pytest.skip" message="staff login unavailable (may have been rotated): login failed for priya.staff@miracurl.com: 401 {&quot;detail&quot;:&quot;Invalid email or password&quot;}&#10;assert 401 == 200&#10; +  where 401 = &lt;Response [401]&gt;.status_code">/app/backend/tests/test_iter39_manager_wa_approval.py:63: staff login unavailable (may have been rotated): login failed for priya.staff@miracurl.com: 401 {"detail":"Invalid email or password"}
assert 401 == 200
 +  where 401 = &lt;Response [401]&gt;.status_code</skipped></testcase><testcase classname="tests.test_iter39_manager_wa_approval.TestAdminWhatsAppApprovals" name="test_admin_can_list" time="0.116" /><testcase classname="tests.test_iter39_manager_wa_approval.TestManagerRBAC" name="test_manager_reports_staff_commission_forbidden" time="0.071" /><testcase classname="tests.test_iter39_manager_wa_approval.TestManagerRBAC" name="test_manager_whatsapp_requests_list_forbidden" time="0.073" /><testcase classname="tests.test_iter39_manager_wa_approval.TestAdminWhatsAppApprovals" name="test_admin_approve_flow" time="0.306" /><testcase classname="tests.test_iter39_manager_wa_approval.TestManagerRBAC" name="test_manager_whatsapp_requests_post_allowed" time="0.112" /><testcase classname="tests.test_iter39_manager_wa_approval.TestAppointmentConfirm" name="test_manager_confirm_creates_wa_request" time="0.464" /><testcase classname="tests.test_iter39_manager_wa_approval.TestAdminWhatsAppApprovals" name="test_admin_reject_flow" time="0.227" /><testcase classname="tests.test_iter39_manager_wa_approval.TestStaffRegression" name="test_staff_cannot_access_reports_sales" time="0.000"><skipped type="pytest.skip" message="staff login unavailable (may have been rotated): login failed for priya.staff@miracurl.com: 401 {&quot;detail&quot;:&quot;Invalid email or password&quot;}&#10;assert 401 == 200&#10; +  where 401 = &lt;Response [401]&gt;.status_code">/app/backend/tests/test_iter39_manager_wa_approval.py:216: staff login unavailable (may have been rotated): login failed for priya.staff@miracurl.com: 401 {"detail":"Invalid email or password"}
assert 401 == 200
 +  where 401 = &lt;Response [401]&gt;.status_code</skipped></testcase><testcase classname="tests.test_iter39_manager_wa_approval.TestStaffRegression" name="test_staff_cannot_list_whatsapp_requests" time="0.002"><skipped type="pytest.skip" message="staff login unavailable (may have been rotated): login failed for priya.staff@miracurl.com: 401 {&quot;detail&quot;:&quot;Invalid email or password&quot;}&#10;assert 401 == 200&#10; +  where 401 = &lt;Response [401]&gt;.status_code">/app/backend/tests/test_iter39_manager_wa_approval.py:221: staff login unavailable (may have been rotated): login failed for priya.staff@miracurl.com: 401 {"detail":"Invalid email or password"}
assert 401 == 200
 +  where 401 = &lt;Response [401]&gt;.status_code</skipped></testcase><testcase classname="tests.test_iter39_manager_wa_approval.TestAppointmentConfirm" name="test_admin_confirm_returns_whatsapp_url" time="0.743" /></testsuite></testsuites>