<?xml version="1.0" encoding="utf-8"?><testsuites name="pytest tests"><testsuite name="pytest" errors="0" failures="0" skipped="0" tests="13" time="3.343" timestamp="2026-09-11T12:24:11.904115+00:00" hostname="agent-env-d1dfed1a-214d-43b3-ad1c-27a56ad52812"><testcase classname="tests.test_iter146_color_tryon" name="test_public_color_catalog_ok" time="0.264" /><testcase classname="tests.test_iter146_color_tryon" name="test_public_color_catalog_unknown_slug" time="0.139" /><testcase classname="tests.test_iter146_color_tryon" name="test_pick_shape" time="0.223" /><testcase classname="tests.test_iter146_color_tryon" name="test_pick_invalid_color" time="0.141" /><testcase classname="tests.test_iter146_color_tryon" name="test_pick_invalid_undertone" time="0.199" /><testcase classname="tests.test_iter146_color_tryon" name="test_admin_color_picks_lists_qa_guest" time="0.487" /><testcase classname="tests.test_iter146_color_tryon" name="test_admin_hair_colors_twelve" time="0.094" /><testcase classname="tests.test_iter146_color_tryon" name="test_color_poster_ok" time="0.426" /><testcase classname="tests.test_iter146_color_tryon" name="test_color_poster_unauth" time="0.135" /><testcase classname="tests.test_iter146_color_tryon" name="test_new_bookings_contains_color_pick_notice" time="0.086" /><testcase classname="tests.test_iter146_color_tryon" name="test_veo_narrated_without_voiceover_fails_fast" time="0.610" /><testcase classname="tests.test_iter146_color_tryon" name="test_veo_resume_unknown_job" time="0.083" /><testcase classname="tests.test_iter146_color_tryon" name="test_veo_avatar_mode_422" time="0.079" /></testsuite></testsuites>