<?xml version="1.0" encoding="utf-8"?><testsuites name="pytest tests"><testsuite name="pytest" errors="0" failures="0" skipped="0" tests="23" time="10.178" timestamp="2026-09-07T05:05:26.236935+00:00" hostname="agent-env-d1dfed1a-214d-43b3-ad1c-27a56ad52812"><testcase classname="tests.test_iter132_guest_invoice_settlement" name="test_guest_invoice_pdf_shape" time="1.459" /><testcase classname="tests.test_iter132_guest_invoice_settlement" name="test_invoice_email_delivered" time="2.385" /><testcase classname="tests.test_iter132_guest_invoice_settlement" name="test_invoice_email_invalid" time="0.070" /><testcase classname="tests.test_iter132_guest_invoice_settlement" name="test_invoice_email_unknown" time="0.065" /><testcase classname="tests.test_iter132_guest_invoice_settlement" name="test_subscription_pdf_branded[invoice-MIRACURL SUITE]" time="1.074" /><testcase classname="tests.test_iter132_guest_invoice_settlement" name="test_subscription_pdf_branded[receipt-MIRACURL SUITE]" time="0.653" /><testcase classname="tests.test_iter132_guest_invoice_settlement" name="test_subscription_pdf_branded[terms-Terms &amp; Conditions]" time="0.278" /><testcase classname="tests.test_iter132_guest_invoice_settlement" name="test_settlements_list_shape" time="0.140" /><testcase classname="tests.test_iter132_guest_invoice_settlement" name="test_settlement_put_overdue" time="0.144" /><testcase classname="tests.test_iter132_guest_invoice_settlement" name="test_settlement_put_zero_not_set" time="0.149" /><testcase classname="tests.test_iter132_guest_invoice_settlement" name="test_settlement_put_invalid_date" time="0.074" /><testcase classname="tests.test_iter132_guest_invoice_settlement" name="test_remind_whatsapp" time="1.306" /><testcase classname="tests.test_iter132_guest_invoice_settlement" name="test_remind_email_no_notify" time="1.193" /><testcase classname="tests.test_iter132_guest_invoice_settlement" name="test_remind_sms_invalid" time="0.069" /><testcase classname="tests.test_iter132_guest_invoice_settlement" name="test_reminders_grew" time="0.070" /><testcase classname="tests.test_iter132_guest_invoice_settlement" name="test_mark_paid" time="0.135" /><testcase classname="tests.test_iter132_guest_invoice_settlement" name="test_remind_after_paid" time="0.079" /><testcase classname="tests.test_iter132_guest_invoice_settlement" name="test_reopen" time="0.140" /><testcase classname="tests.test_iter132_guest_invoice_settlement" name="test_waive_then_restore" time="0.210" /><testcase classname="tests.test_iter132_guest_invoice_settlement" name="test_mark_paid_no_amount" time="0.076" /><testcase classname="tests.test_iter132_guest_invoice_settlement" name="test_unknown_tenant" time="0.070" /><testcase classname="tests.test_iter132_guest_invoice_settlement" name="test_tenant_view_settlement" time="0.073" /><testcase classname="tests.test_iter132_guest_invoice_settlement" name="test_final_state_marathahalli_pending" time="0.078" /></testsuite></testsuites>