<?xml version="1.0" encoding="utf-8"?><testsuites name="pytest tests"><testsuite name="pytest" errors="0" failures="0" skipped="0" tests="13" time="15.824" timestamp="2026-07-01T04:31:59.741174+00:00" hostname="agent-env-d1dfed1a-214d-43b3-ad1c-27a56ad52812"><testcase classname="tests.test_iter25_security_saves.TestSaveFlows" name="test_branding_get_then_put" time="1.415" /><testcase classname="tests.test_iter25_security_saves.TestRegressionEndpoints" name="test_dashboard_reminders" time="0.931" /><testcase classname="tests.test_iter25_security_saves.TestRegressionEndpoints" name="test_super_renewals_queue" time="0.549" /><testcase classname="tests.test_iter25_security_saves.TestSaveFlows" name="test_tax_put" time="0.268" /><testcase classname="tests.test_iter25_security_saves.TestRegressionEndpoints" name="test_settings_tax_default" time="0.151" /><testcase classname="tests.test_iter25_security_saves.TestRegressionAuth" name="test_super_admin_login" time="0.000" /><testcase classname="tests.test_iter25_security_saves.TestRegressionAuth" name="test_admin_login" time="0.000" /><testcase classname="tests.test_iter25_security_saves.TestRazorpaySecurity" name="test_config_ok" time="0.098" /><testcase classname="tests.test_iter25_security_saves.TestSaveFlows" name="test_customer_create_and_update" time="1.293" /><testcase classname="tests.test_iter25_security_saves.TestRazorpaySecurity" name="test_verify_uses_server_plan_and_blocks_replay" time="1.233" /><testcase classname="tests.test_iter25_security_saves.TestSeedNoOverwrite" name="test_seed_does_not_overwrite" time="12.271" /><testcase classname="tests.test_iter25_security_saves.TestSaveFlows" name="test_staff_create_and_update" time="0.349" /><testcase classname="tests.test_iter25_security_saves.TestSaveFlows" name="test_product_create_and_update" time="0.405" /></testsuite></testsuites>