<?xml version="1.0" encoding="utf-8"?><testsuites name="pytest tests"><testsuite name="pytest" errors="0" failures="1" skipped="0" tests="7" time="1.998" timestamp="2026-09-07T13:30:34.688347+00:00" hostname="agent-env-d1dfed1a-214d-43b3-ad1c-27a56ad52812"><testcase classname="tests.test_iter135_earnings_anomalies" name="test_anomalies_response_shape" time="0.564" /><testcase classname="tests.test_iter135_earnings_anomalies" name="test_anomalies_marathahalli_early_and_whitefield_no_baseline" time="0.081" /><testcase classname="tests.test_iter135_earnings_anomalies" name="test_anomalies_sort_order" time="0.078" /><testcase classname="tests.test_iter135_earnings_anomalies" name="test_alert_now_nothing_flagged" time="0.083" /><testcase classname="tests.test_iter135_earnings_anomalies" name="test_anomalies_forbidden_for_tenant" time="0.564" /><testcase classname="tests.test_iter135_earnings_anomalies" name="test_alert_forbidden_for_tenant" time="0.080" /><testcase classname="tests.test_iter135_earnings_anomalies" name="test_onboard_new_tenant_and_delete" time="0.080"><failure message="AssertionError: create failed: 422 {&quot;detail&quot;:[{&quot;type&quot;:&quot;value_error&quot;,&quot;loc&quot;:[&quot;body&quot;,&quot;salon_email&quot;],&quot;msg&quot;:&quot;value is not a valid email address: An email address must have an @-sign.&quot;,&quot;input&quot;:&quot;&quot;,&quot;ctx&quot;:{&quot;reason&quot;:&quot;An email address must have an @-sign.&quot;}}]}&#10;assert 422 in (200, 201)&#10; +  where 422 = &lt;Response [422]&gt;.status_code">tests/test_iter135_earnings_anomalies.py:124: in test_onboard_new_tenant_and_delete
    assert r.status_code in (200, 201), f"create failed: {r.status_code} {r.text[:300]}"
E   AssertionError: create failed: 422 {"detail":[{"type":"value_error","loc":["body","salon_email"],"msg":"value is not a valid email address: An email address must have an @-sign.","input":"","ctx":{"reason":"An email address must have an @-sign."}}]}
E   assert 422 in (200, 201)
E    +  where 422 = &lt;Response [422]&gt;.status_code</failure></testcase></testsuite></testsuites>