<?xml version="1.0" encoding="utf-8"?><testsuites name="pytest tests"><testsuite name="pytest" errors="0" failures="0" skipped="0" tests="23" time="2.996" timestamp="2026-08-01T05:49:11.465130+00:00" hostname="agent-env-d1dfed1a-214d-43b3-ad1c-27a56ad52812"><testcase classname="tests.test_iter94_manager_access.TestManagerBranchLock" name="test_attendance_today_no_param" time="0.494" /><testcase classname="tests.test_iter94_manager_access.TestManagerBranchLock" name="test_attendance_today_ignores_branch_param" time="0.046" /><testcase classname="tests.test_iter94_manager_access.TestManagerBranchLock" name="test_dashboard_200" time="0.050" /><testcase classname="tests.test_iter94_manager_access.TestManagerSectionAccess" name="test_staff_list" time="0.082" /><testcase classname="tests.test_iter94_manager_access.TestManagerSectionAccess" name="test_cctv_config" time="0.044" /><testcase classname="tests.test_iter94_manager_access.TestManagerSectionAccess" name="test_ai_inquiries" time="0.043" /><testcase classname="tests.test_iter94_manager_access.TestManagerSectionAccess" name="test_late_fines_settings" time="0.042" /><testcase classname="tests.test_iter94_manager_access.TestManagerSectionAccess" name="test_hire_jobs_list" time="0.089" /><testcase classname="tests.test_iter94_manager_access.TestManagerSectionAccess" name="test_desk_qr_png" time="0.457" /><testcase classname="tests.test_iter94_manager_access.TestManagerForbiddenOwnerEndpoints" name="test_get_managers_403" time="0.043" /><testcase classname="tests.test_iter94_manager_access.TestManagerForbiddenOwnerEndpoints" name="test_post_managers_403" time="0.082" /><testcase classname="tests.test_iter94_manager_access.TestAdminRegression" name="test_admin_dashboard" time="0.372" /><testcase classname="tests.test_iter94_manager_access.TestAdminRegression" name="test_admin_staff" time="0.042" /><testcase classname="tests.test_iter94_manager_access.TestAdminRegression" name="test_admin_cctv" time="0.044" /><testcase classname="tests.test_iter94_manager_access.TestAdminRegression" name="test_admin_ai_inquiries" time="0.084" /><testcase classname="tests.test_iter94_manager_access.TestAdminRegression" name="test_admin_late_fines" time="0.043" /><testcase classname="tests.test_iter94_manager_access.TestAdminRegression" name="test_admin_hire" time="0.045" /><testcase classname="tests.test_iter94_manager_access.TestAdminRegression" name="test_admin_desk_qr" time="0.454" /><testcase classname="tests.test_iter94_manager_access.TestAdminRegression" name="test_admin_managers_list" time="0.044" /><testcase classname="tests.test_iter94_manager_access.TestAdminRegression" name="test_admin_attendance_today_all_branches" time="0.089" /><testcase classname="tests.test_iter94_manager_access.TestAdminRegression" name="test_patch_manager_branch_invalid" time="0.044" /><testcase classname="tests.test_iter94_manager_access.TestAdminRegression" name="test_patch_manager_branch_clear_and_restore" time="0.126" /><testcase classname="tests.test_iter94_manager_access.TestPosRegression" name="test_pos_offers" time="0.045" /></testsuite></testsuites>