<?xml version="1.0" encoding="utf-8"?><testsuites name="pytest tests"><testsuite name="pytest" errors="0" failures="0" skipped="0" tests="8" time="2.416" timestamp="2026-08-25T05:11:32.595581+00:00" hostname="agent-env-d1dfed1a-214d-43b3-ad1c-27a56ad52812"><testcase classname="tests.test_iter113_restaurant_vertical" name="test_signup_restaurant_creates_30d_trial_menu_and_host" time="0.596" /><testcase classname="tests.test_iter113_restaurant_vertical" name="test_signup_default_business_type_is_salon_7d_trial" time="0.329" /><testcase classname="tests.test_iter113_restaurant_vertical" name="test_public_salon_returns_business_type" time="0.252" /><testcase classname="tests.test_iter113_restaurant_vertical" name="test_public_book_restaurant_no_services_works" time="0.149" /><testcase classname="tests.test_iter113_restaurant_vertical" name="test_public_book_salon_no_services_returns_400" time="0.098" /><testcase classname="tests.test_iter113_restaurant_vertical" name="test_public_book_salon_valid_services_works" time="0.199" /><testcase classname="tests.test_iter113_restaurant_vertical" name="test_public_plans_include_resto" time="0.097" /><testcase classname="tests.test_iter113_restaurant_vertical" name="test_super_admin_edit_resto_plan_persists" time="0.611" /></testsuite></testsuites>