<?xml version="1.0" encoding="utf-8"?><testsuites name="pytest tests"><testsuite name="pytest" errors="0" failures="0" skipped="0" tests="12" time="2.649" timestamp="2026-09-21T12:13:16.993221+00:00" hostname="agent-env-d1dfed1a-214d-43b3-ad1c-27a56ad52812"><testcase classname="tests.test_iter183_import_clean_and_wa_cap.TestSuperAdminAuth" name="test_old_super_admin_rejected" time="0.288" /><testcase classname="tests.test_iter183_import_clean_and_wa_cap.TestSuperAdminAuth" name="test_new_super_admin_accepted" time="0.436" /><testcase classname="tests.test_iter183_import_clean_and_wa_cap.TestImportClean" name="test_preview_move_flow" time="0.640" /><testcase classname="tests.test_iter183_import_clean_and_wa_cap.TestImportClean" name="test_delete_action" time="0.083" /><testcase classname="tests.test_iter183_import_clean_and_wa_cap.TestImportClean" name="test_bad_date_422" time="0.071" /><testcase classname="tests.test_iter183_import_clean_and_wa_cap.TestImportClean" name="test_move_without_target_400" time="0.077" /><testcase classname="tests.test_iter183_import_clean_and_wa_cap.TestImportClean" name="test_move_target_equals_source_400" time="0.152" /><testcase classname="tests.test_iter183_import_clean_and_wa_cap.TestImportClean" name="test_unknown_tid_404" time="0.079" /><testcase classname="tests.test_iter183_import_clean_and_wa_cap.TestImportClean" name="test_non_super_admin_403" time="0.457" /><testcase classname="tests.test_iter183_import_clean_and_wa_cap.TestImportClean" name="test_zzz_cleanup" time="0.002" /><testcase classname="tests.test_iter183_import_clean_and_wa_cap.TestRegression" name="test_list_campaigns_tenant_admin" time="0.104" /><testcase classname="tests.test_iter183_import_clean_and_wa_cap.TestRegression" name="test_existing_hq_import_still_works" time="0.082" /></testsuite></testsuites>