<?xml version="1.0" encoding="utf-8"?><testsuites name="pytest tests"><testsuite name="pytest" errors="0" failures="0" skipped="0" tests="9" time="2.952" timestamp="2026-07-19T15:46:07.952981+00:00" hostname="agent-env-d1dfed1a-214d-43b3-ad1c-27a56ad52812"><testcase classname="tests.test_iter82_stripe_intl_signup" name="test_signup_intl_sets_usd_currency_and_timezone" time="0.448" /><testcase classname="tests.test_iter82_stripe_intl_signup" name="test_signup_default_no_usd_currency" time="0.341" /><testcase classname="tests.test_iter82_stripe_intl_signup" name="test_signup_region_in_no_usd" time="0.332" /><testcase classname="tests.test_iter82_stripe_intl_signup" name="test_intl_settings_returns_usd" time="0.363" /><testcase classname="tests.test_iter82_stripe_intl_signup" name="test_stripe_checkout_creates_session" time="0.617" /><testcase classname="tests.test_iter82_stripe_intl_signup" name="test_stripe_checkout_rejects_non_intl_plan" time="0.045" /><testcase classname="tests.test_iter82_stripe_intl_signup" name="test_stripe_checkout_unauthenticated" time="0.112" /><testcase classname="tests.test_iter82_stripe_intl_signup" name="test_stripe_status_pending" time="0.293" /><testcase classname="tests.test_iter82_stripe_intl_signup" name="test_stripe_status_unknown_session_404" time="0.049" /></testsuite></testsuites>