<?xml version="1.0" encoding="utf-8"?><testsuites name="pytest tests"><testsuite name="pytest" errors="0" failures="0" skipped="0" tests="11" time="5.621" timestamp="2026-07-07T06:52:39.641317+00:00" hostname="agent-env-d1dfed1a-214d-43b3-ad1c-27a56ad52812"><testcase classname="tests.test_iter51_batch_features.TestOvertimeUnit" name="test_overtime_computations" time="1.920" /><testcase classname="tests.test_iter51_batch_features.TestCoreRegression" name="test_admin_login_and_dashboard" time="0.393" /><testcase classname="tests.test_iter51_batch_features.TestCoreRegression" name="test_admin_reports_sales_has_avg_rating" time="0.057" /><testcase classname="tests.test_iter51_batch_features.TestCoreRegression" name="test_super_admin_login_and_overview" time="0.384" /><testcase classname="tests.test_iter51_batch_features.TestProductCommission" name="test_product_commission_2pct_via_direct_compute" time="2.289" /><testcase classname="tests.test_iter51_batch_features.TestOvertimeUnit" name="test_overtime_with_custom_rate" time="0.000" /><testcase classname="tests.test_iter51_batch_features.TestGSTRegression" name="test_tax_settings_shows_18pct" time="0.407" /><testcase classname="tests.test_iter51_batch_features.TestGSTRegression" name="test_invoice_applies_18pct_tax" time="0.149" /><testcase classname="tests.test_iter51_batch_features.TestSalesChat" name="test_sales_chat_start_and_message" time="1.853" /><testcase classname="tests.test_iter51_batch_features.TestPlatformDigest" name="test_send_platform_digest" time="0.479" /><testcase classname="tests.test_iter51_batch_features.TestXFFLockout" name="test_lockout_is_per_forwarded_ip" time="0.885" /></testsuite></testsuites>