<?xml version="1.0" encoding="utf-8"?><testsuites name="pytest tests"><testsuite name="pytest" errors="0" failures="0" skipped="0" tests="6" time="2.601" timestamp="2026-09-16T16:34:39.831508+00:00" hostname="agent-env-d1dfed1a-214d-43b3-ad1c-27a56ad52812"><testcase classname="tests.test_iter164_staff_portal_and_email_log.TestBankDetails" name="test_put_bank_details_with_valid_account_number" time="1.249" /><testcase classname="tests.test_iter164_staff_portal_and_email_log.TestSalonToday" name="test_staff_salon_today_returns_numeric_fields" time="1.188" /><testcase classname="tests.test_iter164_staff_portal_and_email_log.TestBankDetails" name="test_put_bank_details_non_digit_account_rejected" time="0.301" /><testcase classname="tests.test_iter164_staff_portal_and_email_log.TestSalonToday" name="test_admin_forbidden_salon_today" time="0.438" /><testcase classname="tests.test_iter164_staff_portal_and_email_log.TestEmailLogClear" name="test_clear_email_log_super_admin" time="0.474" /><testcase classname="tests.test_iter164_staff_portal_and_email_log.TestEmailLogClear" name="test_clear_email_log_forbidden_for_tenant_admin" time="0.073" /></testsuite></testsuites>