<?xml version="1.0" encoding="utf-8"?><testsuites name="pytest tests"><testsuite name="pytest" errors="0" failures="0" skipped="0" tests="7" time="3.344" timestamp="2026-07-07T07:20:45.644197+00:00" hostname="agent-env-d1dfed1a-214d-43b3-ad1c-27a56ad52812"><testcase classname="tests.test_iter52_batch_features.TestLateFines" name="test_get_put_late_fines_persist" time="0.815" /><testcase classname="tests.test_iter52_batch_features.TestSmsPointsCredit" name="test_credit_sms_points_super_admin" time="0.771" /><testcase classname="tests.test_iter52_batch_features.TestSmsPointsCredit" name="test_credit_sms_points_forbidden_for_tenant_admin" time="0.433" /><testcase classname="tests.test_iter52_batch_features.TestLateFines" name="test_late_fines_requires_tenant_admin" time="0.335" /><testcase classname="tests.test_iter52_batch_features.TestBillingReceipts" name="test_invoice_with_email_and_phone_email_sent_sms_not_configured" time="1.269" /><testcase classname="tests.test_iter52_batch_features.TestMorningBriefingAudio" name="test_audio_endpoint_returns_text" time="0.783" /><testcase classname="tests.test_iter52_batch_features.TestBillingReceipts" name="test_invoice_without_email_returns_no_email_error" time="0.474" /></testsuite></testsuites>