<?xml version="1.0" encoding="utf-8"?><testsuites name="pytest tests"><testsuite name="pytest" errors="0" failures="0" skipped="0" tests="4" time="1.921" timestamp="2026-07-10T04:53:41.717535+00:00" hostname="agent-env-d1dfed1a-214d-43b3-ad1c-27a56ad52812"><testcase classname="tests.test_iter60_hq_verify_and_markleft.TestHQVerify" name="test_non_super_forbidden" time="0.605" /><testcase classname="tests.test_iter60_hq_verify_and_markleft.TestMarkLeft" name="test_mark_left_flow" time="1.495" /><testcase classname="tests.test_iter60_hq_verify_and_markleft.TestHQVerify" name="test_create_list_delete" time="0.801" /><testcase classname="tests.test_iter60_hq_verify_and_markleft.TestPublicHQBadge" name="test_public_search_returns_hq_verified" time="0.166" /></testsuite></testsuites>