<?xml version="1.0" encoding="utf-8"?><testsuites name="pytest tests"><testsuite name="pytest" errors="0" failures="1" skipped="0" tests="12" time="3.002" timestamp="2026-09-11T10:07:52.142620+00:00" hostname="agent-env-d1dfed1a-214d-43b3-ad1c-27a56ad52812"><testcase classname="tests.test_iter145_veo_and_promo" name="test_is_preview_env_true" time="0.072" /><testcase classname="tests.test_iter145_veo_and_promo" name="test_scheduler_disabled_log_present" time="0.023" /><testcase classname="tests.test_iter145_veo_and_promo" name="test_brand_contacts_get_has_defaults" time="0.565" /><testcase classname="tests.test_iter145_veo_and_promo" name="test_brand_contacts_put_then_restore" time="0.234"><failure message="Failed: PUT with empty strings did not clear values. Response phone='+91 90000 00000' instagram='@miracurl.suite' (expected phone='' instagram=''). Root cause: routes/veo_studio.py brand_contacts_put filters empty strings via `{k: v.strip() for k, v in body.model_dump().items() if v and v.strip()}` so no $set/$unset happens.">backend/tests/test_iter145_veo_and_promo.py:97: in test_brand_contacts_put_then_restore
    pytest.fail(
E   Failed: PUT with empty strings did not clear values. Response phone='+91 90000 00000' instagram='@miracurl.suite' (expected phone='' instagram=''). Root cause: routes/veo_studio.py brand_contacts_put filters empty strings via `{k: v.strip() for k, v in body.model_dump().items() if v and v.strip()}` so no $set/$unset happens.</failure></testcase><testcase classname="tests.test_iter145_veo_and_promo" name="test_veo_photo_upload_png_ok" time="0.231" /><testcase classname="tests.test_iter145_veo_and_promo" name="test_veo_photo_rejects_txt" time="0.075" /><testcase classname="tests.test_iter145_veo_and_promo" name="test_veo_ad_bad_duration" time="0.074" /><testcase classname="tests.test_iter145_veo_and_promo" name="test_veo_ad_unknown_photo" time="0.077" /><testcase classname="tests.test_iter145_veo_and_promo" name="test_veo_ad_avatar_mode_rejected" time="0.092" /><testcase classname="tests.test_iter145_veo_and_promo" name="test_promo_video_unknown_tenant_404" time="0.076" /><testcase classname="tests.test_iter145_veo_and_promo" name="test_promo_video_presenter_maps_to_feature_tour" time="0.527" /><testcase classname="tests.test_iter145_veo_and_promo" name="test_promo_video_list_has_tenant_name" time="0.081" /></testsuite></testsuites>