<?xml version="1.0" encoding="utf-8"?><testsuites name="pytest tests"><testsuite name="pytest" errors="0" failures="0" skipped="0" tests="4" time="3.747" timestamp="2026-07-01T07:14:37.070912+00:00" hostname="agent-env-d1dfed1a-214d-43b3-ad1c-27a56ad52812"><testcase classname="tests.test_iter28_whitelabel" name="test_review_info_returns_salon_name_and_location[miracurl]" time="1.258" /><testcase classname="tests.test_iter28_whitelabel" name="test_review_info_returns_salon_name_and_location[elegance]" time="1.255" /><testcase classname="tests.test_iter28_whitelabel" name="test_review_info_invalid_token_returns_404" time="0.100" /><testcase classname="tests.test_iter28_whitelabel" name="test_review_info_response_shape_stable" time="0.534" /></testsuite></testsuites>