<?xml version="1.0" encoding="utf-8"?><testsuites name="pytest tests"><testsuite name="pytest" errors="0" failures="0" skipped="0" tests="10" time="3.221" timestamp="2026-07-01T04:47:08.594756+00:00" hostname="agent-env-d1dfed1a-214d-43b3-ad1c-27a56ad52812"><testcase classname="tests.test_iter26_revenue_saves.TestRevenueEndpoint" name="test_revenue_as_super_admin" time="0.627" /><testcase classname="tests.test_iter26_revenue_saves.TestRevenueCSVExport" name="test_csv_export_super" time="0.731" /><testcase classname="tests.test_iter26_revenue_saves.TestRevenueEndpoint" name="test_revenue_as_tenant_admin_forbidden" time="0.613" /><testcase classname="tests.test_iter26_revenue_saves.TestRevenueCSVExport" name="test_csv_export_admin_forbidden" time="0.614" /><testcase classname="tests.test_iter26_revenue_saves.TestSettingsBranding" name="test_branding_save_persists" time="0.412" /><testcase classname="tests.test_iter26_revenue_saves.TestSettingsTax" name="test_tax_toggle_on_off" time="0.638" /><testcase classname="tests.test_iter26_revenue_saves.TestCustomerSave" name="test_create_edit_delete" time="0.520" /><testcase classname="tests.test_iter26_revenue_saves.TestStaffSave" name="test_create_edit_delete" time="0.421" /><testcase classname="tests.test_iter26_revenue_saves.TestProductSave" name="test_create_edit_delete" time="0.475" /><testcase classname="tests.test_iter26_revenue_saves.TestAuth401" name="test_bad_token_returns_401" time="0.108" /></testsuite></testsuites>