<?xml version="1.0" encoding="utf-8"?><testsuites name="pytest tests"><testsuite name="pytest" errors="0" failures="0" skipped="0" tests="17" time="3.623" timestamp="2026-06-30T08:40:26.274425+00:00" hostname="agent-env-d1dfed1a-214d-43b3-ad1c-27a56ad52812"><testcase classname="tests.test_iter7_regression.TestAuthRegression" name="test_admin_login" time="0.391" /><testcase classname="tests.test_iter7_regression.TestAuthRegression" name="test_super_admin_login" time="0.316" /><testcase classname="tests.test_iter7_regression.TestAuthRegression" name="test_wrong_password_401" time="0.317" /><testcase classname="tests.test_iter7_regression.TestPublicBookingRefactor" name="test_get_salon_info" time="0.091" /><testcase classname="tests.test_iter7_regression.TestPublicBookingRefactor" name="test_get_services_and_staff" time="0.180" /><testcase classname="tests.test_iter7_regression.TestPublicBookingRefactor" name="test_full_booking_flow_contract" time="0.600" /><testcase classname="tests.test_iter7_regression.TestInvoiceRefactor" name="test_create_invoice_with_service" time="0.277" /><testcase classname="tests.test_iter7_regression.TestInvoiceRefactor" name="test_sales_report_unchanged" time="0.090" /><testcase classname="tests.test_iter7_regression.TestBulkCustomerImport" name="test_text_import_succeeds" time="0.406" /><testcase classname="tests.test_iter7_regression.TestBulkCustomerImport" name="test_duplicate_re_import_skipped" time="0.192" /><testcase classname="tests.test_iter7_regression.TestBulkCustomerImport" name="test_vcard_import_succeeds" time="0.107" /><testcase classname="tests.test_iter7_regression.TestBulkCustomerImport" name="test_explicit_format_vcard" time="0.093" /><testcase classname="tests.test_iter7_regression.TestBulkCustomerImport" name="test_tenant_admin_forbidden" time="0.092" /><testcase classname="tests.test_iter7_regression.TestBulkCustomerImport" name="test_unauthenticated_401" time="0.095" /><testcase classname="tests.test_iter7_regression.TestBulkCustomerImport" name="test_invalid_tenant_404" time="0.097" /><testcase classname="tests.test_iter7_regression.TestBulkCustomerImport" name="test_empty_text_400" time="0.088" /><testcase classname="tests.test_iter7_regression.TestBulkCustomerImport" name="test_phone_country_code_normalization" time="0.099" /></testsuite></testsuites>