<?xml version="1.0" encoding="utf-8"?><testsuites name="pytest tests"><testsuite name="pytest" errors="0" failures="0" skipped="0" tests="7" time="45.616" timestamp="2026-07-15T11:23:41.855642+00:00" hostname="agent-env-d1dfed1a-214d-43b3-ad1c-27a56ad52812"><testcase classname="tests.test_iter71_studio_chat" name="test_upload_image" time="2.006" /><testcase classname="tests.test_iter71_studio_chat" name="test_upload_rejects_non_image" time="0.148" /><testcase classname="tests.test_iter71_studio_chat" name="test_analyze_security" time="25.359" /><testcase classname="tests.test_iter71_studio_chat" name="test_analyze_review" time="1.939" /><testcase classname="tests.test_iter71_studio_chat" name="test_refine_returns_queued_immediately_and_completes" time="15.804" /><testcase classname="tests.test_iter71_studio_chat" name="test_github_export_bad_token" time="0.218" /><testcase classname="tests.test_iter71_studio_chat" name="test_super_admin_studio_users_list" time="0.051" /></testsuite></testsuites>