<?xml version="1.0" encoding="utf-8"?><testsuites name="pytest tests"><testsuite name="pytest" errors="0" failures="0" skipped="0" tests="10" time="3.096" timestamp="2026-09-06T11:44:34.333278+00:00" hostname="agent-env-d1dfed1a-214d-43b3-ad1c-27a56ad52812"><testcase classname="tests.test_iter130_regression.TestRewardsPublicMe" name="test_public_me_entries_shape" time="0.393" /><testcase classname="tests.test_iter130_regression.TestRewardsPublicMe" name="test_public_rewards_has_status_and_salon_on" time="0.123" /><testcase classname="tests.test_iter130_regression.TestVoteToggle" name="test_vote_toggle_atomic" time="0.474" /><testcase classname="tests.test_iter130_regression.TestParticipantsEntries" name="test_super_participants_have_entries" time="0.408" /><testcase classname="tests.test_iter130_regression.TestParticipantsEntries" name="test_tenant_settings_participants_have_entries" time="0.429" /><testcase classname="tests.test_iter130_regression.TestAuthProfile" name="test_login_super" time="0.358" /><testcase classname="tests.test_iter130_regression.TestAuthProfile" name="test_login_tenant_admin" time="0.340" /><testcase classname="tests.test_iter130_regression.TestAuthProfile" name="test_update_profile_notify_instagram" time="0.124" /><testcase classname="tests.test_iter130_regression.TestAuthProfile" name="test_login_email_wrong_password_400" time="0.282" /><testcase classname="tests.test_iter130_regression.TestGrowthAdvisory" name="test_ledger_has_progress" time="0.072" /></testsuite></testsuites>