<?xml version="1.0" encoding="utf-8"?><testsuites name="pytest tests"><testsuite name="pytest" errors="0" failures="0" skipped="0" tests="19" time="5.307" timestamp="2026-07-10T19:30:30.429779+00:00" hostname="agent-env-d1dfed1a-214d-43b3-ad1c-27a56ad52812"><testcase classname="tests.test_iter63_hiring_flash.TestPublicJobsAndHQ" name="test_list_hides_salon" time="1.004" /><testcase classname="tests.test_iter63_hiring_flash.TestHiringOwner" name="test_my_requests_lists_and_curation_privacy" time="0.845" /><testcase classname="tests.test_iter63_hiring_flash.TestHiringOwner" name="test_close_request_404_for_unknown" time="0.158" /><testcase classname="tests.test_iter63_hiring_flash.TestPublicJobsAndHQ" name="test_apply_success" time="0.115" /><testcase classname="tests.test_iter63_hiring_flash.TestHiringOwner" name="test_requires_salon_admin" time="0.281" /><testcase classname="tests.test_iter63_hiring_flash.TestPublicJobsAndHQ" name="test_apply_duplicate_409" time="0.131" /><testcase classname="tests.test_iter63_hiring_flash.TestPublicJobsAndHQ" name="test_apply_unknown_phone_403" time="0.170" /><testcase classname="tests.test_iter63_hiring_flash.TestFlashOffer" name="test_flash_alert_exists_with_flash_offer" time="0.068" /><testcase classname="tests.test_iter63_hiring_flash.TestFlashOffer" name="test_today_returns_daily_not_flash" time="0.062" /><testcase classname="tests.test_iter63_hiring_flash.TestPublicJobsAndHQ" name="test_apply_nonexistent_404" time="0.178" /><testcase classname="tests.test_iter63_hiring_flash.TestFlashOffer" name="test_flash_suggest_regenerates" time="2.856" /><testcase classname="tests.test_iter63_hiring_flash.TestPublicJobsAndHQ" name="test_hq_overview" time="0.398" /><testcase classname="tests.test_iter63_hiring_flash.TestPublicJobsAndHQ" name="test_hq_propose_and_duplicate" time="0.174" /><testcase classname="tests.test_iter63_hiring_flash.TestPublicJobsAndHQ" name="test_hq_trial_schedule_and_hire_closes_request" time="0.225" /><testcase classname="tests.test_iter63_hiring_flash.TestPublicJobsAndHQ" name="test_hq_rejects_salon_admin" time="0.107" /><testcase classname="tests.test_iter63_hiring_flash.TestSecurity" name="test_public_jobs_is_open" time="0.110" /><testcase classname="tests.test_iter63_hiring_flash.TestSecurity" name="test_super_admin_endpoints_reject_unauth" time="0.248" /><testcase classname="tests.test_iter63_hiring_flash.TestHQIndependent" name="test_mark_seen_zeroes" time="0.465" /><testcase classname="tests.test_iter63_hiring_flash.TestHQIndependent" name="test_candidates_search" time="0.059" /></testsuite></testsuites>