<?xml version="1.0" encoding="utf-8"?><testsuites name="pytest tests"><testsuite name="pytest" errors="0" failures="0" skipped="0" tests="6" time="1.481" timestamp="2026-07-27T09:11:57.185524+00:00" hostname="agent-env-d1dfed1a-214d-43b3-ad1c-27a56ad52812"><testcase classname="tests.test_pay_links" name="test_list_pay_links" time="0.549" /><testcase classname="tests.test_pay_links" name="test_create_pay_link_unknown_tenant" time="0.045" /><testcase classname="tests.test_pay_links" name="test_create_pay_link_custom_zero" time="0.047" /><testcase classname="tests.test_pay_links" name="test_public_pay_link_bad_token" time="0.095" /><testcase classname="tests.test_pay_links" name="test_public_pay_link_pre_existing" time="0.104" /><testcase classname="tests.test_pay_links" name="test_create_and_revoke_custom_link" time="0.290" /></testsuite></testsuites>