<?xml version="1.0" encoding="utf-8"?><testsuites name="pytest tests"><testsuite name="pytest" errors="0" failures="0" skipped="0" tests="19" time="5.444" timestamp="2026-09-16T05:11:06.974723+00:00" hostname="agent-env-d1dfed1a-214d-43b3-ad1c-27a56ad52812"><testcase classname="tests.test_iter162_group_dashboard" name="test_my_salons_overview_period[today]" time="0.835" /><testcase classname="tests.test_iter162_group_dashboard" name="test_my_salons_overview_period[yesterday]" time="0.303" /><testcase classname="tests.test_iter162_group_dashboard" name="test_my_salons_overview_period[4d]" time="0.307" /><testcase classname="tests.test_iter162_group_dashboard" name="test_my_salons_overview_period[7d]" time="0.302" /><testcase classname="tests.test_iter162_group_dashboard" name="test_my_salons_overview_period[week]" time="0.301" /><testcase classname="tests.test_iter162_group_dashboard" name="test_my_salons_overview_period[month]" time="0.303" /><testcase classname="tests.test_iter162_group_dashboard" name="test_my_salons_overview_period[last_month]" time="0.304" /><testcase classname="tests.test_iter162_group_dashboard" name="test_my_salons_overview_period[3m]" time="0.304" /><testcase classname="tests.test_iter162_group_dashboard" name="test_my_salons_overview_period[6m]" time="0.307" /><testcase classname="tests.test_iter162_group_dashboard" name="test_my_salons_overview_period[2026-08]" time="0.304" /><testcase classname="tests.test_iter162_group_dashboard" name="test_custom_range_ok" time="0.303" /><testcase classname="tests.test_iter162_group_dashboard" name="test_custom_bad_dates" time="0.298" /><testcase classname="tests.test_iter162_group_dashboard" name="test_custom_range_too_long" time="0.294" /><testcase classname="tests.test_iter162_group_dashboard" name="test_missing_owner_pin" time="0.071" /><testcase classname="tests.test_iter162_group_dashboard" name="test_owner_rewards_campaign_settings" time="0.083" /><testcase classname="tests.test_iter162_group_dashboard" name="test_owner_agreement_endpoint" time="0.079" /><testcase classname="tests.test_iter162_group_dashboard" name="test_super_admin_tenant_features" time="0.491" /><testcase classname="tests.test_iter162_group_dashboard" name="test_super_admin_rewards_onboarding_list" time="0.070" /><testcase classname="tests.test_iter162_group_dashboard" name="test_whats_new_build" time="0.085" /></testsuite></testsuites>