<?xml version="1.0" encoding="utf-8"?><testsuites name="pytest tests"><testsuite name="pytest" errors="0" failures="0" skipped="0" tests="6" time="2.664" timestamp="2026-07-01T07:33:25.191370+00:00" hostname="agent-env-d1dfed1a-214d-43b3-ad1c-27a56ad52812"><testcase classname="tests.test_iter29_settings_persist_and_tenantbrand.TestIter29BrandingAndValidators" name="test_01_miracurl_put_persists_phone_and_normalized_whatsapp" time="1.123" /><testcase classname="tests.test_iter29_settings_persist_and_tenantbrand.TestIter29BrandingAndValidators" name="test_02_elegance_put_persists" time="0.200" /><testcase classname="tests.test_iter29_settings_persist_and_tenantbrand.TestIter29BrandingAndValidators" name="test_03_tenant_isolation_miracurl_untouched" time="0.103" /><testcase classname="tests.test_iter29_settings_persist_and_tenantbrand.TestIter29BrandingAndValidators" name="test_04_whatsapp_abc_returns_422" time="0.132" /><testcase classname="tests.test_iter29_settings_persist_and_tenantbrand.TestIter29BrandingAndValidators" name="test_05_instagram_bad_url_returns_422" time="0.099" /><testcase classname="tests.test_iter29_settings_persist_and_tenantbrand.TestIter29BrandingAndValidators" name="test_06_empty_strings_allowed_and_persist" time="0.394" /></testsuite></testsuites>