<?xml version="1.0" encoding="utf-8"?><testsuites name="pytest tests"><testsuite name="pytest" errors="0" failures="2" skipped="0" tests="35" time="13.012" timestamp="2026-09-18T03:07:25.812120+00:00" hostname="agent-env-d1dfed1a-214d-43b3-ad1c-27a56ad52812"><testcase classname="tests.test_iter172_whatsapp_official" name="test_status_official_channel" time="0.616" /><testcase classname="tests.test_iter172_whatsapp_official" name="test_removed_endpoints_return_404_or_405[POST-/api/whatsapp-link/start]" time="0.066" /><testcase classname="tests.test_iter173_wa_receptionist" name="test_receptionist_status" time="0.692" /><testcase classname="tests.test_iter172_whatsapp_official" name="test_removed_endpoints_return_404_or_405[POST-/api/whatsapp-link/pairing-code]" time="0.062" /><testcase classname="tests.test_iter173_wa_receptionist" name="test_receptionist_qr_png" time="0.121" /><testcase classname="tests.test_iter172_whatsapp_official" name="test_removed_endpoints_return_404_or_405[POST-/api/whatsapp-link/unlink]" time="0.059" /><testcase classname="tests.test_iter172_whatsapp_official" name="test_removed_endpoints_return_404_or_405[PUT-/api/whatsapp-link/preferences]" time="0.063" /><testcase classname="tests.test_iter173_wa_receptionist" name="test_sim_salon_booking_flow" time="3.519"><failure message="AssertionError: not booked: {'reply': 'Thank you, Rahul — your booking is almost done 💛\n\nHair Cut - Men — ₹350\nDate: 2026-09-19\nTime: 16:00\nExpert: Rahul Verma\n\nPlease confirm once, and I’ll place it right away.', 'booked': False, 'booking': None, 'handoff': False, 'wa_id': '999812029963'}&#10;assert False is True&#10; +  where False = &lt;built-in method get of dict object at 0xfad88d765040&gt;('booked')&#10; +    where &lt;built-in method get of dict object at 0xfad88d765040&gt; = {'reply': 'Thank you, Rahul — your booking is almost done 💛\n\nHair Cut - Men — ₹350\nDate: 2026-09-19\nTime: 16:00\nE... Verma\n\nPlease confirm once, and I’ll place it right away.', 'booked': False, 'booking': None, 'handoff': False, ...}.get">E   AssertionError: not booked: {'reply': 'Thank you, Rahul — your booking is almost done 💛\n\nHair Cut - Men — ₹350\nDate: 2026-09-19\nTime: 16:00\nExpert: Rahul Verma\n\nPlease confirm once, and I’ll place it right away.', 'booked': False, 'booking': None, 'handoff': False, 'wa_id': '999812029963'}
    assert False is True
     +  where False = &lt;built-in method get of dict object at 0xfad88d765040&gt;('booked')
     +    where &lt;built-in method get of dict object at 0xfad88d765040&gt; = {'reply': 'Thank you, Rahul — your booking is almost done 💛\n\nHair Cut - Men — ₹350\nDate: 2026-09-19\nTime: 16:00\nE... Verma\n\nPlease confirm once, and I’ll place it right away.', 'booked': False, 'booking': None, 'handoff': False, ...}.get</failure></testcase><testcase classname="tests.test_iter172_whatsapp_official" name="test_usage_default_cap_1000" time="0.142" /><testcase classname="tests.test_iter172_whatsapp_official" name="test_daily_cap_put_valid_and_invalid" time="0.208" /><testcase classname="tests.test_iter172_whatsapp_official" name="test_inbox_ok" time="0.072" /><testcase classname="tests.test_iter172_whatsapp_official" name="test_campaigns_list_has_counts" time="0.068" /><testcase classname="tests.test_iter172_whatsapp_official" name="test_compose_festival_returns_offer_fields" time="2.034" /><testcase classname="tests.test_iter172_whatsapp_official" name="test_campaigns_selected_no_ids_400" time="0.076" /><testcase classname="tests.test_iter172_whatsapp_official" name="test_campaigns_bad_image_url_422" time="0.066" /><testcase classname="tests.test_iter172_whatsapp_official" name="test_campaigns_bad_offer_type_422" time="0.065" /><testcase classname="tests.test_iter172_whatsapp_official" name="test_winback_blast_preview" time="0.068" /><testcase classname="tests.test_iter172_whatsapp_official" name="test_winback_blast_dry_run" time="0.064" /><testcase classname="tests.test_iter174_predeploy_smoke" name="test_webhook_health" time="0.126" /><testcase classname="tests.test_iter174_predeploy_smoke" name="test_webhook_verify_wrong_token_403" time="0.139" /><testcase classname="tests.test_iter174_predeploy_smoke" name="test_public_book_page" time="0.128" /><testcase classname="tests.test_iter174_predeploy_smoke" name="test_public_ai_chat" time="1.046" /><testcase classname="tests.test_iter173_wa_receptionist" name="test_sim_restaurant_reservation_flow" time="2.612"><failure message="AssertionError: reservation not booked: {'reply': &quot;I'm so sorry — That time slot is fully booked — please pick another time. 🙏\n\nOpen times on 2026-09-19: 10:00, 10:30, 11:00, 11:30, 12:00, 12:30, 13:00, 13:30.\nShall I book one of these for you? ✨&quot;, 'booked': False, 'booking': None, 'handoff': False, 'wa_id': '999032771515'}&#10;assert False is True&#10; +  where False = &lt;built-in method get of dict object at 0xfad88d779d40&gt;('booked')&#10; +    where &lt;built-in method get of dict object at 0xfad88d779d40&gt; = {'reply': &quot;I'm so sorry — That time slot is fully booked — please pick another time. 🙏\n\nOpen times on 2026-09-19: 10..., 12:30, 13:00, 13:30.\nShall I book one of these for you? ✨&quot;, 'booked': False, 'booking': None, 'handoff': False, ...}.get">E   AssertionError: reservation not booked: {'reply': "I'm so sorry — That time slot is fully booked — please pick another time. 🙏\n\nOpen times on 2026-09-19: 10:00, 10:30, 11:00, 11:30, 12:00, 12:30, 13:00, 13:30.\nShall I book one of these for you? ✨", 'booked': False, 'booking': None, 'handoff': False, 'wa_id': '999032771515'}
    assert False is True
     +  where False = &lt;built-in method get of dict object at 0xfad88d779d40&gt;('booked')
     +    where &lt;built-in method get of dict object at 0xfad88d779d40&gt; = {'reply': "I'm so sorry — That time slot is fully booked — please pick another time. 🙏\n\nOpen times on 2026-09-19: 10..., 12:30, 13:00, 13:30.\nShall I book one of these for you? ✨", 'booked': False, 'booking': None, 'handoff': False, ...}.get</failure></testcase><testcase classname="tests.test_iter174_predeploy_smoke" name="test_wa_link_status_sender_label" time="0.482" /><testcase classname="tests.test_iter174_predeploy_smoke" name="test_receptionist_simulate_salon" time="1.738" /><testcase classname="tests.test_iter173_wa_receptionist" name="test_simulate_reset_clears_history" time="2.456" /><testcase classname="tests.test_iter174_predeploy_smoke" name="test_sms_packs_whatsapp_channel" time="0.424" /><testcase classname="tests.test_iter174_predeploy_smoke" name="test_hq_wallet_super_admin" time="3.261" /><testcase classname="tests.test_iter173_wa_receptionist" name="test_thread_bad_wa_id_400" time="0.073" /><testcase classname="tests.test_iter173_wa_receptionist" name="test_thread_human_toggle_and_cleanup" time="0.241" /><testcase classname="tests.test_iter173_wa_receptionist" name="test_thread_bola_other_tenant_404" time="0.329" /><testcase classname="tests.test_iter173_wa_receptionist" name="test_reply_meta_failure_not_500" time="0.540" /><testcase classname="tests.test_iter173_wa_receptionist" name="test_resolve_inbound_tenant_and_sticky_session" time="0.007" /><testcase classname="tests.test_iter173_wa_receptionist" name="test_public_web_chat_regression" time="1.000" /><testcase classname="tests.test_iter174_predeploy_smoke" name="test_release_notes_build" time="1.120" /></testsuite></testsuites>