<?xml version="1.0" encoding="utf-8"?><testsuites name="pytest tests"><testsuite name="pytest" errors="0" failures="0" skipped="0" tests="12" time="50.148" timestamp="2026-09-08T01:17:24.785704+00:00" hostname="agent-env-d1dfed1a-214d-43b3-ad1c-27a56ad52812"><testcase classname="tests.test_iter139_trial_onboarding" name="test_a_create_tenant_with_trial_months_3" time="15.801" /><testcase classname="tests.test_iter139_trial_onboarding" name="test_b_tenant_doc_persists_trial_fields" time="0.005" /><testcase classname="tests.test_iter139_trial_onboarding" name="test_c_create_tenant_default_30_days_multisalon_link" time="0.227" /><testcase classname="tests.test_iter139_trial_onboarding" name="test_d_invalid_trial_months_422" time="0.073" /><testcase classname="tests.test_iter139_trial_onboarding" name="test_e_trial_kit_populated_custom" time="30.010" /><testcase classname="tests.test_iter139_trial_onboarding" name="test_f_trial_kit_populated_default" time="0.001" /><testcase classname="tests.test_iter139_trial_onboarding" name="test_g_hq_invoices_contains_trial" time="0.095" /><testcase classname="tests.test_iter139_trial_onboarding" name="test_h_trial_invoice_pdf" time="0.994" /><testcase classname="tests.test_iter139_trial_onboarding" name="test_i_resend_endpoint" time="1.468" /><testcase classname="tests.test_iter139_trial_onboarding" name="test_j_logo_file_endpoint" time="0.539" /><testcase classname="tests.test_iter139_trial_onboarding" name="test_k_regression_paid_invoice_pdf" time="0.759" /><testcase classname="tests.test_iter139_trial_onboarding" name="test_zz_cleanup" time="0.004" /></testsuite></testsuites>