<?xml version="1.0" encoding="utf-8"?><testsuites name="pytest tests"><testsuite name="pytest" errors="0" failures="0" skipped="0" tests="5" time="4.985" timestamp="2026-09-22T17:38:54.311434+00:00" hostname="agent-env-d1dfed1a-214d-43b3-ad1c-27a56ad52812"><testcase classname="tests.test_iter186_team_unlock" name="test_manager_team_unlock_no_pin" time="1.401" /><testcase classname="tests.test_iter186_team_unlock" name="test_manager_team_unlock_wrong_pin" time="0.302" /><testcase classname="tests.test_iter186_team_unlock" name="test_manager_team_unlock_correct_pin" time="0.311" /><testcase classname="tests.test_iter186_team_unlock" name="test_owner_team_unlock_no_pin" time="0.486" /><testcase classname="tests.test_iter186_team_unlock" name="test_regression_endpoints_consistent" time="2.014" /></testsuite></testsuites>