<?xml version="1.0" encoding="utf-8"?><testsuites name="pytest tests"><testsuite name="pytest" errors="0" failures="2" skipped="0" tests="19" time="25.572" timestamp="2026-09-08T01:54:06.109490+00:00" hostname="agent-env-d1dfed1a-214d-43b3-ad1c-27a56ad52812"><testcase classname="tests.test_iter140_trial_nudge" name="test_a1_create_trial_tenant" time="20.492" /><testcase classname="tests.test_iter140_trial_nudge" name="test_a2_run_auto_reminders_sends_trial_nudge" time="0.307" /><testcase classname="tests.test_iter140_trial_nudge" name="test_a3_public_pay_link_endpoint" time="0.157" /><testcase classname="tests.test_iter140_trial_nudge" name="test_a4_sweep_idempotent" time="0.078" /><testcase classname="tests.test_iter140_trial_nudge" name="test_a5_manual_send_trial_nudge" time="0.251" /><testcase classname="tests.test_iter140_trial_nudge" name="test_a6_manual_unknown_tenant_404" time="0.078" /><testcase classname="tests.test_iter140_trial_nudge" name="test_a7_manual_days_500_returns_422" time="0.076" /><testcase classname="tests.test_iter140_trial_nudge" name="test_a8_paid_subscription_end_uses_subscription_source" time="0.474" /><testcase classname="tests.test_iter140_trial_nudge" name="test_b1_public_site_salon" time="0.134" /><testcase classname="tests.test_iter140_trial_nudge" name="test_b2_gift_cards_public_get" time="0.556" /><testcase classname="tests.test_iter140_trial_nudge" name="test_b3_auth_login_me_forgot" time="0.527" /><testcase classname="tests.test_iter140_trial_nudge" name="test_b4_hq_demo_campaign_invites" time="0.075" /><testcase classname="tests.test_iter140_trial_nudge" name="test_b5_hq_tenants" time="0.074" /><testcase classname="tests.test_iter140_trial_nudge" name="test_b6_tenant_settings_branding" time="0.442" /><testcase classname="tests.test_iter140_trial_nudge" name="test_b7_pay_links_list" time="0.083" /><testcase classname="tests.test_iter140_trial_nudge" name="test_b8_restaurant_table_qr_png" time="0.957"><failure message="AssertionError: {'Date': 'Tue, 08 Sep 2026 01:54:31 GMT', 'Content-Type': 'image/jpeg', 'Content-Length': '168645', 'Connection': 'keep-alive', 'CF-Ray': 'a37a535e7b62a068-ORD', 'CF-Cache-Status': 'DYNAMIC', 'Access-Control-Allow-Origin': '*', 'Cache-Control': 'no-store, no-cache, must-revalidate', 'Content-Encoding': 'gzip', 'Server': 'cloudflare', 'Strict-Transport-Security': 'max-age=31536000; includeSubDomains', 'Vary': 'Accept-Encoding', 'Via': '1.1 google', 'Access-Control-Allow-Headers': '*', 'Access-Control-Allow-Methods': 'GET, POST, PUT, DELETE, OPTIONS, HEAD, PATCH', 'Access-Control-Max-Age': '300', 'permissions-policy': 'geolocation=(), microphone=(), camera=()', 'referrer-policy': 'strict-origin-when-cross-origin', 'x-content-type-options': 'nosniff', 'x-frame-options': 'DENY', 'X-Robots-Tag': 'noindex, nofollow'}&#10;assert False&#10; +  where False = &lt;built-in method startswith of str object at 0xfbd7a8fba5f0&gt;('image/png')&#10; +    where &lt;built-in method startswith of str object at 0xfbd7a8fba5f0&gt; = 'image/jpeg'.startswith&#10; +      where 'image/jpeg' = get('content-type', '')&#10; +        where get = {'Date': 'Tue, 08 Sep 2026 01:54:31 GMT', 'Content-Type': 'image/jpeg', 'Content-Length': '168645', 'Connection': 'keep-alive', 'CF-Ray': 'a37a535e7b62a068-ORD', 'CF-Cache-Status': 'DYNAMIC', 'Access-Control-Allow-Origin': '*', 'Cache-Control': 'no-store, no-cache, must-revalidate', 'Content-Encoding': 'gzip', 'Server': 'cloudflare', 'Strict-Transport-Security': 'max-age=31536000; includeSubDomains', 'Vary': 'Accept-Encoding', 'Via': '1.1 google', 'Access-Control-Allow-Headers': '*', 'Access-Control-Allow-Methods': 'GET, POST, PUT, DELETE, OPTIONS, HEAD, PATCH', 'Access-Control-Max-Age': '300', 'permissions-policy': 'geolocation=(), microphone=(), camera=()', 'referrer-policy': 'strict-origin-when-cross-origin', 'x-content-type-options': 'nosniff', 'x-frame-options': 'DENY', 'X-Robots-Tag': 'noindex, nofollow'}.get&#10; +          where {'Date': 'Tue, 08 Sep 2026 01:54:31 GMT', 'Content-Type': 'image/jpeg', 'Content-Length': '168645', 'Connection': 'keep-alive', 'CF-Ray': 'a37a535e7b62a068-ORD', 'CF-Cache-Status': 'DYNAMIC', 'Access-Control-Allow-Origin': '*', 'Cache-Control': 'no-store, no-cache, must-revalidate', 'Content-Encoding': 'gzip', 'Server': 'cloudflare', 'Strict-Transport-Security': 'max-age=31536000; includeSubDomains', 'Vary': 'Accept-Encoding', 'Via': '1.1 google', 'Access-Control-Allow-Headers': '*', 'Access-Control-Allow-Methods': 'GET, POST, PUT, DELETE, OPTIONS, HEAD, PATCH', 'Access-Control-Max-Age': '300', 'permissions-policy': 'geolocation=(), microphone=(), camera=()', 'referrer-policy': 'strict-origin-when-cross-origin', 'x-content-type-options': 'nosniff', 'x-frame-options': 'DENY', 'X-Robots-Tag': 'noindex, nofollow'} = &lt;Response [200]&gt;.headers">backend/tests/test_iter140_trial_nudge.py:290: in test_b8_restaurant_table_qr_png
    assert r.headers.get("content-type", "").startswith("image/png"), r.headers
E   AssertionError: {'Date': 'Tue, 08 Sep 2026 01:54:31 GMT', 'Content-Type': 'image/jpeg', 'Content-Length': '168645', 'Connection': 'keep-alive', 'CF-Ray': 'a37a535e7b62a068-ORD', 'CF-Cache-Status': 'DYNAMIC', 'Access-Control-Allow-Origin': '*', 'Cache-Control': 'no-store, no-cache, must-revalidate', 'Content-Encoding': 'gzip', 'Server': 'cloudflare', 'Strict-Transport-Security': 'max-age=31536000; includeSubDomains', 'Vary': 'Accept-Encoding', 'Via': '1.1 google', 'Access-Control-Allow-Headers': '*', 'Access-Control-Allow-Methods': 'GET, POST, PUT, DELETE, OPTIONS, HEAD, PATCH', 'Access-Control-Max-Age': '300', 'permissions-policy': 'geolocation=(), microphone=(), camera=()', 'referrer-policy': 'strict-origin-when-cross-origin', 'x-content-type-options': 'nosniff', 'x-frame-options': 'DENY', 'X-Robots-Tag': 'noindex, nofollow'}
E   assert False
E    +  where False = &lt;built-in method startswith of str object at 0xfbd7a8fba5f0&gt;('image/png')
E    +    where &lt;built-in method startswith of str object at 0xfbd7a8fba5f0&gt; = 'image/jpeg'.startswith
E    +      where 'image/jpeg' = get('content-type', '')
E    +        where get = {'Date': 'Tue, 08 Sep 2026 01:54:31 GMT', 'Content-Type': 'image/jpeg', 'Content-Length': '168645', 'Connection': 'keep-alive', 'CF-Ray': 'a37a535e7b62a068-ORD', 'CF-Cache-Status': 'DYNAMIC', 'Access-Control-Allow-Origin': '*', 'Cache-Control': 'no-store, no-cache, must-revalidate', 'Content-Encoding': 'gzip', 'Server': 'cloudflare', 'Strict-Transport-Security': 'max-age=31536000; includeSubDomains', 'Vary': 'Accept-Encoding', 'Via': '1.1 google', 'Access-Control-Allow-Headers': '*', 'Access-Control-Allow-Methods': 'GET, POST, PUT, DELETE, OPTIONS, HEAD, PATCH', 'Access-Control-Max-Age': '300', 'permissions-policy': 'geolocation=(), microphone=(), camera=()', 'referrer-policy': 'strict-origin-when-cross-origin', 'x-content-type-options': 'nosniff', 'x-frame-options': 'DENY', 'X-Robots-Tag': 'noindex, nofollow'}.get
E    +          where {'Date': 'Tue, 08 Sep 2026 01:54:31 GMT', 'Content-Type': 'image/jpeg', 'Content-Length': '168645', 'Connection': 'keep-alive', 'CF-Ray': 'a37a535e7b62a068-ORD', 'CF-Cache-Status': 'DYNAMIC', 'Access-Control-Allow-Origin': '*', 'Cache-Control': 'no-store, no-cache, must-revalidate', 'Content-Encoding': 'gzip', 'Server': 'cloudflare', 'Strict-Transport-Security': 'max-age=31536000; includeSubDomains', 'Vary': 'Accept-Encoding', 'Via': '1.1 google', 'Access-Control-Allow-Headers': '*', 'Access-Control-Allow-Methods': 'GET, POST, PUT, DELETE, OPTIONS, HEAD, PATCH', 'Access-Control-Max-Age': '300', 'permissions-policy': 'geolocation=(), microphone=(), camera=()', 'referrer-policy': 'strict-origin-when-cross-origin', 'x-content-type-options': 'nosniff', 'x-frame-options': 'DENY', 'X-Robots-Tag': 'noindex, nofollow'} = &lt;Response [200]&gt;.headers</failure></testcase><testcase classname="tests.test_iter140_trial_nudge" name="test_b9_registry_public_get" time="0.153" /><testcase classname="tests.test_iter140_trial_nudge" name="test_b10_backend_log_no_nameerror" time="0.003"><failure message="AssertionError: NameError: e 328, in &lt;module&gt;&#10;      class InvoiceEmailIn(BaseModel):&#10;    File &quot;/app/backend/routes/appointments_pos.py&quot;, line 329, in InvoiceEmailIn&#10;      email: Optional[EmailStr] = None&#10;                      ^^^^^^^^&#10;  NameError: name 'EmailStr' is not defined&#10;  WARNING:  WatchFiles detected changes in 'routes/appointments_pos.py'. Reloading...&#10;  INFO:     Started server process [6327]&#10;  INFO:     Waiting for application &#10;assert not ['NameError: e 328, in &lt;module&gt;\n    class InvoiceEmailIn(BaseModel):\n  File &quot;/app/backend/routes/appointments_pos.py&quot;, line 329, in InvoiceEmailIn\n    email: Optional[EmailStr] = None\n                    ^^^^^^^^\nNameError: name \'EmailStr\' is not defined\nWARNING:  WatchFiles detected changes in \'routes/appointments_pos.py\'. Reloading...\nINFO:     Started server process [6327]\nINFO:     Waiting for application ']">backend/tests/test_iter140_trial_nudge.py:318: in test_b10_backend_log_no_nameerror
    assert not bad, "\n---\n".join(bad)
E   AssertionError: NameError: e 328, in &lt;module&gt;
E         class InvoiceEmailIn(BaseModel):
E       File "/app/backend/routes/appointments_pos.py", line 329, in InvoiceEmailIn
E         email: Optional[EmailStr] = None
E                         ^^^^^^^^
E     NameError: name 'EmailStr' is not defined
E     WARNING:  WatchFiles detected changes in 'routes/appointments_pos.py'. Reloading...
E     INFO:     Started server process [6327]
E     INFO:     Waiting for application 
E   assert not ['NameError: e 328, in &lt;module&gt;\n    class InvoiceEmailIn(BaseModel):\n  File "/app/backend/routes/appointments_pos.py", line 329, in InvoiceEmailIn\n    email: Optional[EmailStr] = None\n                    ^^^^^^^^\nNameError: name \'EmailStr\' is not defined\nWARNING:  WatchFiles detected changes in \'routes/appointments_pos.py\'. Reloading...\nINFO:     Started server process [6327]\nINFO:     Waiting for application ']</failure></testcase><testcase classname="tests.test_iter140_trial_nudge" name="test_z_cleanup" time="0.010" /></testsuite></testsuites>