<?xml version="1.0" encoding="utf-8"?><testsuites name="pytest tests"><testsuite name="pytest" errors="0" failures="0" skipped="0" tests="30" time="5.808" timestamp="2026-06-30T10:30:13.969659+00:00" hostname="agent-env-d1dfed1a-214d-43b3-ad1c-27a56ad52812"><testcase classname="tests.test_iter7_regression.TestAuthRegression" name="test_admin_login" time="0.421" /><testcase classname="tests.test_iter7_regression.TestAuthRegression" name="test_super_admin_login" time="0.357" /><testcase classname="tests.test_iter7_regression.TestAuthRegression" name="test_wrong_password_401" time="0.319" /><testcase classname="tests.test_iter7_regression.TestPublicBookingRefactor" name="test_get_salon_info" time="0.102" /><testcase classname="tests.test_iter7_regression.TestPublicBookingRefactor" name="test_get_services_and_staff" time="0.198" /><testcase classname="tests.test_iter7_regression.TestPublicBookingRefactor" name="test_full_booking_flow_contract" time="0.628" /><testcase classname="tests.test_iter7_regression.TestInvoiceRefactor" name="test_create_invoice_with_service" time="0.323" /><testcase classname="tests.test_iter7_regression.TestInvoiceRefactor" name="test_sales_report_unchanged" time="0.103" /><testcase classname="tests.test_iter7_regression.TestBulkCustomerImport" name="test_text_import_succeeds" time="0.447" /><testcase classname="tests.test_iter7_regression.TestBulkCustomerImport" name="test_duplicate_re_import_skipped" time="0.210" /><testcase classname="tests.test_iter7_regression.TestBulkCustomerImport" name="test_vcard_import_succeeds" time="0.104" /><testcase classname="tests.test_iter7_regression.TestBulkCustomerImport" name="test_explicit_format_vcard" time="0.101" /><testcase classname="tests.test_iter7_regression.TestBulkCustomerImport" name="test_tenant_admin_forbidden" time="0.093" /><testcase classname="tests.test_iter7_regression.TestBulkCustomerImport" name="test_unauthenticated_401" time="0.099" /><testcase classname="tests.test_iter7_regression.TestBulkCustomerImport" name="test_invalid_tenant_404" time="0.096" /><testcase classname="tests.test_iter7_regression.TestBulkCustomerImport" name="test_empty_text_400" time="0.105" /><testcase classname="tests.test_iter7_regression.TestBulkCustomerImport" name="test_phone_country_code_normalization" time="0.091" /><testcase classname="tests.test_iter10_review_blast.TestBlastTargetsAuth" name="test_unauth_401" time="0.101" /><testcase classname="tests.test_iter10_review_blast.TestBlastTargetsShape" name="test_authenticated_returns_contract" time="0.371" /><testcase classname="tests.test_iter10_review_blast.TestBlastTargetsPopulation" name="test_completed_appt_appears" time="0.244" /><testcase classname="tests.test_iter11_dashboard_contract.TestDashboardContract" name="test_dashboard_shape_unchanged" time="0.377" /><testcase classname="tests.test_iter11_dashboard_contract.TestDashboardContract" name="test_dashboard_review_stats_consistency" time="0.051" /><testcase classname="tests.test_iter11_dashboard_contract.TestDashboardContract" name="test_dashboard_requires_auth" time="0.090" /><testcase classname="tests.test_iter11_dashboard_contract.TestAuthTokenErrors" name="test_invalid_token_message" time="0.111" /><testcase classname="tests.test_iter11_dashboard_contract.TestAuthTokenErrors" name="test_missing_token_message" time="0.094" /><testcase classname="tests.test_iter11_dashboard_contract.TestSalesReportContract" name="test_sales_report_keys_and_totals" time="0.046" /><testcase classname="tests.test_iter11_dashboard_contract.TestSalesReportContract" name="test_sales_report_no_args" time="0.044" /><testcase classname="tests.test_iter11_dashboard_contract.TestPublicBookingValidation" name="test_malformed_iso_returns_422" time="0.103" /><testcase classname="tests.test_iter11_dashboard_contract.TestPublicBookingValidation" name="test_past_datetime_returns_422" time="0.095" /><testcase classname="tests.test_iter11_dashboard_contract.TestPublicBookingValidation" name="test_future_business_hours_succeeds" time="0.200" /></testsuite></testsuites>