<?xml version="1.0" encoding="utf-8"?><testsuites name="pytest tests"><testsuite name="pytest" errors="0" failures="0" skipped="0" tests="11" time="7.461" timestamp="2026-09-05T05:33:35.447806+00:00" hostname="agent-env-d1dfed1a-214d-43b3-ad1c-27a56ad52812"><testcase classname="tests.test_founder_and_wa_invite" name="test_public_plans_trial_days" time="0.583" /><testcase classname="tests.test_founder_and_wa_invite" name="test_demo_preview_uses_30_days" time="0.383" /><testcase classname="tests.test_founder_and_wa_invite" name="test_demo_preview_restaurant_free_first_month" time="0.047" /><testcase classname="tests.test_founder_and_wa_invite" name="test_founder_preview_contains_personalisation" time="0.046" /><testcase classname="tests.test_founder_and_wa_invite" name="test_demo_send_bogus_template_422" time="0.047" /><testcase classname="tests.test_founder_and_wa_invite" name="test_founder_send_status" time="0.220" /><testcase classname="tests.test_founder_and_wa_invite" name="test_founder_history_subject" time="1.547" /><testcase classname="tests.test_founder_and_wa_invite" name="test_demo_send_history_30day" time="2.385" /><testcase classname="tests.test_founder_and_wa_invite" name="test_founder_signup_180_days" time="1.702" /><testcase classname="tests.test_founder_and_wa_invite" name="test_wa_invite_recent_list" time="0.096" /><testcase classname="tests.test_founder_and_wa_invite" name="test_wa_invite_crud" time="0.299" /></testsuite></testsuites>