<?xml version="1.0" encoding="utf-8"?><testsuites name="pytest tests"><testsuite name="pytest" errors="0" failures="0" skipped="0" tests="12" time="6.588" timestamp="2026-07-23T05:51:26.469686+00:00" hostname="agent-env-d1dfed1a-214d-43b3-ad1c-27a56ad52812"><testcase classname="tests.test_iter85_gift_cards" name="test_public_config_default" time="0.139" /><testcase classname="tests.test_iter85_gift_cards" name="test_admin_set_upi_and_masked_secret" time="0.496" /><testcase classname="tests.test_iter85_gift_cards" name="test_upi_order_returns_upi_link" time="0.046" /><testcase classname="tests.test_iter85_gift_cards" name="test_upi_paid_and_admin_confirm" time="0.509" /><testcase classname="tests.test_iter85_gift_cards" name="test_razorpay_order_path" time="0.889" /><testcase classname="tests.test_iter85_gift_cards" name="test_razorpay_verify_wrong_signature" time="0.906" /><testcase classname="tests.test_iter85_gift_cards" name="test_scheduled_delivery" time="0.301" /><testcase classname="tests.test_iter85_gift_cards" name="test_validation_bad_email" time="0.044" /><testcase classname="tests.test_iter85_gift_cards" name="test_validation_unknown_occasion" time="0.043" /><testcase classname="tests.test_iter85_gift_cards" name="test_validation_amount_zero" time="0.044" /><testcase classname="tests.test_iter85_gift_cards" name="test_pos_check_and_redeem" time="2.192" /><testcase classname="tests.test_iter85_gift_cards" name="test_cancel_makes_code_invalid" time="0.641" /></testsuite></testsuites>