<?xml version="1.0" encoding="utf-8"?><testsuites name="pytest tests"><testsuite name="pytest" errors="0" failures="0" skipped="0" tests="9" time="5.956" timestamp="2026-09-07T12:55:02.162896+00:00" hostname="agent-env-d1dfed1a-214d-43b3-ad1c-27a56ad52812"><testcase classname="tests.test_iter133_settlement_rzp_trusted.TestSettlementsList" name="test_list_has_rzp_and_share_pct" time="0.639" /><testcase classname="tests.test_iter133_settlement_rzp_trusted.TestSettlementPutRzpLink" name="test_put_creates_link_and_reuses" time="2.471" /><testcase classname="tests.test_iter133_settlement_rzp_trusted.TestSettlementPutRzpLink" name="test_invalid_payment_link_422" time="0.167" /><testcase classname="tests.test_iter133_settlement_rzp_trusted.TestCampaignSharePct" name="test_get_campaign_has_rzp_and_share_pct" time="0.092" /><testcase classname="tests.test_iter133_settlement_rzp_trusted.TestCampaignSharePct" name="test_update_share_pct_and_revert" time="1.161" /><testcase classname="tests.test_iter133_settlement_rzp_trusted.TestMarkPaidTrustedBadge" name="test_mark_paid_sets_trusted_and_public_shows_it" time="0.482" /><testcase classname="tests.test_iter133_settlement_rzp_trusted.TestMarkPaidTrustedBadge" name="test_reopen_removes_trusted" time="0.304" /><testcase classname="tests.test_iter133_settlement_rzp_trusted.TestMarkPaidTrustedBadge" name="test_leave_pending_final_state" time="0.086" /><testcase classname="tests.test_iter133_settlement_rzp_trusted.TestTenantSettlement" name="test_tenant_sees_pay_url" time="0.457" /></testsuite></testsuites>