<?xml version="1.0" encoding="utf-8"?><testsuites name="pytest tests"><testsuite name="pytest" errors="0" failures="1" skipped="0" tests="13" time="30.822" timestamp="2026-09-11T12:43:52.148635+00:00" hostname="agent-env-d1dfed1a-214d-43b3-ad1c-27a56ad52812"><testcase classname="tests.test_iter147_custom_shades_preview" name="test_custom_shade_invalid_swatch" time="0.560" /><testcase classname="tests.test_iter147_custom_shades_preview" name="test_custom_shade_short_name_422" time="0.086" /><testcase classname="tests.test_iter147_custom_shades_preview" name="test_admin_hair_colors_custom_first" time="0.175" /><testcase classname="tests.test_iter147_custom_shades_preview" name="test_public_catalog_includes_custom_first" time="0.191" /><testcase classname="tests.test_iter147_custom_shades_preview" name="test_public_catalog_other_tenant_isolated" time="0.141" /><testcase classname="tests.test_iter147_custom_shades_preview" name="test_public_pick_accepts_custom_id" time="0.162" /><testcase classname="tests.test_iter147_custom_shades_preview" name="test_custom_shade_image_painted_within_90s" time="15.349" /><testcase classname="tests.test_iter147_custom_shades_preview" name="test_delete_custom_shade_then_404" time="0.339"><failure message="assert 200 == 404&#10; +  where 200 = &lt;Response [200]&gt;.status_code">backend/tests/test_iter147_custom_shades_preview.py:159: in test_delete_custom_shade_then_404
    assert r3.status_code == 404
E   assert 200 == 404
E    +  where 200 = &lt;Response [200]&gt;.status_code</failure></testcase><testcase classname="tests.test_iter147_custom_shades_preview" name="test_preview_small_selfie_400" time="0.162" /><testcase classname="tests.test_iter147_custom_shades_preview" name="test_preview_unknown_color_404" time="0.266" /><testcase classname="tests.test_iter147_custom_shades_preview" name="test_preview_ok_single_call" time="10.740" /><testcase classname="tests.test_iter147_custom_shades_preview" name="test_poster_photo_backdrop_size" time="1.363" /><testcase classname="tests.test_iter147_custom_shades_preview" name="test_cleanup_seed_data" time="0.406" /></testsuite></testsuites>