<?xml version="1.0" encoding="utf-8"?><testsuites name="pytest tests"><testsuite name="pytest" errors="0" failures="0" skipped="1" tests="9" time="3.101" timestamp="2026-06-30T15:11:00.040956+00:00" hostname="agent-env-d1dfed1a-214d-43b3-ad1c-27a56ad52812"><testcase classname="tests.test_iter16_staff_commission.TestCommissionAttribution" name="test_invoice_level_staff_fallback" time="1.401" /><testcase classname="tests.test_iter16_staff_commission.TestCommissionDefault" name="test_shape_and_default_pct" time="1.454" /><testcase classname="tests.test_iter16_staff_commission.TestCommissionAttribution" name="test_unassigned_bucket_when_no_staff_anywhere" time="0.347" /><testcase classname="tests.test_iter16_staff_commission.TestCommissionDefault" name="test_custom_pct_50" time="0.105" /><testcase classname="tests.test_iter16_staff_commission.TestCommissionDefault" name="test_custom_pct_zero" time="0.138" /><testcase classname="tests.test_iter16_staff_commission.TestCommissionDefault" name="test_invalid_pct_rejected" time="0.215" /><testcase classname="tests.test_iter16_staff_commission.TestCommissionDateFilter" name="test_future_range_returns_empty" time="0.106" /><testcase classname="tests.test_iter16_staff_commission.TestCommissionAuth" name="test_no_token_unauthorized" time="0.110" /><testcase classname="tests.test_iter16_staff_commission.TestCommissionTenantIsolation" name="test_secondary_tenant_invoices_isolated" time="0.658"><skipped type="pytest.skip" message="Tenant2 has no staff/service seeded">/app/backend/tests/test_iter16_staff_commission.py:254: Tenant2 has no staff/service seeded</skipped></testcase></testsuite></testsuites>