<?xml version="1.0" encoding="utf-8"?><testsuites name="pytest tests"><testsuite name="pytest" errors="0" failures="0" skipped="0" tests="17" time="3.481" timestamp="2026-06-30T09:26:28.126136+00:00" hostname="agent-env-d1dfed1a-214d-43b3-ad1c-27a56ad52812"><testcase classname="tests.test_iter7_regression.TestAuthRegression" name="test_admin_login" time="0.735" /><testcase classname="tests.test_iter7_regression.TestBulkCustomerImport" name="test_text_import_succeeds" time="0.741" /><testcase classname="tests.test_iter7_regression.TestAuthRegression" name="test_super_admin_login" time="0.319" /><testcase classname="tests.test_iter7_regression.TestBulkCustomerImport" name="test_duplicate_re_import_skipped" time="0.649" /><testcase classname="tests.test_iter7_regression.TestAuthRegression" name="test_wrong_password_401" time="0.333" /><testcase classname="tests.test_iter7_regression.TestPublicBookingRefactor" name="test_get_salon_info" time="0.092" /><testcase classname="tests.test_iter7_regression.TestBulkCustomerImport" name="test_vcard_import_succeeds" time="0.122" /><testcase classname="tests.test_iter7_regression.TestPublicBookingRefactor" name="test_get_services_and_staff" time="0.194" /><testcase classname="tests.test_iter7_regression.TestBulkCustomerImport" name="test_explicit_format_vcard" time="0.102" /><testcase classname="tests.test_iter7_regression.TestBulkCustomerImport" name="test_tenant_admin_forbidden" time="0.573" /><testcase classname="tests.test_iter7_regression.TestPublicBookingRefactor" name="test_full_booking_flow_contract" time="0.891" /><testcase classname="tests.test_iter7_regression.TestBulkCustomerImport" name="test_unauthenticated_401" time="0.094" /><testcase classname="tests.test_iter7_regression.TestBulkCustomerImport" name="test_invalid_tenant_404" time="0.093" /><testcase classname="tests.test_iter7_regression.TestBulkCustomerImport" name="test_empty_text_400" time="0.132" /><testcase classname="tests.test_iter7_regression.TestBulkCustomerImport" name="test_phone_country_code_normalization" time="0.102" /><testcase classname="tests.test_iter7_regression.TestInvoiceRefactor" name="test_create_invoice_with_service" time="0.330" /><testcase classname="tests.test_iter7_regression.TestInvoiceRefactor" name="test_sales_report_unchanged" time="0.095" /></testsuite></testsuites>