<?xml version="1.0" encoding="utf-8"?><testsuites name="pytest tests"><testsuite name="pytest" errors="0" failures="0" skipped="0" tests="15" time="4.774" timestamp="2026-09-17T16:10:08.600078+00:00" hostname="agent-env-d1dfed1a-214d-43b3-ad1c-27a56ad52812"><testcase classname="tests.test_iter172_whatsapp_official" name="test_status_official_channel" time="0.634" /><testcase classname="tests.test_iter172_whatsapp_official" name="test_removed_endpoints_return_404_or_405[POST-/api/whatsapp-link/start]" time="0.083" /><testcase classname="tests.test_iter172_whatsapp_official" name="test_removed_endpoints_return_404_or_405[POST-/api/whatsapp-link/pairing-code]" time="0.084" /><testcase classname="tests.test_iter172_whatsapp_official" name="test_removed_endpoints_return_404_or_405[POST-/api/whatsapp-link/unlink]" time="0.085" /><testcase classname="tests.test_iter172_whatsapp_official" name="test_removed_endpoints_return_404_or_405[PUT-/api/whatsapp-link/preferences]" time="0.091" /><testcase classname="tests.test_iter172_whatsapp_official" name="test_usage_default_cap_1000" time="0.089" /><testcase classname="tests.test_iter172_whatsapp_official" name="test_daily_cap_put_valid_and_invalid" time="0.237" /><testcase classname="tests.test_iter172_whatsapp_official" name="test_inbox_ok" time="0.085" /><testcase classname="tests.test_iter172_whatsapp_official" name="test_campaigns_list_has_counts" time="0.077" /><testcase classname="tests.test_iter172_whatsapp_official" name="test_compose_festival_returns_offer_fields" time="2.512" /><testcase classname="tests.test_iter172_whatsapp_official" name="test_campaigns_selected_no_ids_400" time="0.089" /><testcase classname="tests.test_iter172_whatsapp_official" name="test_campaigns_bad_image_url_422" time="0.081" /><testcase classname="tests.test_iter172_whatsapp_official" name="test_campaigns_bad_offer_type_422" time="0.089" /><testcase classname="tests.test_iter172_whatsapp_official" name="test_winback_blast_preview" time="0.090" /><testcase classname="tests.test_iter172_whatsapp_official" name="test_winback_blast_dry_run" time="0.082" /></testsuite></testsuites>