<?xml version="1.0" encoding="utf-8"?><testsuites name="pytest tests"><testsuite name="pytest" errors="0" failures="0" skipped="0" tests="16" time="4.618" timestamp="2026-09-07T04:19:37.788258+00:00" hostname="agent-env-d1dfed1a-214d-43b3-ad1c-27a56ad52812"><testcase classname="tests.test_iter131_invoice_kit" name="test_billing_identity_get" time="1.051" /><testcase classname="tests.test_iter131_invoice_kit" name="test_billing_identity_bad_gstin" time="0.070" /><testcase classname="tests.test_iter131_invoice_kit" name="test_billing_identity_valid_gstin_sets_state_code" time="0.072" /><testcase classname="tests.test_iter131_invoice_kit" name="test_billing_identity_restore" time="0.125" /><testcase classname="tests.test_iter131_invoice_kit" name="test_hq_invoices_list_contains" time="1.315" /><testcase classname="tests.test_iter131_invoice_kit" name="test_hq_pdf_download[invoice]" time="0.073" /><testcase classname="tests.test_iter131_invoice_kit" name="test_hq_pdf_download[receipt]" time="0.072" /><testcase classname="tests.test_iter131_invoice_kit" name="test_hq_pdf_download[terms]" time="0.072" /><testcase classname="tests.test_iter131_invoice_kit" name="test_hq_pdf_unknown_kind" time="0.091" /><testcase classname="tests.test_iter131_invoice_kit" name="test_hq_pdf_unknown_id" time="0.066" /><testcase classname="tests.test_iter131_invoice_kit" name="test_resend_invoice" time="0.488" /><testcase classname="tests.test_iter131_invoice_kit" name="test_backfill_idempotent" time="0.155" /><testcase classname="tests.test_iter131_invoice_kit" name="test_tenant_lists_only_own" time="0.484" /><testcase classname="tests.test_iter131_invoice_kit" name="test_tenant_can_download_own_pdf" time="0.145" /><testcase classname="tests.test_iter131_invoice_kit" name="test_tenant_cannot_access_other_tenant_invoice" time="0.149" /><testcase classname="tests.test_iter131_invoice_kit" name="test_tenant_forbidden_super_admin_endpoint" time="0.072" /></testsuite></testsuites>