<?xml version="1.0" encoding="utf-8"?><testsuites name="pytest tests"><testsuite name="pytest" errors="0" failures="0" skipped="0" tests="12" time="3.521" timestamp="2026-06-30T08:14:30.572808+00:00" hostname="agent-env-d1dfed1a-214d-43b3-ad1c-27a56ad52812"><testcase classname="tests.test_iter6_regression.TestAuthRegression" name="test_admin_login_returns_token" time="0.424" /><testcase classname="tests.test_iter6_regression.TestSalesReport" name="test_sales_returns_valid_totals" time="0.447" /><testcase classname="tests.test_iter6_regression.TestSalesReport" name="test_sales_with_date_range" time="0.126" /><testcase classname="tests.test_iter6_regression.TestPublicBookingValidator" name="test_valid_future_iso_accepted" time="0.669" /><testcase classname="tests.test_iter6_regression.TestPublicBookingValidator" name="test_past_iso_rejected" time="0.192" /><testcase classname="tests.test_iter6_regression.TestPublicBookingValidator" name="test_invalid_iso_rejected" time="0.187" /><testcase classname="tests.test_iter6_regression.TestMultiTenantIsolation" name="test_admin_scoped_to_own_tenant" time="0.098" /><testcase classname="tests.test_iter6_regression.TestMultiTenantIsolation" name="test_admin_cross_tenant_forbidden" time="0.096" /><testcase classname="tests.test_iter6_regression.TestMultiTenantIsolation" name="test_super_admin_can_scope_via_header" time="0.504" /><testcase classname="tests.test_iter6_regression.TestMultiTenantIsolation" name="test_tenants_current_returns_own_tenant" time="0.496" /><testcase classname="tests.test_iter6_regression.TestMultiTenantIsolation" name="test_super_admin_overview_accessible" time="0.130" /><testcase classname="tests.test_iter6_regression.TestMultiTenantIsolation" name="test_super_admin_endpoint_forbidden_for_admin" time="0.089" /></testsuite></testsuites>