<?xml version="1.0" encoding="utf-8"?><testsuites name="pytest tests"><testsuite name="pytest" errors="0" failures="0" skipped="1" tests="27" time="27.403" timestamp="2026-07-05T06:50:45.586074+00:00" hostname="agent-env-d1dfed1a-214d-43b3-ad1c-27a56ad52812"><testcase classname="tests.test_iter47_refactor_regression.TestCoreFlows" name="test_staff_list" time="0.628" /><testcase classname="tests.test_iter47_refactor_regression.TestAuth" name="test_login_all_roles[super]" time="0.577" /><testcase classname="tests.test_iter47_refactor_regression.TestAuth" name="test_login_all_roles[admin]" time="0.326" /><testcase classname="tests.test_iter47_refactor_regression.TestCoreFlows" name="test_attendance_today" time="0.730" /><testcase classname="tests.test_iter47_refactor_regression.TestAuth" name="test_login_all_roles[manager]" time="0.451" /><testcase classname="tests.test_iter47_refactor_regression.TestAuth" name="test_login_all_roles[staff]" time="0.321" /><testcase classname="tests.test_iter47_refactor_regression.TestCoreFlows" name="test_staff_checkin_geo" time="0.771" /><testcase classname="tests.test_iter47_refactor_regression.TestAuth" name="test_me_works[super]" time="0.534" /><testcase classname="tests.test_iter47_refactor_regression.TestCoreFlows" name="test_dashboard" time="0.562" /><testcase classname="tests.test_iter47_refactor_regression.TestAuth" name="test_me_works[admin]" time="0.553" /><testcase classname="tests.test_iter47_refactor_regression.TestCoreFlows" name="test_dashboard_branch_filter" time="0.562" /><testcase classname="tests.test_iter47_refactor_regression.TestAuth" name="test_me_works[manager]" time="0.568" /><testcase classname="tests.test_iter47_refactor_regression.TestCoreFlows" name="test_public_registry_search" time="0.101" /><testcase classname="tests.test_iter47_refactor_regression.TestAuth" name="test_me_works[staff]" time="0.556" /><testcase classname="tests.test_iter47_refactor_regression.TestCoreFlows" name="test_pos_invoice_create" time="0.948" /><testcase classname="tests.test_iter47_refactor_regression.TestAuth" name="test_wrong_password_401" time="0.316" /><testcase classname="tests.test_iter47_refactor_regression.TestAuth" name="test_protected_without_cookie_401" time="0.098" /><testcase classname="tests.test_iter47_refactor_regression.TestAuth" name="test_refresh_flow" time="0.869" /><testcase classname="tests.test_iter47_refactor_regression.TestSuperAdmin" name="test_tenants_list" time="0.543" /><testcase classname="tests.test_iter47_refactor_regression.TestSuperAdmin" name="test_overview" time="0.370" /><testcase classname="tests.test_iter47_refactor_regression.TestAuth" name="test_logout_clears_cookies" time="0.609" /><testcase classname="tests.test_iter47_refactor_regression.TestSuperAdmin" name="test_engineer_health" time="0.566" /><testcase classname="tests.test_iter47_refactor_regression.TestAuth" name="test_manager_blocked_from_admin_only" time="0.606" /><testcase classname="tests.test_iter47_refactor_regression.TestPdfEndpoints" name="test_registry_pdf" time="0.095"><skipped type="pytest.skip" message="registry search unavailable">/app/backend/tests/test_iter47_refactor_regression.py:239: registry search unavailable</skipped></testcase><testcase classname="tests.test_iter47_refactor_regression.TestPdfEndpoints" name="test_salary_slip_pdf" time="0.965" /><testcase classname="tests.test_iter47_refactor_regression.TestTenantScoping" name="test_admin_sees_only_own_tenant_staff" time="0.366" /><testcase classname="tests.test_iter47_refactor_regression.TestStorage" name="test_upload_and_serve" time="20.284" /></testsuite></testsuites>