<?xml version="1.0" encoding="utf-8"?><testsuites name="pytest tests"><testsuite name="pytest" errors="0" failures="0" skipped="0" tests="7" time="18.056" timestamp="2026-09-23T06:44:21.997441+00:00" hostname="agent-env-d1dfed1a-214d-43b3-ad1c-27a56ad52812"><testcase classname="tests.test_iter193_otp_signup_emails.TestOtpLogin" name="test_owner_password_login_regression" time="0.430" /><testcase classname="tests.test_iter193_otp_signup_emails.TestOtpLogin" name="test_otp_request_ok" time="0.352" /><testcase classname="tests.test_iter193_otp_signup_emails.TestOtpLogin" name="test_otp_verify_wrong_code_401" time="1.211" /><testcase classname="tests.test_iter193_otp_signup_emails.TestWelcomeEmailHtml" name="test_salon_html_contents" time="0.062" /><testcase classname="tests.test_iter193_otp_signup_emails.TestWelcomeEmailHtml" name="test_restaurant_html_contents" time="0.000" /><testcase classname="tests.test_iter193_otp_signup_emails.TestSuperAdminOnboardWelcomeEmail" name="test_onboard_tenant_emits_welcome_log" time="15.641" /><testcase classname="tests.test_iter193_otp_signup_emails.TestPublicPlansIntl" name="test_plans_intl_starter" time="0.202" /></testsuite></testsuites>