<?xml version="1.0" encoding="utf-8"?><testsuites name="pytest tests"><testsuite name="pytest" errors="0" failures="0" skipped="0" tests="5" time="3.668" timestamp="2026-09-16T02:19:26.525002+00:00" hostname="agent-env-d1dfed1a-214d-43b3-ad1c-27a56ad52812"><testcase classname="tests.test_iter158_fix_requests_checklist.TestFixRequest" name="test_create_lists_and_notifies" time="1.364" /><testcase classname="tests.test_iter158_fix_requests_checklist.TestChecklistGate" name="test_pause_gate_checklist_then_go_live" time="1.531" /><testcase classname="tests.test_iter158_fix_requests_checklist.TestFixRequest" name="test_short_issue_422" time="0.079" /><testcase classname="tests.test_iter158_fix_requests_checklist.TestChecklistGate" name="test_features_include_checklist_items" time="0.297" /><testcase classname="tests.test_iter158_fix_requests_checklist.TestHqInbox" name="test_hq_sees_fix_request_and_resolve" time="1.837" /></testsuite></testsuites>