<?xml version="1.0" encoding="utf-8"?><testsuites name="pytest tests"><testsuite name="pytest" errors="0" failures="0" skipped="0" tests="13" time="2.464" timestamp="2026-06-30T18:21:20.475761+00:00" hostname="agent-env-d1dfed1a-214d-43b3-ad1c-27a56ad52812"><testcase classname="tests.test_iter21_branding_reminders_leaderboard.TestStaticAssets" name="test_og_image" time="0.206" /><testcase classname="tests.test_iter21_branding_reminders_leaderboard.TestStaticAssets" name="test_favicon_svg" time="0.155" /><testcase classname="tests.test_iter21_branding_reminders_leaderboard.TestStaticAssets" name="test_manifest_json" time="0.104" /><testcase classname="tests.test_iter21_branding_reminders_leaderboard.TestReminders" name="test_get_reminders_shape_and_contains_new_appt" time="1.266" /><testcase classname="tests.test_iter21_branding_reminders_leaderboard.TestStaticAssets" name="test_index_html_meta" time="0.104" /><testcase classname="tests.test_iter21_branding_reminders_leaderboard.TestBranding" name="test_get_branding_shape" time="0.443" /><testcase classname="tests.test_iter21_branding_reminders_leaderboard.TestBranding" name="test_put_branding_persists" time="0.205" /><testcase classname="tests.test_iter21_branding_reminders_leaderboard.TestBranding" name="test_put_branding_bad_url_422" time="0.118" /><testcase classname="tests.test_iter21_branding_reminders_leaderboard.TestReminders" name="test_mark_sent_flips_reminded" time="0.405" /><testcase classname="tests.test_iter21_branding_reminders_leaderboard.TestLeaderboard" name="test_leaderboard_super_admin" time="0.507" /><testcase classname="tests.test_iter21_branding_reminders_leaderboard.TestReminders" name="test_mark_sent_bogus_id_404" time="0.113" /><testcase classname="tests.test_iter21_branding_reminders_leaderboard.TestReminders" name="test_zz_cleanup_appt" time="0.115" /><testcase classname="tests.test_iter21_branding_reminders_leaderboard.TestLeaderboard" name="test_leaderboard_regular_admin_forbidden" time="0.103" /></testsuite></testsuites>