<?xml version="1.0" encoding="utf-8"?><testsuites name="pytest tests"><testsuite name="pytest" errors="0" failures="0" skipped="0" tests="13" time="2.582" timestamp="2026-06-30T10:30:02.545137+00:00" hostname="agent-env-d1dfed1a-214d-43b3-ad1c-27a56ad52812"><testcase classname="tests.test_iter13_billing.TestPlansCatalog" name="test_plans_catalog" time="0.520" /><testcase classname="tests.test_iter13_billing.TestPlansCatalog" name="test_plans_forbidden_for_tenant_admin" time="0.412" /><testcase classname="tests.test_iter13_billing.TestSubscriptionCreate" name="test_create_half_year_subscription" time="0.355" /><testcase classname="tests.test_iter13_billing.TestSubscriptionCreate" name="test_create_annual_subscription_supersedes" time="0.207" /><testcase classname="tests.test_iter13_billing.TestSubscriptionCreate" name="test_invalid_plan_returns_400" time="0.095" /><testcase classname="tests.test_iter13_billing.TestSubscriptionCreate" name="test_create_forbidden_for_tenant_admin" time="0.106" /><testcase classname="tests.test_iter13_billing.TestSubscriptionList" name="test_list_joins_tenant_and_plan_label" time="0.124" /><testcase classname="tests.test_iter13_billing.TestRevenue" name="test_revenue_kpis_after_create" time="0.112" /><testcase classname="tests.test_iter13_billing.TestTenantBilling" name="test_tenant_billing_history" time="0.094" /><testcase classname="tests.test_iter13_billing.TestCancel" name="test_cancel_active_subscription" time="0.197" /><testcase classname="tests.test_iter13_billing.TestCancel" name="test_cancel_already_cancelled_returns_400" time="0.096" /><testcase classname="tests.test_iter13_billing.TestCancel" name="test_cancel_forbidden_for_tenant_admin" time="0.098" /><testcase classname="tests.test_iter13_billing.TestRestoreState" name="test_recreate_active_for_ui" time="0.104" /></testsuite></testsuites>