<?xml version="1.0" encoding="utf-8"?><testsuites name="pytest tests"><testsuite name="pytest" errors="0" failures="0" skipped="0" tests="8" time="2.255" timestamp="2026-09-22T18:09:56.406292+00:00" hostname="agent-env-d1dfed1a-214d-43b3-ad1c-27a56ad52812"><testcase classname="tests.test_iter187_owner_dashboard" name="test_status_owner_available" time="0.610" /><testcase classname="tests.test_iter187_owner_dashboard" name="test_unlock_wrong_pin" time="0.099" /><testcase classname="tests.test_iter187_owner_dashboard" name="test_unlock_correct_pin_shape_and_totals" time="0.100" /><testcase classname="tests.test_iter187_owner_dashboard" name="test_manager_forbidden" time="0.416" /><testcase classname="tests.test_iter187_owner_dashboard" name="test_unauthenticated_401" time="0.134" /><testcase classname="tests.test_iter187_owner_dashboard" name="test_eleg_delete_wrong_pin" time="0.556" /><testcase classname="tests.test_iter187_owner_dashboard" name="test_eleg_delete_correct_pin_then_status_and_unlock" time="0.236" /><testcase classname="tests.test_iter187_owner_dashboard" name="test_zz_restore_eleg_tenant" time="0.010" /></testsuite></testsuites>