<?xml version="1.0" encoding="utf-8"?><testsuites name="pytest tests"><testsuite name="pytest" errors="0" failures="0" skipped="0" tests="4" time="4.362" timestamp="2026-09-11T18:08:54.760206+00:00" hostname="agent-env-d1dfed1a-214d-43b3-ad1c-27a56ad52812"><testcase classname="tests.test_iter149_face_check.TestFaceCheck" name="test_face_true_with_portrait" time="2.150" /><testcase classname="tests.test_iter149_face_check.TestFaceCheck" name="test_face_false_back_of_head" time="1.435" /><testcase classname="tests.test_iter149_face_check.TestFaceCheck" name="test_selfie_too_small_400" time="0.155" /><testcase classname="tests.test_iter149_face_check.TestFaceCheck" name="test_unknown_slug_404" time="0.137" /></testsuite></testsuites>