<?xml version="1.0" encoding="utf-8"?><testsuites name="pytest tests"><testsuite name="pytest" errors="0" failures="0" skipped="0" tests="10" time="2.916" timestamp="2026-09-06T08:54:41.664577+00:00" hostname="agent-env-d1dfed1a-214d-43b3-ad1c-27a56ad52812"><testcase classname="tests.test_notify_email.TestSendResetLink" name="test_send_reset_link_masked" time="1.090" /><testcase classname="tests.test_notify_email.TestNotifyEmailValidation" name="test_reject_login_only_domain" time="0.792" /><testcase classname="tests.test_notify_email.TestNotifyEmailValidation" name="test_reject_invalid_email" time="0.063" /><testcase classname="tests.test_notify_email.TestNotifyEmailValidation" name="test_accept_valid_email_and_persist" time="0.130" /><testcase classname="tests.test_notify_email.TestLoginRegression" name="test_tenant_admin_login" time="0.410" /><testcase classname="tests.test_notify_email.TestSendResetLink" name="test_send_reset_link_no_inbox_on_file" time="0.368" /><testcase classname="tests.test_notify_email.TestLoginRegression" name="test_super_admin_login" time="0.337" /><testcase classname="tests.test_notify_email.TestSendResetLink" name="test_send_reset_link_unauthenticated" time="0.274" /><testcase classname="tests.test_notify_email.TestForgotPassword" name="test_forgot_password_generic" time="0.347" /><testcase classname="tests.test_notify_email.TestSendResetLink" name="test_super_admin_reset_routes_to_hq" time="0.805" /></testsuite></testsuites>