<?xml version="1.0" encoding="utf-8"?><testsuites name="pytest tests"><testsuite name="pytest" errors="0" failures="0" skipped="0" tests="13" time="3.019" timestamp="2026-09-21T06:13:58.855754+00:00" hostname="agent-env-d1dfed1a-214d-43b3-ad1c-27a56ad52812"><testcase classname="tests.test_iter182_missed_bill_and_gift_breakage.TestUnbilledRecent" name="test_seeded_appt_appears" time="0.592" /><testcase classname="tests.test_iter182_missed_bill_and_gift_breakage.TestUnbilledRecent" name="test_older_than_2_days_excluded" time="0.095" /><testcase classname="tests.test_iter182_missed_bill_and_gift_breakage.TestUnbilledRecent" name="test_non_completed_excluded" time="0.073" /><testcase classname="tests.test_iter182_missed_bill_and_gift_breakage.TestUnbilledRecent" name="test_already_billed_excluded" time="0.443" /><testcase classname="tests.test_iter182_missed_bill_and_gift_breakage.TestDismissUnbilled" name="test_dismiss_removes_from_nudge" time="0.213" /><testcase classname="tests.test_iter182_missed_bill_and_gift_breakage.TestDismissUnbilled" name="test_dismiss_unknown_returns_404" time="0.067" /><testcase classname="tests.test_iter182_missed_bill_and_gift_breakage.TestGiftCardBreakage" name="test_list_stats_include_breakage" time="0.073" /><testcase classname="tests.test_iter182_missed_bill_and_gift_breakage.TestGiftCardBreakage" name="test_analytics_months_include_breakage" time="0.073" /><testcase classname="tests.test_iter182_missed_bill_and_gift_breakage.TestGiftCardBreakage" name="test_reports_sales_gift_breakage" time="0.074" /><testcase classname="tests.test_iter182_missed_bill_and_gift_breakage.TestGiftCardBreakage" name="test_reports_daily_gift_breakage_today" time="0.071" /><testcase classname="tests.test_iter182_missed_bill_and_gift_breakage.TestGiftCardSettingsValidity" name="test_validity_7_accepted_6_rejected" time="0.278" /><testcase classname="tests.test_iter182_missed_bill_and_gift_breakage.TestPosGiftCardCustomValidity" name="test_validity_7_persisted" time="0.373" /><testcase classname="tests.test_iter182_missed_bill_and_gift_breakage.TestPosGiftCardCustomValidity" name="test_invalid_validity_falls_back_to_default" time="0.426" /></testsuite></testsuites>