<?xml version="1.0" encoding="utf-8"?><testsuites name="pytest tests"><testsuite name="pytest" errors="0" failures="0" skipped="0" tests="15" time="7.757" timestamp="2026-07-05T05:18:17.745037+00:00" hostname="agent-env-d1dfed1a-214d-43b3-ad1c-27a56ad52812"><testcase classname="tests.test_iter46_new_features.TestSystemHealth" name="test_health_shape" time="0.449" /><testcase classname="tests.test_iter46_new_features.TestSystemHealth" name="test_health_forbidden_for_admin" time="0.375" /><testcase classname="tests.test_iter46_new_features.TestDevTickets" name="test_create_with_triage" time="3.279" /><testcase classname="tests.test_iter46_new_features.TestDevTickets" name="test_invalid_kind_and_priority" time="0.095" /><testcase classname="tests.test_iter46_new_features.TestDevTickets" name="test_list" time="0.048" /><testcase classname="tests.test_iter46_new_features.TestDevTickets" name="test_update_status" time="0.047" /><testcase classname="tests.test_iter46_new_features.TestDevTickets" name="test_forbidden_for_non_super" time="0.129" /><testcase classname="tests.test_iter46_new_features.TestDevTickets" name="test_delete" time="0.093" /><testcase classname="tests.test_iter46_new_features.TestEngineerChat" name="test_first_reply_grounded" time="1.791" /><testcase classname="tests.test_iter46_new_features.TestPlans" name="test_super_admin_plans" time="0.047" /><testcase classname="tests.test_iter46_new_features.TestPlans" name="test_tenant_billing_config_lists_all_plans" time="0.044" /><testcase classname="tests.test_iter46_new_features.TestMonthlyReport" name="test_send_all" time="0.720" /><testcase classname="tests.test_iter46_new_features.TestDashboardBranch" name="test_branch_filter_reduces_revenue" time="0.103" /><testcase classname="tests.test_iter46_new_features.TestDashboardBranch" name="test_unknown_branch_returns_zero" time="0.048" /><testcase classname="tests.test_iter46_new_features.TestDashboardBranch" name="test_manager_can_access_dashboard_branch" time="0.392" /></testsuite></testsuites>