<?xml version="1.0" encoding="utf-8"?><testsuites name="pytest tests"><testsuite name="pytest" errors="0" failures="1" skipped="0" tests="11" time="4.514" timestamp="2026-08-25T06:40:34.886396+00:00" hostname="agent-env-d1dfed1a-214d-43b3-ad1c-27a56ad52812"><testcase classname="tests.test_iter115_table_calls_insights_dinein" name="test_table_call_create_and_dedupe" time="0.706" /><testcase classname="tests.test_iter115_table_calls_insights_dinein" name="test_table_call_salon_rejected" time="0.095" /><testcase classname="tests.test_iter115_table_calls_insights_dinein" name="test_table_calls_list_requires_auth" time="0.093" /><testcase classname="tests.test_iter115_table_calls_insights_dinein" name="test_table_calls_list_and_done" time="2.056" /><testcase classname="tests.test_iter115_table_calls_insights_dinein" name="test_table_calls_done_unknown_404" time="0.046" /><testcase classname="tests.test_iter115_table_calls_insights_dinein" name="test_table_calls_tenant_isolation" time="0.625" /><testcase classname="tests.test_iter115_table_calls_insights_dinein" name="test_restaurant_insights_shape" time="0.045" /><testcase classname="tests.test_iter115_table_calls_insights_dinein" name="test_restaurant_insights_auth_required" time="0.097" /><testcase classname="tests.test_iter115_table_calls_insights_dinein" name="test_dinein_guest_idempotent" time="0.100" /><testcase classname="tests.test_iter115_table_calls_insights_dinein" name="test_dinein_guest_tenant_scoped" time="0.096" /><testcase classname="tests.test_iter115_table_calls_insights_dinein" name="test_upload_service_image_and_attach" time="0.442"><failure message="AssertionError: {&quot;detail&quot;:[{&quot;type&quot;:&quot;missing&quot;,&quot;loc&quot;:[&quot;body&quot;,&quot;name&quot;],&quot;msg&quot;:&quot;Field required&quot;,&quot;input&quot;:{&quot;image_url&quot;:&quot;/api/files/b6745e1b-c354-466f-add7-25325e38556a&quot;},&quot;url&quot;:&quot;https://errors.pydantic.dev/2.13/v/missing&quot;},{&quot;type&quot;:&quot;missing&quot;,&quot;loc&quot;:[&quot;body&quot;,&quot;category&quot;],&quot;msg&quot;:&quot;Field required&quot;,&quot;input&quot;:{&quot;image_url&quot;:&quot;/api/files/b6745e1b-c354-466f-add7-25325e38556a&quot;},&quot;url&quot;:&quot;https://errors.pydantic.dev/2.13/v/missing&quot;},{&quot;type&quot;:&quot;missing&quot;,&quot;loc&quot;:[&quot;body&quot;,&quot;price&quot;],&quot;msg&quot;:&quot;Field required&quot;,&quot;input&quot;:{&quot;image_url&quot;:&quot;/api/files/b6745e1b-c354-466f-add7-25325e38556a&quot;},&quot;url&quot;:&quot;https://errors.pydantic.dev/2.13/v/missing&quot;},{&quot;type&quot;:&quot;missing&quot;,&quot;loc&quot;:[&quot;body&quot;,&quot;duration_min&quot;],&quot;msg&quot;:&quot;Field required&quot;,&quot;input&quot;:{&quot;image_url&quot;:&quot;/api/files/b6745e1b-c354-466f-add7-25325e38556a&quot;},&quot;url&quot;:&quot;https://errors.pydantic.dev/2.13/v/missing&quot;}]}&#10;assert 422 == 200&#10; +  where 422 = &lt;Response [422]&gt;.status_code">backend/tests/test_iter115_table_calls_insights_dinein.py:186: in test_upload_service_image_and_attach
    assert r.status_code == 200, r.text
E   AssertionError: {"detail":[{"type":"missing","loc":["body","name"],"msg":"Field required","input":{"image_url":"/api/files/b6745e1b-c354-466f-add7-25325e38556a"},"url":"https://errors.pydantic.dev/2.13/v/missing"},{"type":"missing","loc":["body","category"],"msg":"Field required","input":{"image_url":"/api/files/b6745e1b-c354-466f-add7-25325e38556a"},"url":"https://errors.pydantic.dev/2.13/v/missing"},{"type":"missing","loc":["body","price"],"msg":"Field required","input":{"image_url":"/api/files/b6745e1b-c354-466f-add7-25325e38556a"},"url":"https://errors.pydantic.dev/2.13/v/missing"},{"type":"missing","loc":["body","duration_min"],"msg":"Field required","input":{"image_url":"/api/files/b6745e1b-c354-466f-add7-25325e38556a"},"url":"https://errors.pydantic.dev/2.13/v/missing"}]}
E   assert 422 == 200
E    +  where 422 = &lt;Response [422]&gt;.status_code</failure></testcase></testsuite></testsuites>