<?xml version="1.0" encoding="utf-8"?><testsuites name="pytest tests"><testsuite name="pytest" errors="0" failures="0" skipped="0" tests="5" time="6.715" timestamp="2026-07-19T16:25:21.398413+00:00" hostname="agent-env-d1dfed1a-214d-43b3-ad1c-27a56ad52812"><testcase classname="tests.test_iter84_tips" name="test_tip_with_explicit_tip_staff" time="3.060" /><testcase classname="tests.test_iter84_tips" name="test_tip_fallback_to_invoice_staff" time="1.566" /><testcase classname="tests.test_iter84_tips" name="test_tip_zero_no_staff" time="1.648" /><testcase classname="tests.test_iter84_tips" name="test_negative_tip_rejected" time="0.048" /><testcase classname="tests.test_iter84_tips" name="test_staff_tips_report" time="0.051" /></testsuite></testsuites>