<?xml version="1.0" encoding="utf-8"?><testsuites name="pytest tests"><testsuite name="pytest" errors="0" failures="0" skipped="1" tests="7" time="18.488" timestamp="2026-09-05T06:08:24.784974+00:00" hostname="agent-env-d1dfed1a-214d-43b3-ad1c-27a56ad52812"><testcase classname="tests.test_iter125_founder_inbox_and_cash_staff" name="test_a1_send_founder_letter" time="1.275" /><testcase classname="tests.test_iter125_founder_inbox_and_cash_staff" name="test_a2_mark_replied_and_founder_replies" time="0.180" /><testcase classname="tests.test_iter125_founder_inbox_and_cash_staff" name="test_a3_resend_inbound_webhook" time="0.000"><skipped type="pytest.skip" message="RESEND_INBOUND_SECRET not set — endpoint returns 503">/app/backend/tests/test_iter125_founder_inbox_and_cash_staff.py:174: RESEND_INBOUND_SECRET not set — endpoint returns 503</skipped></testcase><testcase classname="tests.test_iter125_founder_inbox_and_cash_staff" name="test_a4_founder_setup" time="16.064" /><testcase classname="tests.test_iter125_founder_inbox_and_cash_staff" name="test_a5_cleanup" time="0.070" /><testcase classname="tests.test_iter125_founder_inbox_and_cash_staff" name="test_b1_get_staff_and_add_expense" time="0.582" /><testcase classname="tests.test_iter125_founder_inbox_and_cash_staff" name="test_b2_cleanup" time="0.123" /></testsuite></testsuites>