<?xml version="1.0" encoding="utf-8"?><testsuites name="pytest tests"><testsuite name="pytest" errors="0" failures="1" skipped="0" tests="43" time="8.542" timestamp="2026-06-30T14:57:57.351763+00:00" hostname="agent-env-d1dfed1a-214d-43b3-ad1c-27a56ad52812"><testcase classname="tests.test_iter7_regression.TestBulkCustomerImport" name="test_text_import_succeeds" time="0.625" /><testcase classname="tests.test_iter7_regression.TestBulkCustomerImport" name="test_duplicate_re_import_skipped" time="0.215" /><testcase classname="tests.test_iter13_billing.TestSubscriptionCreate" name="test_create_half_year_subscription" time="0.983" /><testcase classname="tests.test_iter7_regression.TestBulkCustomerImport" name="test_vcard_import_succeeds" time="0.110" /><testcase classname="tests.test_iter7_regression.TestBulkCustomerImport" name="test_explicit_format_vcard" time="0.108" /><testcase classname="tests.test_iter13_billing.TestSubscriptionCreate" name="test_create_annual_subscription_supersedes" time="0.217" /><testcase classname="tests.test_iter13_billing.TestSubscriptionCreate" name="test_invalid_plan_returns_400" time="0.105" /><testcase classname="tests.test_iter7_regression.TestBulkCustomerImport" name="test_tenant_admin_forbidden" time="0.761" /><testcase classname="tests.test_iter7_regression.TestBulkCustomerImport" name="test_unauthenticated_401" time="0.105" /><testcase classname="tests.test_iter13_billing.TestSubscriptionCreate" name="test_create_forbidden_for_tenant_admin" time="0.620" /><testcase classname="tests.test_iter7_regression.TestAuthRegression" name="test_admin_login" time="0.328" /><testcase classname="tests.test_iter7_regression.TestBulkCustomerImport" name="test_invalid_tenant_404" time="0.326" /><testcase classname="tests.test_iter7_regression.TestBulkCustomerImport" name="test_empty_text_400" time="0.115" /><testcase classname="tests.test_iter7_regression.TestAuthRegression" name="test_super_admin_login" time="0.371" /><testcase classname="tests.test_iter7_regression.TestBulkCustomerImport" name="test_phone_country_code_normalization" time="0.259" /><testcase classname="tests.test_iter7_regression.TestAuthRegression" name="test_wrong_password_401" time="0.396" /><testcase classname="tests.test_iter7_regression.TestPublicBookingRefactor" name="test_get_salon_info" time="0.104" /><testcase classname="tests.test_iter7_regression.TestPublicBookingRefactor" name="test_get_services_and_staff" time="0.378" /><testcase classname="tests.test_iter7_regression.TestPublicBookingRefactor" name="test_full_booking_flow_contract" time="0.472" /><testcase classname="tests.test_iter11_dashboard_contract.TestDashboardContract" name="test_dashboard_shape_unchanged" time="0.446" /><testcase classname="tests.test_iter11_dashboard_contract.TestDashboardContract" name="test_dashboard_review_stats_consistency" time="0.064" /><testcase classname="tests.test_iter11_dashboard_contract.TestDashboardContract" name="test_dashboard_requires_auth" time="0.111" /><testcase classname="tests.test_iter11_dashboard_contract.TestPublicBookingValidation" name="test_malformed_iso_returns_422" time="0.105" /><testcase classname="tests.test_iter11_dashboard_contract.TestPublicBookingValidation" name="test_past_datetime_returns_422" time="0.296" /><testcase classname="tests.test_iter11_dashboard_contract.TestPublicBookingValidation" name="test_future_business_hours_succeeds" time="0.269" /><testcase classname="tests.test_iter13_billing.TestCancel" name="test_cancel_active_subscription" time="0.558" /><testcase classname="tests.test_iter13_billing.TestCancel" name="test_cancel_already_cancelled_returns_400" time="0.259" /><testcase classname="tests.test_iter7_regression.TestInvoiceRefactor" name="test_create_invoice_with_service" time="0.989" /><testcase classname="tests.test_iter13_billing.TestCancel" name="test_cancel_forbidden_for_tenant_admin" time="0.533" /><testcase classname="tests.test_iter11_dashboard_contract.TestAuthTokenErrors" name="test_invalid_token_message" time="0.142" /><testcase classname="tests.test_iter11_dashboard_contract.TestAuthTokenErrors" name="test_missing_token_message" time="0.149" /><testcase classname="tests.test_iter7_regression.TestInvoiceRefactor" name="test_sales_report_unchanged" time="0.121" /><testcase classname="tests.test_iter13_billing.TestPlansCatalog" name="test_plans_catalog" time="0.588" /><testcase classname="tests.test_iter11_dashboard_contract.TestSalesReportContract" name="test_sales_report_keys_and_totals" time="0.555" /><testcase classname="tests.test_iter11_dashboard_contract.TestSalesReportContract" name="test_sales_report_no_args" time="0.047" /><testcase classname="tests.test_iter13_billing.TestPlansCatalog" name="test_plans_forbidden_for_tenant_admin" time="0.603" /><testcase classname="tests.test_iter10_review_blast.TestBlastTargetsAuth" name="test_unauth_401" time="0.108" /><testcase classname="tests.test_iter10_review_blast.TestBlastTargetsShape" name="test_authenticated_returns_contract" time="0.571" /><testcase classname="tests.test_iter13_billing.TestSubscriptionList" name="test_list_joins_tenant_and_plan_label" time="0.579" /><testcase classname="tests.test_iter10_review_blast.TestBlastTargetsPopulation" name="test_completed_appt_appears" time="0.874" /><testcase classname="tests.test_iter13_billing.TestRevenue" name="test_revenue_kpis_after_create" time="0.108"><failure message="assert 0 &gt;= 1">backend/tests/test_iter13_billing.py:168: in test_revenue_kpis_after_create
    assert d["active_subscriptions"] &gt;= 1
E   assert 0 &gt;= 1</failure></testcase><testcase classname="tests.test_iter13_billing.TestRestoreState" name="test_recreate_active_for_ui" time="0.216" /><testcase classname="tests.test_iter13_billing.TestTenantBilling" name="test_tenant_billing_history" time="0.547" /></testsuite></testsuites>