<?xml version="1.0" encoding="utf-8"?><testsuites name="pytest tests"><testsuite name="pytest" errors="0" failures="0" skipped="0" tests="9" time="2.242" timestamp="2026-09-11T18:31:59.000405+00:00" hostname="agent-env-d1dfed1a-214d-43b3-ad1c-27a56ad52812"><testcase classname="tests.test_iter150_gender_step.TestPreviewValidation" name="test_preview_tiny_selfie" time="0.340" /><testcase classname="tests.test_iter150_gender_step.TestPickGender" name="test_pick_men" time="0.313" /><testcase classname="tests.test_iter150_gender_step.TestPickGender" name="test_pick_women" time="0.303" /><testcase classname="tests.test_iter150_gender_step.TestPreviewValidation" name="test_preview_unknown_color" time="0.208" /><testcase classname="tests.test_iter150_gender_step.TestPublicCatalogueMenFlags" name="test_catalog_men_flags" time="0.132" /><testcase classname="tests.test_iter150_gender_step.TestPickGender" name="test_pick_gender_invalid" time="0.182" /><testcase classname="tests.test_iter150_gender_step.TestPickGender" name="test_pick_gender_empty_allowed" time="0.297" /><testcase classname="tests.test_iter150_gender_step.TestPersistedGender" name="test_gender_stored" time="0.676" /><testcase classname="tests.test_iter150_gender_step.TestRegressionAdminCatalog" name="test_admin_hair_colors" time="0.532" /></testsuite></testsuites>