<?xml version="1.0" encoding="utf-8"?><testsuites name="pytest tests"><testsuite name="pytest" errors="0" failures="0" skipped="0" tests="19" time="4.525" timestamp="2026-07-03T07:45:35.771343+00:00" hostname="agent-env-d1dfed1a-214d-43b3-ad1c-27a56ad52812"><testcase classname="tests.test_iter40_staff_registry.TestEmployeeCreation" name="test_create_employee_success" time="0.460" /><testcase classname="tests.test_iter40_staff_registry.TestEmployeeCreation" name="test_duplicate_aadhaar_returns_409" time="0.045" /><testcase classname="tests.test_iter40_staff_registry.TestEmployeeCreation" name="test_invalid_aadhaar_400" time="0.044" /><testcase classname="tests.test_iter40_staff_registry.TestEmployeeCreation" name="test_list_employees" time="0.054" /><testcase classname="tests.test_iter40_staff_registry.TestBadgeMath" name="test_good_tier" time="0.135" /><testcase classname="tests.test_iter40_staff_registry.TestBadgeMath" name="test_excellent_tier" time="0.138" /><testcase classname="tests.test_iter40_staff_registry.TestBadgeMath" name="test_extraordinary_tier" time="0.178" /><testcase classname="tests.test_iter40_staff_registry.TestBadgeMath" name="test_downgrade_low_rating" time="0.139" /><testcase classname="tests.test_iter40_staff_registry.TestBadgeMath" name="test_bad_tier" time="0.134" /><testcase classname="tests.test_iter40_staff_registry.TestCrossTenant" name="test_elegance_cannot_edit_or_delete_miracurl_records" time="0.543" /><testcase classname="tests.test_iter40_staff_registry.TestCrossTenant" name="test_elegance_can_search_and_add_own_employment" time="0.129" /><testcase classname="tests.test_iter40_staff_registry.TestPublicRegistry" name="test_public_search_by_code" time="0.098" /><testcase classname="tests.test_iter40_staff_registry.TestPublicRegistry" name="test_public_search_by_phone" time="0.097" /><testcase classname="tests.test_iter40_staff_registry.TestPublicRegistry" name="test_public_search_unknown" time="0.108" /><testcase classname="tests.test_iter40_staff_registry.TestPublicRegistry" name="test_pdf_download" time="0.122" /><testcase classname="tests.test_iter40_staff_registry.TestRBAC" name="test_manager_blocked" time="1.531" /><testcase classname="tests.test_iter40_staff_registry.TestRBAC" name="test_staff_blocked" time="0.384" /><testcase classname="tests.test_iter40_staff_registry.TestRegression" name="test_staff_page_loads" time="0.044" /><testcase classname="tests.test_iter40_staff_registry.TestRegression" name="test_appointments_loads" time="0.044" /></testsuite></testsuites>