<?xml version="1.0" encoding="utf-8"?><testsuites name="pytest tests"><testsuite name="pytest" errors="0" failures="0" skipped="1" tests="8" time="4.444" timestamp="2026-09-12T02:50:41.456238+00:00" hostname="agent-env-d1dfed1a-214d-43b3-ad1c-27a56ad52812"><testcase classname="tests.test_iter151_salary_target_rules" name="test_A_commission_withheld_when_target_zero" time="1.247" /><testcase classname="tests.test_iter151_salary_target_rules" name="test_B_target_reached_pays_both" time="0.362" /><testcase classname="tests.test_iter151_salary_target_rules" name="test_C_zero_commission_pct_not_withheld" time="0.408" /><testcase classname="tests.test_iter151_salary_target_rules" name="test_D_huge_target_withheld" time="0.368" /><testcase classname="tests.test_iter151_salary_target_rules" name="test_E_salary_pdf_withheld_200" time="0.911" /><testcase classname="tests.test_iter151_salary_target_rules" name="test_F_attendance_has_overtime_fields" time="0.145"><skipped type="pytest.skip" message="Geo-fence blocked check-in (403) and no historical records to inspect">/app/backend/tests/test_iter151_salary_target_rules.py:230: Geo-fence blocked check-in (403) and no historical records to inspect</skipped></testcase><testcase classname="tests.test_iter151_salary_target_rules" name="test_R_hair_colors_200" time="0.075" /><testcase classname="tests.test_iter151_salary_target_rules" name="test_R_public_color_200" time="0.510" /></testsuite></testsuites>