<?xml version="1.0" encoding="utf-8"?><testsuites name="pytest tests"><testsuite name="pytest" errors="0" failures="0" skipped="0" tests="14" time="3.791" timestamp="2026-09-23T05:33:38.940598+00:00" hostname="agent-env-d1dfed1a-214d-43b3-ad1c-27a56ad52812"><testcase classname="tests.test_iter190_plan_catalog_and_trial_nudge.TestPlanCreate" name="test_create_inr_salon_plan" time="0.729" /><testcase classname="tests.test_iter190_plan_catalog_and_trial_nudge.TestPlanCreate" name="test_duplicate_label_gets_suffix" time="0.153" /><testcase classname="tests.test_iter190_plan_catalog_and_trial_nudge.TestPlanCreate" name="test_create_usd_salon_plan" time="0.242" /><testcase classname="tests.test_iter190_plan_catalog_and_trial_nudge.TestPlanCreate" name="test_create_restaurant_plan" time="0.081" /><testcase classname="tests.test_iter190_plan_catalog_and_trial_nudge.TestPlanCreate" name="test_validation_price_zero" time="0.077" /><testcase classname="tests.test_iter190_plan_catalog_and_trial_nudge.TestPlanCreate" name="test_validation_bad_currency" time="0.083" /><testcase classname="tests.test_iter190_plan_catalog_and_trial_nudge.TestHideRestore" name="test_hide_builtin" time="0.879" /><testcase classname="tests.test_iter190_plan_catalog_and_trial_nudge.TestHideRestore" name="test_restore_builtin" time="0.244" /><testcase classname="tests.test_iter190_plan_catalog_and_trial_nudge.TestHideRestore" name="test_delete_unknown_404" time="0.074" /><testcase classname="tests.test_iter190_plan_catalog_and_trial_nudge.TestCleanup" name="test_delete_qa_customs" time="0.388" /><testcase classname="tests.test_iter190_plan_catalog_and_trial_nudge.TestTrialNudge" name="test_usd_owner_trial_nudge" time="0.493" /><testcase classname="tests.test_iter190_plan_catalog_and_trial_nudge.TestTrialNudge" name="test_module_visit_valid" time="0.077" /><testcase classname="tests.test_iter190_plan_catalog_and_trial_nudge.TestTrialNudge" name="test_module_visit_invalid" time="0.077" /><testcase classname="tests.test_iter190_plan_catalog_and_trial_nudge.TestTrialNudge" name="test_inr_owner_no_nudge" time="0.088" /></testsuite></testsuites>