<?xml version="1.0" encoding="utf-8"?><testsuites name="pytest tests"><testsuite name="pytest" errors="0" failures="0" skipped="0" tests="5" time="4.650" timestamp="2026-09-18T13:14:36.271791+00:00" hostname="agent-env-d1dfed1a-214d-43b3-ad1c-27a56ad52812"><testcase classname="tests.test_perf_iter177" name="test_public_demo_slots_200_fast" time="1.014" /><testcase classname="tests.test_perf_iter177" name="test_reports_dashboard_authed_fast" time="0.465" /><testcase classname="tests.test_perf_iter177" name="test_auth_me_and_tenants_current_authed" time="0.524" /><testcase classname="tests.test_perf_iter177" name="test_super_admin_login_and_tenants_current_404" time="1.418" /><testcase classname="tests.test_perf_iter177" name="test_customers_crud_get_cache_freshness_backend_side" time="0.796" /></testsuite></testsuites>