<?xml version="1.0" encoding="utf-8"?><testsuites name="pytest tests"><testsuite name="pytest" errors="0" failures="0" skipped="0" tests="38" time="40.658" timestamp="2026-09-08T02:05:06.413348+00:00" hostname="agent-env-d1dfed1a-214d-43b3-ad1c-27a56ad52812"><testcase classname="tests.test_iter141_payments_regression" name="test_a1_razorpay_config" time="0.554" /><testcase classname="tests.test_iter141_payments_regression" name="test_a2_subscription_status" time="0.067" /><testcase classname="tests.test_iter141_payments_regression" name="test_a3_razorpay_order_and_bad_verify" time="1.195" /><testcase classname="tests.test_iter141_payments_regression" name="test_a4_billing_invoices_and_pdfs" time="1.601" /><testcase classname="tests.test_iter141_payments_regression" name="test_a5_razorpay_webhook_bad_sig" time="0.125" /><testcase classname="tests.test_iter141_payments_regression" name="test_a6_sms_packs" time="0.078" /><testcase classname="tests.test_iter141_payments_regression" name="test_a7_grace_request_no_500" time="0.074" /><testcase classname="tests.test_iter141_payments_regression" name="test_b1_public_plans" time="0.144" /><testcase classname="tests.test_iter141_payments_regression" name="test_b2_super_admin_plans" time="0.441" /><testcase classname="tests.test_iter141_payments_regression" name="test_b3_super_admin_paylinks_list" time="0.068" /><testcase classname="tests.test_iter141_payments_regression" name="test_b4_create_pay_link_for_miracurl" time="0.074" /><testcase classname="tests.test_iter141_payments_regression" name="test_b5_public_paylink_get" time="0.155" /><testcase classname="tests.test_iter141_payments_regression" name="test_b6_public_paylink_order_and_verify_fake" time="1.057" /><testcase classname="tests.test_iter141_payments_regression" name="test_b7_email_paylink_non_500" time="0.081" /><testcase classname="tests.test_iter141_payments_regression" name="test_b8_delete_paylink" time="0.075" /><testcase classname="tests.test_iter141_payments_regression" name="test_b9_bogus_paylink_404" time="0.116" /><testcase classname="tests.test_iter141_payments_regression" name="test_c1_signup_intl_tenant" time="0.346" /><testcase classname="tests.test_iter141_payments_regression" name="test_c2_super_admin_creates_usd_pay_link" time="0.270" /><testcase classname="tests.test_iter141_payments_regression" name="test_c3_stripe_checkout_created" time="0.919" /><testcase classname="tests.test_iter141_payments_regression" name="test_c4_run_trial_nudges_skips_usd" time="1.007" /><testcase classname="tests.test_iter141_payments_regression" name="test_d1_hq_list_subs" time="0.077" /><testcase classname="tests.test_iter141_payments_regression" name="test_d2_revenue" time="0.082" /><testcase classname="tests.test_iter141_payments_regression" name="test_d3_export_csv" time="0.074" /><testcase classname="tests.test_iter141_payments_regression" name="test_d4_create_throwaway_tenant" time="17.482" /><testcase classname="tests.test_iter141_payments_regression" name="test_d5_create_subscription_and_paid_invoice" time="5.241" /><testcase classname="tests.test_iter141_payments_regression" name="test_d6_extend_and_cancel" time="0.159" /><testcase classname="tests.test_iter141_payments_regression" name="test_d7_delete_subscription" time="0.067" /><testcase classname="tests.test_iter141_payments_regression" name="test_d8_tenant_billing_history" time="0.072" /><testcase classname="tests.test_iter141_payments_regression" name="test_d9_biller_identity_roundtrip" time="0.204" /><testcase classname="tests.test_iter141_payments_regression" name="test_d10_invoices_backfill" time="0.070" /><testcase classname="tests.test_iter141_payments_regression" name="test_d11_grace_requests_list" time="0.067" /><testcase classname="tests.test_iter141_payments_regression" name="test_d12_trial_days_set_and_restore" time="0.155" /><testcase classname="tests.test_iter141_payments_regression" name="test_e1_subscription_sweep" time="0.238" /><testcase classname="tests.test_iter141_payments_regression" name="test_e2_trial_sweep_with_paylink" time="0.389" /><testcase classname="tests.test_iter141_payments_regression" name="test_e3_sweep_skips_tenant_without_owner_email" time="0.072" /><testcase classname="tests.test_iter141_payments_regression" name="test_f1_trial_invoice_regression" time="7.048" /><testcase classname="tests.test_iter141_payments_regression" name="test_g1_backend_error_log" time="0.001" /><testcase classname="tests.test_iter141_payments_regression" name="test_z_cleanup" time="0.011" /></testsuite></testsuites>