<?xml version="1.0" encoding="utf-8"?><testsuites name="pytest tests"><testsuite name="pytest" errors="0" failures="0" skipped="0" tests="26" time="14.455" timestamp="2026-07-08T12:49:33.558914+00:00" hostname="agent-env-d1dfed1a-214d-43b3-ad1c-27a56ad52812"><testcase classname="tests.test_iter57_social_calendar" name="test_unauthenticated_401[/api/social/connections-GET]" time="0.225" /><testcase classname="tests.test_iter57_social_calendar" name="test_unauthenticated_401[/api/social/meta/oauth/start-GET]" time="0.108" /><testcase classname="tests.test_iter57_social_calendar" name="test_unauthenticated_401[/api/social/google/oauth/start-GET]" time="0.094" /><testcase classname="tests.test_iter57_social_calendar" name="test_unauthenticated_401[/api/social/publish-POST]" time="0.133" /><testcase classname="tests.test_iter57_social_calendar" name="test_unauthenticated_401[/api/social/google/reviews-GET]" time="0.118" /><testcase classname="tests.test_iter57_social_calendar" name="test_unauthenticated_401[/api/social/google/draft-reply-POST]" time="0.142" /><testcase classname="tests.test_iter57_social_calendar" name="test_unauthenticated_401[/api/mira-studio/calendar-GET]" time="0.134" /><testcase classname="tests.test_iter57_social_calendar" name="test_unauthenticated_401[/api/mira-studio/calendar/plan-POST]" time="0.098" /><testcase classname="tests.test_iter57_social_calendar" name="test_connections_not_configured" time="0.389" /><testcase classname="tests.test_iter57_social_calendar" name="test_meta_oauth_start_not_configured" time="0.057" /><testcase classname="tests.test_iter57_social_calendar" name="test_google_oauth_start_not_configured" time="0.054" /><testcase classname="tests.test_iter57_social_calendar" name="test_meta_callback_bogus_state_redirects" time="0.117" /><testcase classname="tests.test_iter57_social_calendar" name="test_google_callback_bogus_state_redirects" time="0.094" /><testcase classname="tests.test_iter57_social_calendar" name="test_publish_empty_caption_400" time="0.051" /><testcase classname="tests.test_iter57_social_calendar" name="test_publish_not_connected_returns_errors" time="0.078" /><testcase classname="tests.test_iter57_social_calendar" name="test_google_reviews_not_connected" time="0.048" /><testcase classname="tests.test_iter57_social_calendar" name="test_google_draft_reply_llm" time="0.963" /><testcase classname="tests.test_iter57_social_calendar" name="test_calendar_get_sorted" time="0.051" /><testcase classname="tests.test_iter57_social_calendar" name="test_calendar_update_invalid_status_400" time="0.097" /><testcase classname="tests.test_iter57_social_calendar" name="test_calendar_update_wrong_id_404" time="0.048" /><testcase classname="tests.test_iter57_social_calendar" name="test_calendar_approve_and_delete" time="0.194" /><testcase classname="tests.test_iter57_social_calendar" name="test_calendar_publish_guard_400" time="0.099" /><testcase classname="tests.test_iter57_social_calendar" name="test_calendar_publish_wrong_id_404" time="0.050" /><testcase classname="tests.test_iter57_social_calendar" name="test_tenant_isolation_calendar" time="0.445" /><testcase classname="tests.test_iter57_social_calendar" name="test_tenant_isolation_update_cross" time="0.098" /><testcase classname="tests.test_iter57_social_calendar" name="test_replan_preserves_approved" time="10.042" /></testsuite></testsuites>