<?xml version="1.0" encoding="utf-8"?><testsuites name="pytest tests"><testsuite name="pytest" errors="0" failures="0" skipped="0" tests="11" time="12.763" timestamp="2026-09-15T19:11:34.749793+00:00" hostname="agent-env-d1dfed1a-214d-43b3-ad1c-27a56ad52812"><testcase classname="tests.test_iter157_tenant_features.TestSaFeatures" name="test_get_features_shape" time="0.747" /><testcase classname="tests.test_iter157_tenant_features.TestSaFeatures" name="test_toggle_sms_flip_and_audit" time="0.825" /><testcase classname="tests.test_iter157_tenant_features.TestOnboarding" name="test_full_cycle_end_live" time="10.587" /><testcase classname="tests.test_iter157_tenant_features.TestAgreementConsents" name="test_missing_share_consent_rejected" time="0.122" /><testcase classname="tests.test_iter157_tenant_features.TestAgreementConsents" name="test_agreement_includes_onboarding" time="0.087" /><testcase classname="tests.test_iter157_tenant_features.TestGating" name="test_sms_packs_includes_features" time="0.133" /><testcase classname="tests.test_iter157_tenant_features.TestGating" name="test_tenants_current_includes_features" time="0.084" /><testcase classname="tests.test_iter157_tenant_features.TestCampaignFlagFlow" name="test_campaign_on_off_cycle" time="1.888" /><testcase classname="tests.test_iter157_tenant_features.TestOnboarding" name="test_onboarding_list" time="0.090" /><testcase classname="tests.test_iter157_tenant_features.TestHqGuardrails" name="test_guard_403_when_owner_disables" time="0.282" /><testcase classname="tests.test_iter157_tenant_features.TestHqGuardrails" name="test_hq_write_logs_audit_and_notice" time="1.417" /></testsuite></testsuites>