<?xml version="1.0" encoding="utf-8"?><testsuites name="pytest tests"><testsuite name="pytest" errors="0" failures="1" skipped="0" tests="31" time="4.112" timestamp="2026-09-12T12:41:35.933675+00:00" hostname="agent-env-d1dfed1a-214d-43b3-ad1c-27a56ad52812"><testcase classname="tests.test_iter153_refactor_regression" name="test_admin_smoke[/reports/dashboard]" time="0.442" /><testcase classname="tests.test_iter153_refactor_regression" name="test_admin_smoke[/appointments?date=2026-09-12]" time="0.064" /><testcase classname="tests.test_iter153_refactor_regression" name="test_admin_smoke[/services]" time="0.064" /><testcase classname="tests.test_iter153_refactor_regression" name="test_admin_smoke[/customers]" time="0.071" /><testcase classname="tests.test_iter153_refactor_regression" name="test_admin_smoke[/staff]" time="0.062" /><testcase classname="tests.test_iter153_refactor_regression" name="test_admin_smoke[/products]" time="0.061" /><testcase classname="tests.test_iter153_refactor_regression" name="test_admin_smoke[/invoices?limit=5]" time="0.065" /><testcase classname="tests.test_iter153_refactor_regression" name="test_admin_smoke[/settings/tax]" time="0.065" /><testcase classname="tests.test_iter153_refactor_regression" name="test_admin_smoke[/services/banner-schedules]" time="0.062" /><testcase classname="tests.test_iter153_refactor_regression" name="test_admin_smoke[/color-picks]" time="0.064" /><testcase classname="tests.test_iter153_refactor_regression" name="test_admin_smoke[/gift-cards]" time="0.066" /><testcase classname="tests.test_iter153_refactor_regression" name="test_admin_smoke[/billing/subscription-status]" time="0.063" /><testcase classname="tests.test_iter153_refactor_regression" name="test_admin_new_bookings_notifications" time="0.074" /><testcase classname="tests.test_iter153_refactor_regression" name="test_public_plans" time="0.118" /><testcase classname="tests.test_iter153_refactor_regression" name="test_public_salon" time="0.119" /><testcase classname="tests.test_iter153_refactor_regression" name="test_public_color" time="0.163" /><testcase classname="tests.test_iter153_refactor_regression" name="test_public_pay_link_bogus_returns_404" time="0.122" /><testcase classname="tests.test_iter153_refactor_regression" name="test_public_booking_visible_to_admin" time="0.204" /><testcase classname="tests.test_iter153_refactor_regression" name="test_billing_marks_appointment_completed" time="0.129"><failure message="AssertionError: invoice create: 409 {&quot;detail&quot;:&quot;DUPLICATE_BILL — An identical bill for this guest (INV-202609-0251, ₹413) was created 0 minutes ago.&quot;}&#10;assert 409 == 200&#10; +  where 409 = &lt;Response [409]&gt;.status_code">E   AssertionError: invoice create: 409 {"detail":"DUPLICATE_BILL — An identical bill for this guest (INV-202609-0251, ₹413) was created 0 minutes ago."}
    assert 409 == 200
     +  where 409 = &lt;Response [409]&gt;.status_code</failure></testcase><testcase classname="tests.test_iter153_refactor_regression" name="test_staff_customers_projection" time="0.412" /><testcase classname="tests.test_iter153_refactor_regression" name="test_staff_tax" time="0.063" /><testcase classname="tests.test_iter153_refactor_regression" name="test_staff_gift_card_check" time="0.065" /><testcase classname="tests.test_iter153_refactor_regression" name="test_staff_new_bookings" time="0.068" /><testcase classname="tests.test_iter153_refactor_regression" name="test_super_founder_funnel" time="0.411" /><testcase classname="tests.test_iter153_refactor_regression" name="test_super_plans" time="0.065" /><testcase classname="tests.test_iter153_refactor_regression" name="test_super_subscriptions" time="0.069" /><testcase classname="tests.test_iter153_refactor_regression" name="test_super_rewards_agreements" time="0.067" /><testcase classname="tests.test_iter153_refactor_regression" name="test_cash_send_report" time="0.239" /><testcase classname="tests.test_iter153_refactor_regression" name="test_rewards_accept_missing_agree" time="0.065" /><testcase classname="tests.test_iter153_refactor_regression" name="test_rewards_accept_agree_true" time="0.065" /><testcase classname="tests.test_iter153_refactor_regression" name="test_morning_briefing" time="0.075" /></testsuite></testsuites>