<?xml version="1.0" encoding="utf-8"?><testsuites name="pytest tests"><testsuite name="pytest" errors="0" failures="0" skipped="0" tests="3" time="1.068" timestamp="2026-09-01T04:16:01.576809+00:00" hostname="agent-env-d1dfed1a-214d-43b3-ad1c-27a56ad52812"><testcase classname="tests.test_iter121_trial_kind" name="test_sa_login_ok" time="0.490" /><testcase classname="tests.test_iter121_trial_kind" name="test_super_admin_tenants_enrichment" time="0.075" /><testcase classname="tests.test_iter121_trial_kind" name="test_referred_by_name_enrichment" time="0.085" /></testsuite></testsuites>