<?xml version="1.0" encoding="utf-8"?><testsuites name="pytest tests"><testsuite name="pytest" errors="0" failures="0" skipped="1" tests="6" time="1.466" timestamp="2026-09-17T09:40:44.718454+00:00" hostname="agent-env-d1dfed1a-214d-43b3-ad1c-27a56ad52812"><testcase classname="tests.test_iter171_wa_inbox_poster_approve" name="test_inbox_default_7_days" time="0.578" /><testcase classname="tests.test_iter171_wa_inbox_poster_approve" name="test_inbox_days_1" time="0.106" /><testcase classname="tests.test_iter171_wa_inbox_poster_approve" name="test_approve_nonexistent_returns_409" time="0.124" /><testcase classname="tests.test_iter171_wa_inbox_poster_approve" name="test_approve_done_campaign_returns_409" time="0.219" /><testcase classname="tests.test_iter171_wa_inbox_poster_approve" name="test_cancel_nonexistent_returns_409" time="0.073" /><testcase classname="tests.test_iter171_wa_inbox_poster_approve" name="test_poster_paints_with_real_text" time="0.001"><skipped type="pytest.skip" message="Poster covered via UI">/app/backend/tests/test_iter171_wa_inbox_poster_approve.py:94: Poster covered via UI</skipped></testcase></testsuite></testsuites>