<?xml version="1.0" encoding="utf-8"?><testsuites name="pytest tests"><testsuite name="pytest" errors="0" failures="0" skipped="0" tests="17" time="5.236" timestamp="2026-07-10T19:05:22.525034+00:00" hostname="agent-env-d1dfed1a-214d-43b3-ad1c-27a56ad52812"><testcase classname="tests.test_iter62_new_features.TestCCTV" name="test_get_config" time="0.596" /><testcase classname="tests.test_iter62_new_features.TestRenewals" name="test_run_auto_reminders_returns_stats" time="0.644" /><testcase classname="tests.test_iter62_new_features.TestCCTV" name="test_put_config" time="0.152" /><testcase classname="tests.test_iter62_new_features.TestRenewals" name="test_run_auto_reminders_idempotent" time="0.049" /><testcase classname="tests.test_iter62_new_features.TestRenewals" name="test_reminder_log" time="0.053" /><testcase classname="tests.test_iter62_new_features.TestCCTV" name="test_analyze_frame" time="2.666" /><testcase classname="tests.test_iter62_new_features.TestRenewals" name="test_rejects_salon_admin" time="0.543" /><testcase classname="tests.test_iter62_new_features.TestDayOffers" name="test_today" time="0.055" /><testcase classname="tests.test_iter62_new_features.TestDayOffers" name="test_suggest_returns_already_accepted" time="0.053" /><testcase classname="tests.test_iter62_new_features.TestDayOffers" name="test_suggest_another" time="3.054" /><testcase classname="tests.test_iter62_new_features.TestCCTV" name="test_latest" time="0.068" /><testcase classname="tests.test_iter62_new_features.TestCCTV" name="test_requires_auth" time="0.267" /><testcase classname="tests.test_iter62_new_features.TestReferrals" name="test_referrals_listing" time="0.434" /><testcase classname="tests.test_iter62_new_features.TestReferrals" name="test_rejects_salon_admin" time="0.053" /><testcase classname="tests.test_iter62_new_features.TestDayOffers" name="test_requires_auth" time="0.227" /><testcase classname="tests.test_iter62_new_features.TestWhatsNew" name="test_returns_build_date_highlights" time="0.049" /><testcase classname="tests.test_iter62_new_features.TestWhatsNew" name="test_requires_auth" time="0.115" /></testsuite></testsuites>