<?xml version="1.0" encoding="utf-8"?><testsuites name="pytest tests"><testsuite name="pytest" errors="0" failures="0" skipped="0" tests="9" time="3.667" timestamp="2026-09-22T17:06:50.759063+00:00" hostname="agent-env-d1dfed1a-214d-43b3-ad1c-27a56ad52812"><testcase classname="tests.test_iter184_revenue_lock" name="test_manager_dashboard_masked" time="0.926" /><testcase classname="tests.test_iter184_revenue_lock" name="test_manager_staff_perf_requires_pin" time="0.088" /><testcase classname="tests.test_iter184_revenue_lock" name="test_manager_staff_perf_wrong_pin" time="0.308" /><testcase classname="tests.test_iter184_revenue_lock" name="test_manager_staff_perf_correct_pin" time="0.309" /><testcase classname="tests.test_iter184_revenue_lock" name="test_manager_revenue_peek_requires_pin" time="0.093" /><testcase classname="tests.test_iter184_revenue_lock" name="test_manager_revenue_peek_correct_pin" time="0.315" /><testcase classname="tests.test_iter184_revenue_lock" name="test_owner_dashboard_numeric" time="0.501" /><testcase classname="tests.test_iter184_revenue_lock" name="test_owner_staff_perf_no_pin_needed" time="0.091" /><testcase classname="tests.test_iter184_revenue_lock" name="test_toggle_off_then_on" time="0.942" /></testsuite></testsuites>