<?xml version="1.0" encoding="utf-8"?><testsuites name="pytest tests"><testsuite name="pytest" errors="0" failures="0" skipped="0" tests="12" time="4.549" timestamp="2026-07-09T03:08:05.657093+00:00" hostname="agent-env-d1dfed1a-214d-43b3-ad1c-27a56ad52812"><testcase classname="tests.test_iter59_partner_leads" name="test_partner_inquiry_invalid_email_422" time="0.190" /><testcase classname="tests.test_iter59_partner_leads" name="test_partner_inquiry_short_phone_422" time="0.047" /><testcase classname="tests.test_iter59_partner_leads" name="test_send_thankyou_requires_super_admin" time="0.433" /><testcase classname="tests.test_iter59_partner_leads" name="test_send_invite_requires_super_admin" time="0.124" /><testcase classname="tests.test_iter59_partner_leads" name="test_list_inquiries_requires_super_admin" time="0.048" /><testcase classname="tests.test_iter59_partner_leads" name="test_partner_inquiry_valid_ok" time="0.420" /><testcase classname="tests.test_iter59_partner_leads" name="test_inquiry_appears_in_super_admin_list" time="0.049" /><testcase classname="tests.test_iter59_partner_leads" name="test_send_thankyou_sends_and_updates" time="1.623" /><testcase classname="tests.test_iter59_partner_leads" name="test_send_invite_invalid_date_400" time="0.050" /><testcase classname="tests.test_iter59_partner_leads" name="test_send_invite_missing_email_400" time="0.053" /><testcase classname="tests.test_iter59_partner_leads" name="test_send_invite_ok_and_meeting_scheduled" time="0.380" /><testcase classname="tests.test_iter59_partner_leads" name="test_partner_inquiry_rate_limit_429_zzz_last" time="1.039" /></testsuite></testsuites>