<?xml version="1.0" encoding="utf-8"?><testsuites name="pytest tests"><testsuite name="pytest" errors="0" failures="0" skipped="0" tests="21" time="8.723" timestamp="2026-07-16T02:35:38.369875+00:00" hostname="agent-env-d1dfed1a-214d-43b3-ad1c-27a56ad52812"><testcase classname="tests.test_iter78_full_regression.TestOwnerPinGates" name="test_staff_commission_requires_pin" time="1.289" /><testcase classname="tests.test_iter78_full_regression.TestAllRolesLogin" name="test_admin_login" time="0.721" /><testcase classname="tests.test_iter78_full_regression.TestAllRolesLogin" name="test_manager_login" time="0.565" /><testcase classname="tests.test_iter78_full_regression.TestAllRolesLogin" name="test_super_admin_login" time="0.391" /><testcase classname="tests.test_iter78_full_regression.TestOwnerPinGates" name="test_billing_erase_requires_pin" time="1.427" /><testcase classname="tests.test_iter78_full_regression.TestAllRolesLogin" name="test_wrong_password_rejected" time="0.457" /><testcase classname="tests.test_iter78_full_regression.TestAllRolesLogin" name="test_logout_clears_session" time="0.997" /><testcase classname="tests.test_iter78_full_regression.TestOwnerPinGates" name="test_verify_owner_pin_endpoint" time="0.665" /><testcase classname="tests.test_iter78_full_regression.TestPOSInvoiceMath" name="test_invoice_two_line_items_math" time="1.957" /><testcase classname="tests.test_iter78_full_regression.TestGalleryAndMiraStudioSmoke" name="test_gallery_list" time="0.503" /><testcase classname="tests.test_iter78_full_regression.TestGalleryAndMiraStudioSmoke" name="test_mira_studio_agents_list" time="0.694" /><testcase classname="tests.test_iter78_full_regression.TestGalleryAndMiraStudioSmoke" name="test_social_connections_returns_config" time="0.400" /><testcase classname="tests.test_iter78_full_regression.TestPublicBookingRoute" name="test_miracurl_public_salon_by_slug" time="0.104" /><testcase classname="tests.test_iter78_full_regression.TestPublicBookingRoute" name="test_elegance_public_services_by_slug" time="0.123" /><testcase classname="tests.test_iter78_full_regression.TestPOSInvoiceMath" name="test_invoice_pdf_endpoint" time="1.047" /><testcase classname="tests.test_iter78_full_regression.TestSuperAdmin" name="test_super_admin_tenant_list" time="0.566" /><testcase classname="tests.test_iter78_full_regression.TestAdminDashboard" name="test_dashboard_endpoint_stable" time="0.717" /><testcase classname="tests.test_iter78_full_regression.TestTenantIsolation" name="test_elegance_cannot_see_miracurl_data" time="1.273" /><testcase classname="tests.test_iter78_full_regression.TestInventoryLowStock" name="test_low_stock_field_present" time="0.569" /><testcase classname="tests.test_iter78_full_regression.TestForgotPasswordSmoke" name="test_endpoint_accepts_shape" time="0.116" /><testcase classname="tests.test_iter78_full_regression.TestTenantIsolation" name="test_elegance_cannot_access_miracurl_customer_by_id" time="0.844" /></testsuite></testsuites>