<?xml version="1.0" encoding="utf-8"?><testsuites name="pytest tests"><testsuite name="pytest" errors="0" failures="0" skipped="0" tests="6" time="74.627" timestamp="2026-09-04T04:04:38.027270+00:00" hostname="agent-env-d1dfed1a-214d-43b3-ad1c-27a56ad52812"><testcase classname="tests.test_mira_paint_parallel" name="test_batch_generate_missing_images_parallel" time="15.713" /><testcase classname="tests.test_mira_paint_parallel" name="test_single_service_paint_job" time="14.922" /><testcase classname="tests.test_mira_paint_parallel" name="test_generate_all_banners_existing_category" time="12.754" /><testcase classname="tests.test_mira_paint_parallel" name="test_event_loop_not_blocked_during_batch" time="15.438" /><testcase classname="tests.test_mira_paint_parallel" name="test_regression_smoke" time="0.255" /><testcase classname="tests.test_mira_paint_parallel" name="test_concurrent_batch_returns_409" time="15.176" /></testsuite></testsuites>