<?xml version="1.0" encoding="utf-8"?><testsuites name="pytest tests"><testsuite name="pytest" errors="0" failures="0" skipped="0" tests="6" time="2.497" timestamp="2026-07-01T06:14:48.861963+00:00" hostname="agent-env-d1dfed1a-214d-43b3-ad1c-27a56ad52812"><testcase classname="tests.test_daily_report.TestDailyReport" name="test_default_returns_full_schema" time="0.698" /><testcase classname="tests.test_daily_report.TestDailyReport" name="test_explicit_date_valid" time="0.114" /><testcase classname="tests.test_daily_report.TestDailyReport" name="test_explicit_date_invalid_format" time="0.138" /><testcase classname="tests.test_daily_report.TestDailyReport" name="test_empty_past_day_returns_is_empty" time="0.115" /><testcase classname="tests.test_daily_report.TestDailyReport" name="test_tenant_isolation" time="0.768" /><testcase classname="tests.test_daily_report.TestDailyReport" name="test_requires_auth" time="0.105" /></testsuite></testsuites>