<?xml version="1.0" encoding="utf-8"?><testsuites name="pytest tests"><testsuite name="pytest" errors="0" failures="0" skipped="0" tests="11" time="10.038" timestamp="2026-07-06T05:30:47.830309+00:00" hostname="agent-env-d1dfed1a-214d-43b3-ad1c-27a56ad52812"><testcase classname="tests.test_iter48_refactor_regression.TestLeaveRequests" name="test_staff_me_leave_requests" time="0.600" /><testcase classname="tests.test_iter48_refactor_regression.TestStaffFieldStripping" name="test_admin_sees_sensitive_fields" time="0.647" /><testcase classname="tests.test_iter48_refactor_regression.TestLeaveRequests" name="test_admin_all_leave_requests" time="0.552" /><testcase classname="tests.test_iter48_refactor_regression.TestStaffFieldStripping" name="test_staff_role_stripped" time="0.554" /><testcase classname="tests.test_iter48_refactor_regression.TestLeaveRequests" name="test_admin_pending_count" time="0.553" /><testcase classname="tests.test_iter48_refactor_regression.TestMorningBriefing" name="test_morning_briefing_json" time="0.551" /><testcase classname="tests.test_iter48_refactor_regression.TestPOSSmoke" name="test_services_and_products_list" time="6.927" /><testcase classname="tests.test_iter48_refactor_regression.TestMorningBriefing" name="test_morning_briefing_audio_cached" time="7.014" /><testcase classname="tests.test_iter48_refactor_regression.TestPOSSmoke" name="test_invoice_create" time="0.715" /><testcase classname="tests.test_iter48_refactor_regression.TestAppointments" name="test_appointments_list" time="0.515" /><testcase classname="tests.test_iter48_refactor_regression.TestSuperAdmin" name="test_tenants_list" time="0.367" /></testsuite></testsuites>