<?xml version="1.0" encoding="utf-8"?><testsuites name="pytest tests"><testsuite name="pytest" errors="0" failures="0" skipped="0" tests="26" time="4.374" timestamp="2026-07-15T02:36:47.098278+00:00" hostname="agent-env-d1dfed1a-214d-43b3-ad1c-27a56ad52812"><testcase classname="tests.test_refactor_regression.TestPublicSite" name="test_salon" time="0.131" /><testcase classname="tests.test_refactor_regression.TestPublicSite" name="test_services" time="0.226" /><testcase classname="tests.test_refactor_regression.TestAuth" name="test_me" time="0.407" /><testcase classname="tests.test_refactor_regression.TestPublicSite" name="test_staff" time="0.101" /><testcase classname="tests.test_refactor_regression.TestAuth" name="test_bad_password" time="0.346" /><testcase classname="tests.test_refactor_regression.TestPublicSite" name="test_availability" time="0.298" /><testcase classname="tests.test_refactor_regression.TestCustomers" name="test_list_and_export" time="0.338" /><testcase classname="tests.test_refactor_regression.TestServices" name="test_list_export" time="0.451" /><testcase classname="tests.test_refactor_regression.TestCustomers" name="test_create_and_get" time="0.115" /><testcase classname="tests.test_refactor_regression.TestStaff" name="test_list" time="0.062" /><testcase classname="tests.test_refactor_regression.TestServices" name="test_crud" time="0.348" /><testcase classname="tests.test_refactor_regression.TestStaff" name="test_create_toggle_delete" time="0.623" /><testcase classname="tests.test_refactor_regression.TestInventory" name="test_products_crud" time="0.475" /><testcase classname="tests.test_refactor_regression.TestReviews" name="test_owner_list" time="0.060" /><testcase classname="tests.test_refactor_regression.TestReviews" name="test_public_featured" time="0.133" /><testcase classname="tests.test_refactor_regression.TestInventory" name="test_vendors" time="0.166" /><testcase classname="tests.test_refactor_regression.TestStaffPortalReadonly" name="test_endpoints" time="0.174" /><testcase classname="tests.test_refactor_regression.TestOffers" name="test_lists" time="0.255" /><testcase classname="tests.test_refactor_regression.TestPOSReadonly" name="test_lists" time="0.192" /><testcase classname="tests.test_refactor_regression.TestTenantSettings" name="test_paths" time="0.237" /><testcase classname="tests.test_refactor_regression.TestOffers" name="test_coupon_create_delete" time="0.117" /><testcase classname="tests.test_refactor_regression.TestDashboard" name="test_paths" time="0.448" /><testcase classname="tests.test_refactor_regression.TestSuperAdmin" name="test_endpoints" time="0.679" /><testcase classname="tests.test_refactor_regression.TestAssistant" name="test_chat_and_history" time="0.901" /><testcase classname="tests.test_refactor_regression.TestChat" name="test_start_send_and_owner_list" time="0.220" /><testcase classname="tests.test_refactor_regression.TestEmailFooter" name="test_brand_footer_content" time="0.058" /></testsuite></testsuites>