<?xml version="1.0" encoding="utf-8"?><testsuites name="pytest tests"><testsuite name="pytest" errors="0" failures="2" skipped="0" tests="13" time="22.774" timestamp="2026-07-06T08:58:16.716457+00:00" hostname="agent-env-d1dfed1a-214d-43b3-ad1c-27a56ad52812"><testcase classname="tests.test_iter49_auth_cookie_regressions.TestAuthCookieOnly" name="test_login_no_token_in_body" time="0.435" /><testcase classname="tests.test_iter49_auth_cookie_regressions.TestAuthCookieOnly" name="test_me_works_via_cookie_only" time="0.536" /><testcase classname="tests.test_iter49_auth_cookie_regressions.TestMiraBriefings" name="test_morning_briefing_ok" time="0.889" /><testcase classname="tests.test_iter49_auth_cookie_regressions.TestMiraBriefings" name="test_morning_briefing_audio_ok" time="7.532" /><testcase classname="tests.test_iter49_auth_cookie_regressions.TestAuthCookieOnly" name="test_logout_clears_cookies_and_me_401" time="13.938" /><testcase classname="tests.test_iter49_auth_cookie_regressions.TestMiraBriefings" name="test_evening_briefing_audio_en" time="6.482" /><testcase classname="tests.test_iter49_auth_cookie_regressions.TestMiraBriefings" name="test_evening_briefing_audio_hi" time="6.739" /><testcase classname="tests.test_iter49_auth_cookie_regressions.TestSignupSalonCookieOnly" name="test_signup_salon_no_token_in_body" time="0.133"><failure message="AssertionError: {&quot;detail&quot;:[{&quot;type&quot;:&quot;missing&quot;,&quot;loc&quot;:[&quot;body&quot;,&quot;owner_email&quot;],&quot;msg&quot;:&quot;Field required&quot;,&quot;input&quot;:{&quot;salon_name&quot;:&quot;TEST_Salon_0832ede6&quot;,&quot;owner_name&quot;:&quot;Test Owner&quot;,&quot;email&quot;:&quot;test_owner_0832ede6@example.com&quot;,&quot;password&quot;:&quot;Sup3r!Secret_pw&quot;,&quot;phone&quot;:&quot;9998887777&quot;,&quot;city&quot;:&quot;Bangalore&quot;},&quot;url&quot;:&quot;https://errors.pydantic.dev/2.13/v/missing&quot;}]}&#10;assert 422 == 200&#10; +  where 422 = &lt;Response [422]&gt;.status_code">backend/tests/test_iter49_auth_cookie_regressions.py:93: in test_signup_salon_no_token_in_body
    assert r.status_code == 200, r.text
E   AssertionError: {"detail":[{"type":"missing","loc":["body","owner_email"],"msg":"Field required","input":{"salon_name":"TEST_Salon_0832ede6","owner_name":"Test Owner","email":"test_owner_0832ede6@example.com","password":"Sup3r!Secret_pw","phone":"9998887777","city":"Bangalore"},"url":"https://errors.pydantic.dev/2.13/v/missing"}]}
E   assert 422 == 200
E    +  where 422 = &lt;Response [422]&gt;.status_code</failure></testcase><testcase classname="tests.test_iter49_auth_cookie_regressions.TestMonthlyReport" name="test_forbid_salon_admin" time="6.777" /><testcase classname="tests.test_iter49_auth_cookie_regressions.TestRegistrySearch" name="test_registry_employees_search" time="0.217" /><testcase classname="tests.test_iter49_auth_cookie_regressions.TestInvoiceCreate" name="test_invoice_totals" time="0.222" /><testcase classname="tests.test_iter49_auth_cookie_regressions.TestMonthlyReport" name="test_super_admin_specific_tenant" time="0.683" /><testcase classname="tests.test_iter49_auth_cookie_regressions.TestProductsCSVImport" name="test_products_import_route_exists" time="0.045"><failure message="AssertionError: products/import returned 405: {&quot;detail&quot;:&quot;Method Not Allowed&quot;}&#10;assert 405 == 200&#10; +  where 405 = &lt;Response [405]&gt;.status_code">backend/tests/test_iter49_auth_cookie_regressions.py:176: in test_products_import_route_exists
    assert r.status_code == 200, f"products/import returned {r.status_code}: {r.text[:400]}"
E   AssertionError: products/import returned 405: {"detail":"Method Not Allowed"}
E   assert 405 == 200
E    +  where 405 = &lt;Response [405]&gt;.status_code</failure></testcase></testsuite></testsuites>