<?xml version="1.0" encoding="utf-8"?><testsuites name="pytest tests"><testsuite name="pytest" errors="0" failures="0" skipped="0" tests="9" time="4.670" timestamp="2026-09-23T05:57:26.764784+00:00" hostname="agent-env-d1dfed1a-214d-43b3-ad1c-27a56ad52812"><testcase classname="tests.test_iter191_leads_and_features.TestLeadEmailFixer" name="test_list_leads_email_real_flag" time="0.957" /><testcase classname="tests.test_iter191_leads_and_features.TestLeadEmailFixer" name="test_edit_lead_invalid_and_real_email" time="0.375" /><testcase classname="tests.test_iter191_leads_and_features.TestEnforcement" name="test_starter_locks_inventory_receptionist" time="0.804" /><testcase classname="tests.test_iter191_leads_and_features.TestEnforcement" name="test_auto_tier_unlocks" time="0.235" /><testcase classname="tests.test_iter191_leads_and_features.TestEnforcement" name="test_manual_module_locks" time="0.456" /><testcase classname="tests.test_iter191_leads_and_features.TestEnforcement" name="test_invalid_modules_dropped" time="0.237" /><testcase classname="tests.test_iter191_leads_and_features.TestGrandfathering" name="test_inr_tenant_grandfathered" time="0.479" /><testcase classname="tests.test_iter191_leads_and_features.TestGrandfathering" name="test_super_admin_bypass_when_locked" time="0.327" /><testcase classname="tests.test_iter191_leads_and_features.TestPlanFeatureEditor" name="test_update_features_and_highlight" time="0.693" /></testsuite></testsuites>