<?xml version="1.0" encoding="utf-8"?><testsuites name="pytest tests"><testsuite name="pytest" errors="0" failures="0" skipped="0" tests="25" time="3.062" timestamp="2026-09-12T11:08:25.731006+00:00" hostname="agent-env-d1dfed1a-214d-43b3-ad1c-27a56ad52812"><testcase classname="tests.test_iter152_regression" name="test_owner_smoke[/api/auth/me]" time="0.436" /><testcase classname="tests.test_iter152_regression" name="test_owner_smoke[/api/reports/dashboard]" time="0.071" /><testcase classname="tests.test_iter152_regression" name="test_owner_smoke[/api/appointments?upcoming=true]" time="0.069" /><testcase classname="tests.test_iter152_regression" name="test_owner_smoke[/api/staff]" time="0.061" /><testcase classname="tests.test_iter152_regression" name="test_owner_smoke[/api/services]" time="0.064" /><testcase classname="tests.test_iter152_regression" name="test_owner_smoke[/api/customers]" time="0.065" /><testcase classname="tests.test_iter152_regression" name="test_owner_smoke[/api/products]" time="0.060" /><testcase classname="tests.test_iter152_regression" name="test_owner_smoke[/api/invoices]" time="0.088" /><testcase classname="tests.test_iter152_regression" name="test_owner_smoke[/api/whats-new]" time="0.060" /><testcase classname="tests.test_iter152_regression" name="test_whats_new_release" time="0.059" /><testcase classname="tests.test_iter152_regression" name="test_public_color_catalog" time="0.123" /><testcase classname="tests.test_iter152_regression" name="test_public_color_trending" time="0.137" /><testcase classname="tests.test_iter152_regression" name="test_public_color_pick_and_customer_tag" time="0.119" /><testcase classname="tests.test_iter152_regression" name="test_public_color_book" time="0.140" /><testcase classname="tests.test_iter152_regression" name="test_manager_hair_colors" time="0.400" /><testcase classname="tests.test_iter152_regression" name="test_manager_hair_color_guide" time="0.066" /><testcase classname="tests.test_iter152_regression" name="test_manager_color_picks" time="0.062" /><testcase classname="tests.test_iter152_regression" name="test_manager_auto_services_forbidden" time="0.060" /><testcase classname="tests.test_iter152_regression" name="test_owner_color_formula" time="0.066" /><testcase classname="tests.test_iter152_regression" name="test_owner_overtime_list" time="0.062" /><testcase classname="tests.test_iter152_regression" name="test_staff_target_progress" time="0.443" /><testcase classname="tests.test_iter152_regression" name="test_staff_salary_slip" time="0.071" /><testcase classname="tests.test_iter152_regression" name="test_colour_price_reminder" time="0.070" /><testcase classname="tests.test_iter152_regression" name="test_cleanup_appt" time="0.101" /><testcase classname="tests.test_iter152_regression" name="test_print_timings" time="0.002" /></testsuite></testsuites>