<?xml version="1.0" encoding="utf-8"?><testsuites name="pytest tests"><testsuite name="pytest" errors="0" failures="0" skipped="0" tests="12" time="16.909" timestamp="2026-07-08T12:24:02.626789+00:00" hostname="agent-env-d1dfed1a-214d-43b3-ad1c-27a56ad52812"><testcase classname="tests.test_mira_studio" name="test_agents_unauthenticated_returns_401_or_403" time="0.210" /><testcase classname="tests.test_mira_studio" name="test_agents_list" time="0.379" /><testcase classname="tests.test_mira_studio" name="test_orchestrate_email_route" time="0.923" /><testcase classname="tests.test_mira_studio" name="test_orchestrate_empty_message_400" time="0.045" /><testcase classname="tests.test_mira_studio" name="test_generate_content_agent" time="3.356" /><testcase classname="tests.test_mira_studio" name="test_generate_seo_agent" time="2.443" /><testcase classname="tests.test_mira_studio" name="test_generate_sales_agent" time="2.316" /><testcase classname="tests.test_mira_studio" name="test_generate_invalid_agent_400" time="0.087" /><testcase classname="tests.test_mira_studio" name="test_social_generate_no_image" time="3.459" /><testcase classname="tests.test_mira_studio" name="test_analytics" time="3.142" /><testcase classname="tests.test_mira_studio" name="test_leads" time="0.050" /><testcase classname="tests.test_mira_studio" name="test_staff_verification" time="0.088" /></testsuite></testsuites>