<?xml version="1.0" encoding="utf-8"?><testsuites name="pytest tests"><testsuite name="pytest" errors="0" failures="0" skipped="0" tests="8" time="1.494" timestamp="2026-09-21T05:41:29.921518+00:00" hostname="agent-env-d1dfed1a-214d-43b3-ad1c-27a56ad52812"><testcase classname="tests.test_pos_backdated_bills.TestBackdatedInvoiceCreate" name="test_backdate_yesterday_open" time="0.620" /><testcase classname="tests.test_pos_backdated_bills.TestBackdatedInvoiceCreate" name="test_backdate_three_days_ago_rejected" time="0.079" /><testcase classname="tests.test_pos_backdated_bills.TestBackdatedInvoiceCreate" name="test_bill_date_future_rejected" time="0.075" /><testcase classname="tests.test_pos_backdated_bills.TestBackdatedInvoiceCreate" name="test_bill_date_today_is_normal" time="0.115" /><testcase classname="tests.test_pos_backdated_bills.TestBackdatedInvoiceCreate" name="test_bill_date_omitted_normal" time="0.075" /><testcase classname="tests.test_pos_backdated_bills.TestBackdatedInvoiceCreate" name="test_backdate_yesterday_completed_lists_in_get" time="0.158" /><testcase classname="tests.test_pos_backdated_bills.TestCleanup" name="test_delete_open_bills" time="0.214" /><testcase classname="tests.test_pos_backdated_bills.TestCleanup" name="test_delete_completed_bill_rejected" time="0.071" /></testsuite></testsuites>