<?xml version="1.0" encoding="utf-8"?><testsuites name="pytest tests"><testsuite name="pytest" errors="0" failures="0" skipped="0" tests="7" time="2.840" timestamp="2026-06-30T06:02:41.907878+00:00" hostname="agent-env-d1dfed1a-214d-43b3-ad1c-27a56ad52812"><testcase classname="tests.backend_test.TestPublicBooking" name="test_public_salon_no_auth" time="0.233" /><testcase classname="tests.backend_test.TestPublicBooking" name="test_public_services_no_auth" time="0.107" /><testcase classname="tests.backend_test.TestPublicBooking" name="test_public_staff_no_auth" time="0.122" /><testcase classname="tests.backend_test.TestPublicBooking" name="test_public_book_creates_appointment_and_customer" time="0.765" /><testcase classname="tests.backend_test.TestPublicBooking" name="test_public_book_validates_empty_services" time="0.160" /><testcase classname="tests.backend_test.TestPublicBooking" name="test_public_book_with_specific_staff" time="0.321" /><testcase classname="tests.backend_test.TestPublicBooking" name="test_protected_endpoints_still_require_auth" time="0.506" /></testsuite></testsuites>