<?xml version="1.0" encoding="utf-8"?><testsuites name="pytest tests"><testsuite name="pytest" errors="0" failures="0" skipped="0" tests="18" time="3.294" timestamp="2026-06-30T05:43:07.708316+00:00" hostname="agent-env-d1dfed1a-214d-43b3-ad1c-27a56ad52812"><testcase classname="tests.backend_test.TestAuth" name="test_login_success" time="0.629" /><testcase classname="tests.backend_test.TestCustomers" name="test_list_seeded" time="0.628" /><testcase classname="tests.backend_test.TestAuth" name="test_login_wrong_password" time="0.332" /><testcase classname="tests.backend_test.TestCustomers" name="test_crud" time="0.726" /><testcase classname="tests.backend_test.TestAuth" name="test_me_with_bearer" time="0.310" /><testcase classname="tests.backend_test.TestAuth" name="test_me_unauthed" time="0.141" /><testcase classname="tests.backend_test.TestServices" name="test_list_seeded" time="0.053" /><testcase classname="tests.backend_test.TestServices" name="test_crud" time="0.133" /><testcase classname="tests.backend_test.TestStaff" name="test_list_seeded" time="0.083" /><testcase classname="tests.backend_test.TestStaff" name="test_crud" time="0.099" /><testcase classname="tests.backend_test.TestProducts" name="test_list_seeded" time="0.043" /><testcase classname="tests.backend_test.TestProducts" name="test_crud" time="0.128" /><testcase classname="tests.backend_test.TestReports" name="test_dashboard" time="0.053" /><testcase classname="tests.backend_test.TestReports" name="test_sales" time="0.042" /><testcase classname="tests.backend_test.TestInvoices" name="test_create_invoice" time="0.215" /><testcase classname="tests.backend_test.TestHealth" name="test_root" time="0.043" /><testcase classname="tests.backend_test.TestAppointments" name="test_appointment_flow" time="0.786" /><testcase classname="tests.backend_test.TestAuthSecurity" name="test_bcrypt_format_via_register_then_login" time="0.676" /></testsuite></testsuites>