<?xml version="1.0" encoding="utf-8"?><testsuites name="pytest tests"><testsuite name="pytest" errors="0" failures="0" skipped="0" tests="4" time="4.276" timestamp="2026-09-23T08:03:06.161093+00:00" hostname="agent-env-d1dfed1a-214d-43b3-ad1c-27a56ad52812"><testcase classname="tests.test_razorpay_intl" name="test_intl_starter_monthly_full_amount" time="2.375" /><testcase classname="tests.test_razorpay_intl" name="test_intl_pro_annual_two_installments" time="0.968" /><testcase classname="tests.test_razorpay_intl" name="test_inr_half_year_regression_gst_applied" time="0.840" /><testcase classname="tests.test_razorpay_intl" name="test_zzz_cleanup" time="0.008" /></testsuite></testsuites>