<?xml version="1.0" encoding="utf-8"?><testsuites name="pytest tests"><testsuite name="pytest" errors="0" failures="1" skipped="0" tests="12" time="17.182" timestamp="2026-08-26T11:48:07.757735+00:00" hostname="agent-env-d1dfed1a-214d-43b3-ad1c-27a56ad52812"><testcase classname="tests.test_thumbs_branding" name="test_files_original_serves" time="1.067" /><testcase classname="tests.test_thumbs_branding" name="test_files_thumbnail_smaller_webp" time="7.494"><failure message="AssertionError: assert 'immutable' in 'no-store, no-cache, must-revalidate'&#10; +  where 'no-store, no-cache, must-revalidate' = get('cache-control', '')&#10; +    where get = {'Date': 'Wed, 26 Aug 2026 11:48:16 GMT', 'Content-Type': 'image/webp', 'Content-Length': '112', 'Connection': 'keep-alive', 'CF-Ray': 'a3129b13bbe27236-ORD', 'CF-Cache-Status': 'DYNAMIC', 'Access-Control-Allow-Origin': '*', 'Cache-Control': 'no-store, no-cache, must-revalidate', 'Server': 'cloudflare', 'Strict-Transport-Security': 'max-age=31536000; includeSubDomains', 'Via': '1.1 google', 'Access-Control-Allow-Headers': '*', 'Access-Control-Allow-Methods': 'GET, POST, PUT, DELETE, OPTIONS, HEAD, PATCH', 'Access-Control-Max-Age': '300', 'permissions-policy': 'geolocation=(), microphone=(), camera=()', 'referrer-policy': 'strict-origin-when-cross-origin', 'x-content-type-options': 'nosniff', 'x-frame-options': 'DENY', 'X-Robots-Tag': 'noindex, nofollow'}.get&#10; +      where {'Date': 'Wed, 26 Aug 2026 11:48:16 GMT', 'Content-Type': 'image/webp', 'Content-Length': '112', 'Connection': 'keep-alive', 'CF-Ray': 'a3129b13bbe27236-ORD', 'CF-Cache-Status': 'DYNAMIC', 'Access-Control-Allow-Origin': '*', 'Cache-Control': 'no-store, no-cache, must-revalidate', 'Server': 'cloudflare', 'Strict-Transport-Security': 'max-age=31536000; includeSubDomains', 'Via': '1.1 google', 'Access-Control-Allow-Headers': '*', 'Access-Control-Allow-Methods': 'GET, POST, PUT, DELETE, OPTIONS, HEAD, PATCH', 'Access-Control-Max-Age': '300', 'permissions-policy': 'geolocation=(), microphone=(), camera=()', 'referrer-policy': 'strict-origin-when-cross-origin', 'x-content-type-options': 'nosniff', 'x-frame-options': 'DENY', 'X-Robots-Tag': 'noindex, nofollow'} = &lt;Response [200]&gt;.headers">backend/tests/test_thumbs_branding.py:78: in test_files_thumbnail_smaller_webp
    assert "immutable" in r.headers.get("cache-control", "")
E   AssertionError: assert 'immutable' in 'no-store, no-cache, must-revalidate'
E    +  where 'no-store, no-cache, must-revalidate' = get('cache-control', '')
E    +    where get = {'Date': 'Wed, 26 Aug 2026 11:48:16 GMT', 'Content-Type': 'image/webp', 'Content-Length': '112', 'Connection': 'keep-alive', 'CF-Ray': 'a3129b13bbe27236-ORD', 'CF-Cache-Status': 'DYNAMIC', 'Access-Control-Allow-Origin': '*', 'Cache-Control': 'no-store, no-cache, must-revalidate', 'Server': 'cloudflare', 'Strict-Transport-Security': 'max-age=31536000; includeSubDomains', 'Via': '1.1 google', 'Access-Control-Allow-Headers': '*', 'Access-Control-Allow-Methods': 'GET, POST, PUT, DELETE, OPTIONS, HEAD, PATCH', 'Access-Control-Max-Age': '300', 'permissions-policy': 'geolocation=(), microphone=(), camera=()', 'referrer-policy': 'strict-origin-when-cross-origin', 'x-content-type-options': 'nosniff', 'x-frame-options': 'DENY', 'X-Robots-Tag': 'noindex, nofollow'}.get
E    +      where {'Date': 'Wed, 26 Aug 2026 11:48:16 GMT', 'Content-Type': 'image/webp', 'Content-Length': '112', 'Connection': 'keep-alive', 'CF-Ray': 'a3129b13bbe27236-ORD', 'CF-Cache-Status': 'DYNAMIC', 'Access-Control-Allow-Origin': '*', 'Cache-Control': 'no-store, no-cache, must-revalidate', 'Server': 'cloudflare', 'Strict-Transport-Security': 'max-age=31536000; includeSubDomains', 'Via': '1.1 google', 'Access-Control-Allow-Headers': '*', 'Access-Control-Allow-Methods': 'GET, POST, PUT, DELETE, OPTIONS, HEAD, PATCH', 'Access-Control-Max-Age': '300', 'permissions-policy': 'geolocation=(), microphone=(), camera=()', 'referrer-policy': 'strict-origin-when-cross-origin', 'x-content-type-options': 'nosniff', 'x-frame-options': 'DENY', 'X-Robots-Tag': 'noindex, nofollow'} = &lt;Response [200]&gt;.headers</failure></testcase><testcase classname="tests.test_thumbs_branding" name="test_files_invalid_returns_404" time="0.060" /><testcase classname="tests.test_thumbs_branding" name="test_img_proxy_non_allowlisted_400" time="0.135" /><testcase classname="tests.test_thumbs_branding" name="test_img_proxy_http_scheme_blocked" time="0.102" /><testcase classname="tests.test_thumbs_branding" name="test_img_proxy_allowlisted_host_accepted_or_fetch_error" time="7.664" /><testcase classname="tests.test_thumbs_branding" name="test_branding_valid_logo_shape_square" time="0.123" /><testcase classname="tests.test_thumbs_branding" name="test_branding_valid_logo_shape_circle" time="0.111" /><testcase classname="tests.test_thumbs_branding" name="test_branding_invalid_logo_shape_422" time="0.052" /><testcase classname="tests.test_thumbs_branding" name="test_branding_header_bg_too_long_422" time="0.053" /><testcase classname="tests.test_thumbs_branding" name="test_branding_restore_defaults" time="0.063" /><testcase classname="tests.test_thumbs_branding" name="test_public_salon_returns_new_fields" time="0.148" /></testsuite></testsuites>